0 verbose cli C:\Program Files\nodejs\node.exe C:\Program Files\nodejs\node_modules\npm\bin\npm-cli.js
1 info using npm@10.8.2
2 info using node@v20.17.0
3 silly config load:file:C:\Program Files\nodejs\node_modules\npm\npmrc
4 silly config load:file:C:\proj\RoomLink\backend\node_modules\unrs-resolver\npm-install\.npmrc
5 silly config load:file:C:\Users\kimdk\.npmrc
6 silly config load:file:C:\Users\kimdk\AppData\Roaming\npm\etc\npmrc
7 verbose title npm install @unrs/resolver-binding-win32-x64-msvc@1.11.1
8 verbose argv "install" "--loglevel" "error" "--prefer-offline" "--no-audit" "--progress" "false" "@unrs/resolver-binding-win32-x64-msvc@1.11.1"
9 verbose logfile logs-max:10 dir:C:\proj\RoomLink\.npm-cache\_logs\2025-08-21T05_26_01_375Z-
10 verbose logfile C:\proj\RoomLink\.npm-cache\_logs\2025-08-21T05_26_01_375Z-debug-0.log
11 silly packumentCache heap:4345298944 maxSize:1086324736 maxEntrySize:543162368
12 silly logfile done cleaning log files
13 silly idealTree buildDeps
14 silly fetch manifest @unrs/resolver-binding-win32-x64-msvc@1.11.1
15 silly packumentCache full:https://registry.npmjs.org/@unrs%2fresolver-binding-win32-x64-msvc cache-miss
16 http fetch GET 200 https://registry.npmjs.org/@unrs%2fresolver-binding-win32-x64-msvc 16ms (cache hit)
17 silly packumentCache full:https://registry.npmjs.org/@unrs%2fresolver-binding-win32-x64-msvc set size:58760 disposed:false
18 silly placeDep ROOT @unrs/resolver-binding-win32-x64-msvc@1.11.1 OK for:  want: 1.11.1
19 silly reify moves {}
20 silly tarball no local data for @unrs/resolver-binding-win32-x64-msvc@https://registry.npmjs.org/@unrs/resolver-binding-win32-x64-msvc/-/resolver-binding-win32-x64-msvc-1.11.1.tgz. Extracting by manifest.
21 http fetch GET 200 https://registry.npmjs.org/@unrs/resolver-binding-win32-x64-msvc/-/resolver-binding-win32-x64-msvc-1.11.1.tgz 229ms (cache miss)
22 silly ADD node_modules/@unrs/resolver-binding-win32-x64-msvc
23 verbose cwd C:\proj\RoomLink\backend\node_modules\unrs-resolver\npm-install
24 verbose os Windows_NT 10.0.26100
25 verbose node v20.17.0
26 verbose npm  v10.8.2
27 verbose exit 0
28 info ok
