0 verbose cli C:\Program Files\nodejs\node.exe C:\Program Files\nodejs\node_modules\npm\bin\npm-cli.js
1 info using npm@10.8.2
2 info using node@v20.17.0
3 silly config load:file:C:\Program Files\nodejs\node_modules\npm\npmrc
4 silly config load:file:C:\proj\RoomLink\backend\.npmrc
5 silly config load:file:C:\Users\kimdk\.npmrc
6 silly config load:file:C:\Users\kimdk\AppData\Roaming\npm\etc\npmrc
7 verbose title npm install @nestjs/jwt
8 verbose argv "install" "@nestjs/jwt"
9 verbose logfile logs-max:10 dir:C:\proj\RoomLink\.npm-cache\_logs\2025-11-09T20_15_18_918Z-
10 verbose logfile C:\proj\RoomLink\.npm-cache\_logs\2025-11-09T20_15_18_918Z-debug-0.log
11 silly packumentCache heap:4345298944 maxSize:1086324736 maxEntrySize:543162368
12 silly logfile start cleaning logs, removing 1 files
13 silly logfile done cleaning log files
14 silly idealTree buildDeps
15 silly fetch manifest @nestjs/jwt@*
16 silly packumentCache full:https://registry.npmjs.org/@nestjs%2fjwt cache-miss
17 verbose shrinkwrap failed to load node_modules/.package-lock.json out of date, updated: node_modules/@emnapi/core
18 http fetch GET 200 https://registry.npmjs.org/@nestjs%2fjwt 1603ms (cache miss)
19 silly packumentCache full:https://registry.npmjs.org/@nestjs%2fjwt set size:undefined disposed:false
20 silly fetch manifest @nestjs/common@^11.0.1
21 silly packumentCache full:https://registry.npmjs.org/@nestjs%2fcommon cache-miss
22 http fetch GET 200 https://registry.npmjs.org/@nestjs%2fcommon 859ms (cache updated)
23 silly packumentCache full:https://registry.npmjs.org/@nestjs%2fcommon set size:undefined disposed:false
24 silly fetch manifest class-transformer@>=0.4.1
25 silly packumentCache full:https://registry.npmjs.org/class-transformer cache-miss
26 http fetch GET 200 https://registry.npmjs.org/class-transformer 139ms (cache revalidated)
27 silly packumentCache full:https://registry.npmjs.org/class-transformer set size:106571 disposed:false
28 silly fetch manifest class-validator@>=0.13.2
29 silly packumentCache full:https://registry.npmjs.org/class-validator cache-miss
30 http fetch GET 200 https://registry.npmjs.org/class-validator 85ms (cache revalidated)
31 silly packumentCache full:https://registry.npmjs.org/class-validator set size:216547 disposed:false
32 silly fetch manifest reflect-metadata@^0.2.2
33 silly packumentCache full:https://registry.npmjs.org/reflect-metadata cache-miss
34 http fetch GET 200 https://registry.npmjs.org/reflect-metadata 81ms (cache revalidated)
35 silly packumentCache full:https://registry.npmjs.org/reflect-metadata set size:61305 disposed:false
36 silly fetch manifest rxjs@^7.8.1
37 silly packumentCache full:https://registry.npmjs.org/rxjs cache-miss
38 http fetch GET 200 https://registry.npmjs.org/rxjs 84ms (cache revalidated)
39 silly packumentCache full:https://registry.npmjs.org/rxjs set size:980097 disposed:false
40 silly placeDep ROOT @nestjs/jwt@11.0.1 OK for: backend@0.0.1 want: *
41 silly reify mark retired [ 'C:\\proj\\RoomLink\\backend\\node_modules\\@emnapi\\runtime' ]
42 silly reify mark retired [ 'C:\\proj\\RoomLink\\backend\\node_modules\\@emnapi\\core' ]
43 silly reify mark retired [ 'C:\\proj\\RoomLink\\backend\\node_modules\\@emnapi\\wasi-threads' ]
44 silly reify mark retired [ 'C:\\proj\\RoomLink\\backend\\node_modules\\@napi-rs\\wasm-runtime' ]
45 silly reify mark retired [ 'C:\\proj\\RoomLink\\backend\\node_modules\\@tybys\\wasm-util' ]
46 silly reify moves {
46 silly reify   'C:\\proj\\RoomLink\\backend\\node_modules\\@emnapi\\runtime': 'C:\\proj\\RoomLink\\backend\\node_modules\\@emnapi\\.runtime-PhMywQ7b',
46 silly reify   'C:\\proj\\RoomLink\\backend\\node_modules\\@emnapi\\core': 'C:\\proj\\RoomLink\\backend\\node_modules\\@emnapi\\.core-u5WBQdKm',
46 silly reify   'C:\\proj\\RoomLink\\backend\\node_modules\\@emnapi\\wasi-threads': 'C:\\proj\\RoomLink\\backend\\node_modules\\@emnapi\\.wasi-threads-Lmw7Ouu1',
46 silly reify   'C:\\proj\\RoomLink\\backend\\node_modules\\@napi-rs\\wasm-runtime': 'C:\\proj\\RoomLink\\backend\\node_modules\\@napi-rs\\.wasm-runtime-S8cdwjKN',
46 silly reify   'C:\\proj\\RoomLink\\backend\\node_modules\\@tybys\\wasm-util': 'C:\\proj\\RoomLink\\backend\\node_modules\\@tybys\\.wasm-util-NF99xhgV'
46 silly reify }
47 silly audit bulk request {
47 silly audit   '@ampproject/remapping': [ '2.3.0' ],
47 silly audit   '@angular-devkit/core': [ '19.2.15' ],
47 silly audit   ajv: [ '8.17.1', '6.12.6' ],
47 silly audit   'json-schema-traverse': [ '1.0.0', '0.4.1' ],
47 silly audit   rxjs: [ '7.8.1', '7.8.2' ],
47 silly audit   '@angular-devkit/schematics': [ '19.2.15' ],
47 silly audit   '@angular-devkit/schematics-cli': [ '19.2.15' ],
47 silly audit   '@inquirer/prompts': [ '7.3.2', '7.8.0' ],
47 silly audit   '@babel/code-frame': [ '7.27.1' ],
47 silly audit   '@babel/compat-data': [ '7.28.0' ],
47 silly audit   '@babel/core': [ '7.28.3' ],
47 silly audit   semver: [ '6.3.1', '7.7.2' ],
47 silly audit   '@babel/generator': [ '7.28.3' ],
47 silly audit   '@babel/helper-compilation-targets': [ '7.27.2' ],
47 silly audit   '@babel/helper-globals': [ '7.28.0' ],
47 silly audit   '@babel/helper-module-imports': [ '7.27.1' ],
47 silly audit   '@babel/helper-module-transforms': [ '7.28.3' ],
47 silly audit   '@babel/helper-plugin-utils': [ '7.27.1' ],
47 silly audit   '@babel/helper-string-parser': [ '7.27.1' ],
47 silly audit   '@babel/helper-validator-identifier': [ '7.27.1' ],
47 silly audit   '@babel/helper-validator-option': [ '7.27.1' ],
47 silly audit   '@babel/helpers': [ '7.28.3' ],
47 silly audit   '@babel/parser': [ '7.28.3' ],
47 silly audit   '@babel/plugin-syntax-async-generators': [ '7.8.4' ],
47 silly audit   '@babel/plugin-syntax-bigint': [ '7.8.3' ],
47 silly audit   '@babel/plugin-syntax-class-properties': [ '7.12.13' ],
47 silly audit   '@babel/plugin-syntax-class-static-block': [ '7.14.5' ],
47 silly audit   '@babel/plugin-syntax-import-attributes': [ '7.27.1' ],
47 silly audit   '@babel/plugin-syntax-import-meta': [ '7.10.4' ],
47 silly audit   '@babel/plugin-syntax-json-strings': [ '7.8.3' ],
47 silly audit   '@babel/plugin-syntax-jsx': [ '7.27.1' ],
47 silly audit   '@babel/plugin-syntax-logical-assignment-operators': [ '7.10.4' ],
47 silly audit   '@babel/plugin-syntax-nullish-coalescing-operator': [ '7.8.3' ],
47 silly audit   '@babel/plugin-syntax-numeric-separator': [ '7.10.4' ],
47 silly audit   '@babel/plugin-syntax-object-rest-spread': [ '7.8.3' ],
47 silly audit   '@babel/plugin-syntax-optional-catch-binding': [ '7.8.3' ],
47 silly audit   '@babel/plugin-syntax-optional-chaining': [ '7.8.3' ],
47 silly audit   '@babel/plugin-syntax-private-property-in-object': [ '7.14.5' ],
47 silly audit   '@babel/plugin-syntax-top-level-await': [ '7.14.5' ],
47 silly audit   '@babel/plugin-syntax-typescript': [ '7.27.1' ],
47 silly audit   '@babel/template': [ '7.27.2' ],
47 silly audit   '@babel/traverse': [ '7.28.3' ],
47 silly audit   '@babel/types': [ '7.28.2' ],
47 silly audit   '@bcoe/v8-coverage': [ '0.2.3' ],
47 silly audit   '@borewit/text-codec': [ '0.1.1' ],
47 silly audit   '@colors/colors': [ '1.5.0' ],
47 silly audit   '@cspotcode/source-map-support': [ '0.8.1' ],
47 silly audit   '@jridgewell/trace-mapping': [ '0.3.9', '0.3.30' ],
47 silly audit   '@emnapi/core': [ '1.4.5' ],
47 silly audit   '@emnapi/runtime': [ '1.4.5' ],
47 silly audit   '@emnapi/wasi-threads': [ '1.0.4' ],
47 silly audit   '@eslint-community/eslint-utils': [ '4.7.0' ],
47 silly audit   'eslint-visitor-keys': [ '3.4.3', '4.2.1' ],
47 silly audit   '@eslint-community/regexpp': [ '4.12.1' ],
47 silly audit   '@eslint/config-array': [ '0.21.0' ],
47 silly audit   '@eslint/config-helpers': [ '0.3.1' ],
47 silly audit   '@eslint/core': [ '0.15.2' ],
47 silly audit   '@eslint/eslintrc': [ '3.3.1' ],
47 silly audit   globals: [ '14.0.0', '16.3.0' ],
47 silly audit   '@eslint/js': [ '9.33.0' ],
47 silly audit   '@eslint/object-schema': [ '2.1.6' ],
47 silly audit   '@eslint/plugin-kit': [ '0.3.5' ],
47 silly audit   '@fastify/busboy': [ '3.2.0' ],
47 silly audit   '@firebase/app-check-interop-types': [ '0.3.3' ],
47 silly audit   '@firebase/app-types': [ '0.9.3' ],
47 silly audit   '@firebase/auth-interop-types': [ '0.2.4' ],
47 silly audit   '@firebase/component': [ '0.7.0' ],
47 silly audit   '@firebase/database': [ '1.1.0' ],
47 silly audit   '@firebase/database-compat': [ '2.1.0' ],
47 silly audit   '@firebase/database-types': [ '1.0.16' ],
47 silly audit   '@firebase/logger': [ '0.5.0' ],
47 silly audit   '@firebase/util': [ '1.13.0' ],
47 silly audit   '@google-cloud/firestore': [ '7.11.6' ],
47 silly audit   '@google-cloud/paginator': [ '5.0.2' ],
47 silly audit   '@google-cloud/projectify': [ '4.0.0' ],
47 silly audit   '@google-cloud/promisify': [ '4.0.0' ],
47 silly audit   '@google-cloud/storage': [ '7.17.3' ],
47 silly audit   mime: [ '3.0.0', '2.6.0' ],
47 silly audit   uuid: [ '8.3.2', '9.0.1', '11.1.0' ],
47 silly audit   '@grpc/grpc-js': [ '1.14.1' ],
47 silly audit   '@grpc/proto-loader': [ '0.8.0', '0.7.15' ],
47 silly audit   '@humanfs/core': [ '0.19.1' ],
47 silly audit   '@humanfs/node': [ '0.16.6' ],
47 silly audit   '@humanwhocodes/retry': [ '0.3.1', '0.4.3' ],
47 silly audit   '@humanwhocodes/module-importer': [ '1.0.1' ],
47 silly audit   '@inquirer/checkbox': [ '4.2.1' ],
47 silly audit   '@inquirer/confirm': [ '5.1.15' ],
47 silly audit   '@inquirer/core': [ '10.1.15' ],
47 silly audit   '@inquirer/editor': [ '4.2.17' ],
47 silly audit   '@inquirer/expand': [ '4.0.17' ],
47 silly audit   '@inquirer/external-editor': [ '1.0.1' ],
47 silly audit   '@inquirer/figures': [ '1.0.13' ],
47 silly audit   '@inquirer/input': [ '4.2.1' ],
47 silly audit   '@inquirer/number': [ '3.0.17' ],
47 silly audit   '@inquirer/password': [ '4.0.17' ],
47 silly audit   '@inquirer/rawlist': [ '4.1.5' ],
47 silly audit   '@inquirer/search': [ '3.1.0' ],
47 silly audit   '@inquirer/select': [ '4.3.1' ],
47 silly audit   '@inquirer/type': [ '3.0.8' ],
47 silly audit   '@isaacs/balanced-match': [ '4.0.1' ],
47 silly audit   '@isaacs/brace-expansion': [ '5.0.0' ],
47 silly audit   '@isaacs/cliui': [ '8.0.2' ],
47 silly audit   'ansi-styles': [ '6.2.1', '4.3.0', '5.2.0' ],
47 silly audit   'emoji-regex': [ '9.2.2', '8.0.0' ],
47 silly audit   'string-width': [ '5.1.2', '4.2.3' ],
47 silly audit   'wrap-ansi': [ '8.1.0', '7.0.0', '6.2.0' ],
47 silly audit   '@istanbuljs/load-nyc-config': [ '1.1.0' ],
47 silly audit   argparse: [ '1.0.10', '2.0.1' ],
47 silly audit   'find-up': [ '4.1.0', '5.0.0' ],
47 silly audit   'js-yaml': [ '3.14.1', '4.1.0' ],
47 silly audit   'locate-path': [ '5.0.0', '6.0.0' ],
47 silly audit   'p-limit': [ '2.3.0', '3.1.0' ],
47 silly audit   'p-locate': [ '4.1.0', '5.0.0' ],
47 silly audit   'resolve-from': [ '5.0.0', '4.0.0' ],
47 silly audit   '@istanbuljs/schema': [ '0.1.3' ],
47 silly audit   '@jest/console': [ '30.0.5' ],
47 silly audit   '@jest/core': [ '30.0.5' ],
47 silly audit   '@jest/diff-sequences': [ '30.0.1' ],
47 silly audit   '@jest/environment': [ '30.0.5' ],
47 silly audit   '@jest/expect': [ '30.0.5' ],
47 silly audit   '@jest/expect-utils': [ '30.0.5' ],
47 silly audit   '@jest/fake-timers': [ '30.0.5' ],
47 silly audit   '@jest/get-type': [ '30.0.1' ],
47 silly audit   '@jest/globals': [ '30.0.5' ],
47 silly audit   '@jest/pattern': [ '30.0.1' ],
47 silly audit   '@jest/reporters': [ '30.0.5' ],
47 silly audit   'brace-expansion': [ '2.0.2', '1.1.12' ],
47 silly audit   glob: [ '10.4.5', '11.0.3', '7.2.3' ],
47 silly audit   jackspeak: [ '3.4.3', '4.1.1' ],
47 silly audit   'lru-cache': [ '10.4.3', '5.1.1', '6.0.0', '11.1.0' ],
47 silly audit   minimatch: [ '9.0.5', '10.0.3', '3.1.2' ],
47 silly audit   'path-scurry': [ '1.11.1', '2.0.0' ],
47 silly audit   '@jest/schemas': [ '30.0.5' ],
47 silly audit   '@jest/snapshot-utils': [ '30.0.5' ],
47 silly audit   '@jest/source-map': [ '30.0.1' ],
47 silly audit   '@jest/test-result': [ '30.0.5' ],
47 silly audit   '@jest/test-sequencer': [ '30.0.5' ],
47 silly audit   '@jest/transform': [ '30.0.5' ],
47 silly audit   '@jest/types': [ '30.0.5' ],
47 silly audit   '@jridgewell/gen-mapping': [ '0.3.13' ],
47 silly audit   '@jridgewell/resolve-uri': [ '3.1.2' ],
47 silly audit   '@jridgewell/source-map': [ '0.3.11' ],
47 silly audit   '@jridgewell/sourcemap-codec': [ '1.5.5' ],
47 silly audit   '@js-sdsl/ordered-map': [ '4.4.2' ],
47 silly audit   '@lukeed/csprng': [ '1.1.0' ],
47 silly audit   '@napi-rs/wasm-runtime': [ '0.2.12' ],
47 silly audit   '@nestjs/cli': [ '11.0.10' ],
47 silly audit   'ajv-formats': [ '2.1.1', '3.0.1' ],
47 silly audit   'ajv-keywords': [ '5.1.0', '3.5.2' ],
47 silly audit   'eslint-scope': [ '5.1.1', '8.4.0' ],
47 silly audit   estraverse: [ '4.3.0', '5.3.0' ],
47 silly audit   'mime-db': [ '1.52.0', '1.54.0' ],
47 silly audit   'mime-types': [ '2.1.35', '3.0.1' ],
47 silly audit   'schema-utils': [ '4.3.2', '3.3.0' ],
47 silly audit   typescript: [ '5.8.3', '5.9.2' ],
47 silly audit   webpack: [ '5.100.2', '5.101.3' ],
47 silly audit   '@nestjs/common': [ '11.1.6' ],
47 silly audit   '@nestjs/config': [ '4.0.2' ],
47 silly audit   dotenv: [ '16.4.7', '16.6.1' ],
47 silly audit   '@nestjs/core': [ '11.1.6' ],
47 silly audit   '@nestjs/passport': [ '11.0.5' ],
47 silly audit   '@nestjs/platform-express': [ '11.1.6' ],
47 silly audit   '@nestjs/schedule': [ '6.0.1' ],
47 silly audit   '@nestjs/schematics': [ '11.0.7' ],
47 silly audit   '@nestjs/testing': [ '11.1.6' ],
47 silly audit   '@nestjs/typeorm': [ '11.0.0' ],
47 silly audit   '@noble/hashes': [ '1.8.0' ],
47 silly audit   '@nodelib/fs.scandir': [ '2.1.5' ],
47 silly audit   '@nodelib/fs.stat': [ '2.0.5' ],
47 silly audit   '@nodelib/fs.walk': [ '1.2.8' ],
47 silly audit   '@nuxt/opencollective': [ '0.4.1' ],
47 silly audit   '@opentelemetry/api': [ '1.9.0' ],
47 silly audit   '@paralleldrive/cuid2': [ '2.2.2' ],
47 silly audit   '@pkgjs/parseargs': [ '0.11.0' ],
47 silly audit   '@pkgr/core': [ '0.2.9' ],
47 silly audit   '@protobufjs/aspromise': [ '1.1.2' ],
47 silly audit   '@protobufjs/base64': [ '1.1.2' ],
47 silly audit   '@protobufjs/codegen': [ '2.0.4' ],
47 silly audit   '@protobufjs/eventemitter': [ '1.1.0' ],
47 silly audit   '@protobufjs/fetch': [ '1.1.0' ],
47 silly audit   '@protobufjs/float': [ '1.0.2' ],
47 silly audit   '@protobufjs/inquire': [ '1.1.0' ],
47 silly audit   '@protobufjs/path': [ '1.1.2' ],
47 silly audit   '@protobufjs/pool': [ '1.1.0' ],
47 silly audit   '@protobufjs/utf8': [ '1.1.0' ],
47 silly audit   '@sinclair/typebox': [ '0.34.40' ],
47 silly audit   '@sinonjs/commons': [ '3.0.1' ],
47 silly audit   '@sinonjs/fake-timers': [ '13.0.5' ],
47 silly audit   '@sqltools/formatter': [ '1.2.5' ],
47 silly audit   '@tokenizer/inflate': [ '0.2.7' ],
47 silly audit   '@tokenizer/token': [ '0.3.0' ],
47 silly audit   '@tootallnate/once': [ '2.0.0' ],
47 silly audit   '@tsconfig/node10': [ '1.0.11' ],
47 silly audit   '@tsconfig/node12': [ '1.0.11' ],
47 silly audit   '@tsconfig/node14': [ '1.0.3' ],
47 silly audit   '@tsconfig/node16': [ '1.0.4' ],
47 silly audit   '@tybys/wasm-util': [ '0.10.0' ],
47 silly audit   '@types/babel__core': [ '7.20.5' ],
47 silly audit   '@types/babel__generator': [ '7.27.0' ],
47 silly audit   '@types/babel__template': [ '7.4.4' ],
47 silly audit   '@types/babel__traverse': [ '7.28.0' ],
47 silly audit   '@types/bcrypt': [ '6.0.0' ],
47 silly audit   '@types/body-parser': [ '1.19.6' ],
47 silly audit   '@types/caseless': [ '0.12.5' ],
47 silly audit   '@types/connect': [ '3.4.38' ],
47 silly audit   '@types/cookiejar': [ '2.1.5' ],
47 silly audit   '@types/cron': [ '2.0.1' ],
47 silly audit   '@types/eslint': [ '9.6.1' ],
47 silly audit   '@types/eslint-scope': [ '3.7.7' ],
47 silly audit   '@types/estree': [ '1.0.8' ],
47 silly audit   '@types/express': [ '5.0.3', '4.17.25' ],
47 silly audit   '@types/express-serve-static-core': [ '5.0.7', '4.19.7' ],
47 silly audit   '@types/http-errors': [ '2.0.5' ],
47 silly audit   '@types/istanbul-lib-coverage': [ '2.0.6' ],
47 silly audit   '@types/istanbul-lib-report': [ '3.0.3' ],
47 silly audit   '@types/istanbul-reports': [ '3.0.4' ],
47 silly audit   '@types/jest': [ '30.0.0' ],
47 silly audit   '@types/json-schema': [ '7.0.15' ],
47 silly audit   '@types/jsonwebtoken': [ '9.0.10' ],
47 silly audit   '@types/long': [ '4.0.2' ],
47 silly audit   '@types/luxon': [ '3.7.1' ],
47 silly audit   '@types/methods': [ '1.1.4' ],
47 silly audit   '@types/mime': [ '1.3.5' ],
47 silly audit   '@types/ms': [ '2.1.0' ],
47 silly audit   '@types/node': [ '22.17.2' ],
47 silly audit   '@types/qs': [ '6.14.0' ],
47 silly audit   '@types/range-parser': [ '1.2.7' ],
47 silly audit   '@types/request': [ '2.48.13' ],
47 silly audit   'form-data': [ '2.5.5', '4.0.4' ],
47 silly audit   '@types/send': [ '0.17.5' ],
47 silly audit   '@types/serve-static': [ '1.15.8' ],
47 silly audit   '@types/stack-utils': [ '2.0.3' ],
47 silly audit   '@types/superagent': [ '8.1.9' ],
47 silly audit   '@types/supertest': [ '6.0.3' ],
47 silly audit   '@types/tough-cookie': [ '4.0.5' ],
47 silly audit   '@types/yargs': [ '17.0.33' ],
47 silly audit   '@types/yargs-parser': [ '21.0.3' ],
47 silly audit   '@typescript-eslint/eslint-plugin': [ '8.40.0' ],
47 silly audit   ignore: [ '7.0.5', '5.3.2' ],
47 silly audit   '@typescript-eslint/parser': [ '8.40.0' ],
47 silly audit   '@typescript-eslint/project-service': [ '8.40.0' ],
47 silly audit   '@typescript-eslint/scope-manager': [ '8.40.0' ],
47 silly audit   '@typescript-eslint/tsconfig-utils': [ '8.40.0' ],
47 silly audit   '@typescript-eslint/type-utils': [ '8.40.0' ],
47 silly audit   '@typescript-eslint/types': [ '8.40.0' ],
47 silly audit   '@typescript-eslint/typescript-estree': [ '8.40.0' ],
47 silly audit   '@typescript-eslint/utils': [ '8.40.0' ],
47 silly audit   '@typescript-eslint/visitor-keys': [ '8.40.0' ],
47 silly audit   '@ungap/structured-clone': [ '1.3.0' ],
47 silly audit   '@unrs/resolver-binding-android-arm-eabi': [ '1.11.1' ],
47 silly audit   '@unrs/resolver-binding-android-arm64': [ '1.11.1' ],
47 silly audit   '@unrs/resolver-binding-darwin-arm64': [ '1.11.1' ],
47 silly audit   '@unrs/resolver-binding-darwin-x64': [ '1.11.1' ],
47 silly audit   '@unrs/resolver-binding-freebsd-x64': [ '1.11.1' ],
47 silly audit   '@unrs/resolver-binding-linux-arm-gnueabihf': [ '1.11.1' ],
47 silly audit   '@unrs/resolver-binding-linux-arm-musleabihf': [ '1.11.1' ],
47 silly audit   '@unrs/resolver-binding-linux-arm64-gnu': [ '1.11.1' ],
47 silly audit   '@unrs/resolver-binding-linux-arm64-musl': [ '1.11.1' ],
47 silly audit   '@unrs/resolver-binding-linux-ppc64-gnu': [ '1.11.1' ],
47 silly audit   '@unrs/resolver-binding-linux-riscv64-gnu': [ '1.11.1' ],
47 silly audit   '@unrs/resolver-binding-linux-riscv64-musl': [ '1.11.1' ],
47 silly audit   '@unrs/resolver-binding-linux-s390x-gnu': [ '1.11.1' ],
47 silly audit   '@unrs/resolver-binding-linux-x64-gnu': [ '1.11.1' ],
47 silly audit   '@unrs/resolver-binding-linux-x64-musl': [ '1.11.1' ],
47 silly audit   '@unrs/resolver-binding-wasm32-wasi': [ '1.11.1' ],
47 silly audit   '@unrs/resolver-binding-win32-arm64-msvc': [ '1.11.1' ],
47 silly audit   '@unrs/resolver-binding-win32-ia32-msvc': [ '1.11.1' ],
47 silly audit   '@unrs/resolver-binding-win32-x64-msvc': [ '1.11.1' ],
47 silly audit   '@webassemblyjs/ast': [ '1.14.1' ],
47 silly audit   '@webassemblyjs/floating-point-hex-parser': [ '1.13.2' ],
47 silly audit   '@webassemblyjs/helper-api-error': [ '1.13.2' ],
47 silly audit   '@webassemblyjs/helper-buffer': [ '1.14.1' ],
47 silly audit   '@webassemblyjs/helper-numbers': [ '1.13.2' ],
47 silly audit   '@webassemblyjs/helper-wasm-bytecode': [ '1.13.2' ],
47 silly audit   '@webassemblyjs/helper-wasm-section': [ '1.14.1' ],
47 silly audit   '@webassemblyjs/ieee754': [ '1.13.2' ],
47 silly audit   '@webassemblyjs/leb128': [ '1.13.2' ],
47 silly audit   '@webassemblyjs/utf8': [ '1.13.2' ],
47 silly audit   '@webassemblyjs/wasm-edit': [ '1.14.1' ],
47 silly audit   '@webassemblyjs/wasm-gen': [ '1.14.1' ],
47 silly audit   '@webassemblyjs/wasm-opt': [ '1.14.1' ],
47 silly audit   '@webassemblyjs/wasm-parser': [ '1.14.1' ],
47 silly audit   '@webassemblyjs/wast-printer': [ '1.14.1' ],
47 silly audit   '@xtuc/ieee754': [ '1.2.0' ],
47 silly audit   '@xtuc/long': [ '4.2.2' ],
47 silly audit   'abort-controller': [ '3.0.0' ],
47 silly audit   accepts: [ '2.0.0' ],
47 silly audit   acorn: [ '8.15.0' ],
47 silly audit   'acorn-import-phases': [ '1.0.4' ],
47 silly audit   'acorn-jsx': [ '5.3.2' ],
47 silly audit   'acorn-walk': [ '8.3.4' ],
47 silly audit   'agent-base': [ '7.1.4', '6.0.2' ],
47 silly audit   'ansi-colors': [ '4.1.3' ],
47 silly audit   'ansi-escapes': [ '4.3.2' ],
47 silly audit   'ansi-regex': [ '6.2.0', '5.0.1' ],
47 silly audit   ansis: [ '4.1.0', '3.17.0' ],
47 silly audit   anymatch: [ '3.1.3' ],
47 silly audit   picomatch: [ '2.3.1', '4.0.2' ],
47 silly audit   'app-root-path': [ '3.1.0' ],
47 silly audit   'append-field': [ '1.0.0' ],
47 silly audit   arg: [ '4.1.3' ],
47 silly audit   'array-timsort': [ '1.0.3' ],
47 silly audit   arrify: [ '2.0.1' ],
47 silly audit   asap: [ '2.0.6' ],
47 silly audit   'async-retry': [ '1.3.3' ],
47 silly audit   asynckit: [ '0.4.0' ],
47 silly audit   'available-typed-arrays': [ '1.0.7' ],
47 silly audit   'babel-jest': [ '30.0.5' ],
47 silly audit   'babel-plugin-istanbul': [ '7.0.0' ],
47 silly audit   'babel-plugin-jest-hoist': [ '30.0.1' ],
47 silly audit   'babel-preset-current-node-syntax': [ '1.2.0' ],
47 silly audit   'babel-preset-jest': [ '30.0.1' ],
47 silly audit   'balanced-match': [ '1.0.2' ],
47 silly audit   'base64-js': [ '1.5.1' ],
47 silly audit   bcrypt: [ '6.0.0' ],
47 silly audit   'bignumber.js': [ '9.3.1' ],
47 silly audit   bl: [ '4.1.0' ],
47 silly audit   'body-parser': [ '2.2.0' ],
47 silly audit   braces: [ '3.0.3' ],
47 silly audit   browserslist: [ '4.25.3' ],
47 silly audit   'bs-logger': [ '0.2.6' ],
47 silly audit   bser: [ '2.1.1' ],
47 silly audit   buffer: [ '5.7.1', '6.0.3' ],
47 silly audit   'buffer-equal-constant-time': [ '1.0.1' ],
47 silly audit   'buffer-from': [ '1.1.2' ],
47 silly audit   busboy: [ '1.6.0' ],
47 silly audit   bytes: [ '3.1.2' ],
47 silly audit   'call-bind': [ '1.0.8' ],
47 silly audit   'call-bind-apply-helpers': [ '1.0.2' ],
47 silly audit   'call-bound': [ '1.0.4' ],
47 silly audit   callsites: [ '3.1.0' ],
47 silly audit   camelcase: [ '5.3.1', '6.3.0' ],
47 silly audit   'caniuse-lite': [ '1.0.30001735' ],
47 silly audit   chalk: [ '4.1.2' ],
47 silly audit   'char-regex': [ '1.0.2' ],
47 silly audit   chardet: [ '2.1.0' ],
47 silly audit   chokidar: [ '4.0.3' ],
47 silly audit   'chrome-trace-event': [ '1.0.4' ],
47 silly audit   'ci-info': [ '4.3.0' ],
47 silly audit   'cjs-module-lexer': [ '2.1.0' ],
47 silly audit   'cli-cursor': [ '3.1.0' ],
47 silly audit   'cli-spinners': [ '2.9.2' ],
47 silly audit   'cli-table3': [ '0.6.5' ],
47 silly audit   'cli-width': [ '4.1.0' ],
47 silly audit   cliui: [ '8.0.1' ],
47 silly audit   'strip-ansi': [ '6.0.1', '7.1.0' ],
47 silly audit   clone: [ '1.0.4' ],
47 silly audit   co: [ '4.6.0' ],
47 silly audit   'collect-v8-coverage': [ '1.0.2' ],
47 silly audit   'color-convert': [ '2.0.1' ],
47 silly audit   'color-name': [ '1.1.4' ],
47 silly audit   'combined-stream': [ '1.0.8' ],
47 silly audit   commander: [ '4.1.1', '2.20.3' ],
47 silly audit   'comment-json': [ '4.2.5' ],
47 silly audit   'component-emitter': [ '1.3.1' ],
47 silly audit   'concat-map': [ '0.0.1' ],
47 silly audit   'concat-stream': [ '2.0.0' ],
47 silly audit   consola: [ '3.4.2' ],
47 silly audit   'content-disposition': [ '1.0.0' ],
47 silly audit   'content-type': [ '1.0.5' ],
47 silly audit   'convert-source-map': [ '2.0.0' ],
47 silly audit   cookie: [ '0.7.2' ],
47 silly audit   'cookie-signature': [ '1.2.2' ],
47 silly audit   cookiejar: [ '2.1.4' ],
47 silly audit   'core-util-is': [ '1.0.3' ],
47 silly audit   cors: [ '2.8.5' ],
47 silly audit   cosmiconfig: [ '8.3.6' ],
47 silly audit   'create-require': [ '1.1.1' ],
47 silly audit   cron: [ '4.3.3' ],
47 silly audit   'cross-spawn': [ '7.0.6' ],
47 silly audit   dayjs: [ '1.11.13' ],
47 silly audit   debug: [ '4.4.1' ],
47 silly audit   dedent: [ '1.6.0' ],
47 silly audit   'deep-is': [ '0.1.4' ],
47 silly audit   deepmerge: [ '4.3.1' ],
47 silly audit   defaults: [ '1.0.4' ],
47 silly audit   'define-data-property': [ '1.1.4' ],
47 silly audit   'delayed-stream': [ '1.0.0' ],
47 silly audit   depd: [ '2.0.0' ],
47 silly audit   'detect-newline': [ '3.1.0' ],
47 silly audit   dezalgo: [ '1.0.4' ],
47 silly audit   diff: [ '4.0.2' ],
47 silly audit   'dotenv-expand': [ '12.0.1' ],
47 silly audit   'dunder-proto': [ '1.0.1' ],
47 silly audit   duplexify: [ '4.1.3' ],
47 silly audit   eastasianwidth: [ '0.2.0' ],
47 silly audit   'ecdsa-sig-formatter': [ '1.0.11' ],
47 silly audit   'ee-first': [ '1.1.1' ],
47 silly audit   'electron-to-chromium': [ '1.5.207' ],
47 silly audit   emittery: [ '0.13.1' ],
47 silly audit   encodeurl: [ '2.0.0' ],
47 silly audit   'end-of-stream': [ '1.4.5' ],
47 silly audit   'enhanced-resolve': [ '5.18.3' ],
47 silly audit   'error-ex': [ '1.3.2' ],
47 silly audit   'es-define-property': [ '1.0.1' ],
47 silly audit   'es-errors': [ '1.3.0' ],
47 silly audit   'es-module-lexer': [ '1.7.0' ],
47 silly audit   'es-object-atoms': [ '1.1.1' ],
47 silly audit   'es-set-tostringtag': [ '2.1.0' ],
47 silly audit   escalade: [ '3.2.0' ],
47 silly audit   'escape-html': [ '1.0.3' ],
47 silly audit   'escape-string-regexp': [ '4.0.0', '2.0.0' ],
47 silly audit   eslint: [ '9.33.0' ],
47 silly audit   'eslint-config-prettier': [ '10.1.8' ],
47 silly audit   'eslint-plugin-prettier': [ '5.5.4' ],
47 silly audit   espree: [ '10.4.0' ],
47 silly audit   esprima: [ '4.0.1' ],
47 silly audit   esquery: [ '1.6.0' ],
47 silly audit   esrecurse: [ '4.3.0' ],
47 silly audit   esutils: [ '2.0.3' ],
47 silly audit   etag: [ '1.8.1' ],
47 silly audit   'event-target-shim': [ '5.0.1' ],
47 silly audit   events: [ '3.3.0' ],
47 silly audit   execa: [ '5.1.1' ],
47 silly audit   'signal-exit': [ '3.0.7', '4.1.0' ],
47 silly audit   'exit-x': [ '0.2.2' ],
47 silly audit   expect: [ '30.0.5' ],
47 silly audit   express: [ '5.1.0' ],
47 silly audit   extend: [ '3.0.2' ],
47 silly audit   'farmhash-modern': [ '1.1.0' ],
47 silly audit   'fast-deep-equal': [ '3.1.3' ],
47 silly audit   'fast-diff': [ '1.3.0' ],
47 silly audit   'fast-glob': [ '3.3.3' ],
47 silly audit   'glob-parent': [ '5.1.2', '6.0.2' ],
47 silly audit   'fast-json-stable-stringify': [ '2.1.0' ],
47 silly audit   'fast-levenshtein': [ '2.0.6' ],
47 silly audit   'fast-safe-stringify': [ '2.1.1' ],
47 silly audit   'fast-uri': [ '3.0.6' ],
47 silly audit   'fast-xml-parser': [ '4.5.3' ],
47 silly audit   fastq: [ '1.19.1' ],
47 silly audit   'faye-websocket': [ '0.11.4' ],
47 silly audit   'fb-watchman': [ '2.0.2' ],
47 silly audit   fflate: [ '0.8.2' ],
47 silly audit   'file-entry-cache': [ '8.0.0' ],
47 silly audit   'file-type': [ '21.0.0' ],
47 silly audit   'fill-range': [ '7.1.1' ],
47 silly audit   finalhandler: [ '2.1.0' ],
47 silly audit   'firebase-admin': [ '13.6.0' ],
47 silly audit   'flat-cache': [ '4.0.1' ],
47 silly audit   flatted: [ '3.3.3' ],
47 silly audit   'for-each': [ '0.3.5' ],
47 silly audit   'foreground-child': [ '3.3.1' ],
47 silly audit   'fork-ts-checker-webpack-plugin': [ '9.1.0' ],
47 silly audit   formidable: [ '3.5.4' ],
47 silly audit   forwarded: [ '0.2.0' ],
47 silly audit   fresh: [ '2.0.0' ],
47 silly audit   'fs-extra': [ '10.1.0' ],
47 silly audit   'fs-monkey': [ '1.1.0' ],
47 silly audit   'fs.realpath': [ '1.0.0' ],
47 silly audit   fsevents: [ '2.3.3' ],
47 silly audit   'function-bind': [ '1.1.2' ],
47 silly audit   'functional-red-black-tree': [ '1.0.1' ],
47 silly audit   gaxios: [ '6.7.1' ],
47 silly audit   'gcp-metadata': [ '6.1.1' ],
47 silly audit   gensync: [ '1.0.0-beta.2' ],
47 silly audit   'get-caller-file': [ '2.0.5' ],
47 silly audit   'get-intrinsic': [ '1.3.0' ],
47 silly audit   'get-package-type': [ '0.1.0' ],
47 silly audit   'get-proto': [ '1.0.1' ],
47 silly audit   'get-stream': [ '6.0.1' ],
47 silly audit   'glob-to-regexp': [ '0.4.1' ],
47 silly audit   'google-auth-library': [ '9.15.1' ],
47 silly audit   jwa: [ '2.0.1', '1.4.2' ],
47 silly audit   jws: [ '4.0.0', '3.2.2' ],
47 silly audit   'google-gax': [ '4.6.1' ],
47 silly audit   'google-logging-utils': [ '0.0.2' ],
47 silly audit   gopd: [ '1.2.0' ],
47 silly audit   'graceful-fs': [ '4.2.11' ],
47 silly audit   graphemer: [ '1.4.0' ],
47 silly audit   gtoken: [ '7.1.0' ],
47 silly audit   handlebars: [ '4.7.8' ],
47 silly audit   'source-map': [ '0.6.1', '0.7.4' ],
47 silly audit   'has-flag': [ '4.0.0' ],
47 silly audit   'has-own-prop': [ '2.0.0' ],
47 silly audit   'has-property-descriptors': [ '1.0.2' ],
47 silly audit   'has-symbols': [ '1.1.0' ],
47 silly audit   'has-tostringtag': [ '1.0.2' ],
47 silly audit   hasown: [ '2.0.2' ],
47 silly audit   'html-entities': [ '2.6.0' ],
47 silly audit   'html-escaper': [ '2.0.2' ],
47 silly audit   'http-errors': [ '2.0.0' ],
47 silly audit   statuses: [ '2.0.1', '2.0.2' ],
47 silly audit   'http-parser-js': [ '0.5.10' ],
47 silly audit   'http-proxy-agent': [ '5.0.0' ],
47 silly audit   'https-proxy-agent': [ '7.0.6', '5.0.1' ],
47 silly audit   'human-signals': [ '2.1.0' ],
47 silly audit   'iconv-lite': [ '0.6.3' ],
47 silly audit   ieee754: [ '1.2.1' ],
47 silly audit   'import-fresh': [ '3.3.1' ],
47 silly audit   'import-local': [ '3.2.0' ],
47 silly audit   imurmurhash: [ '0.1.4' ],
47 silly audit   inflight: [ '1.0.6' ],
47 silly audit   inherits: [ '2.0.4' ],
47 silly audit   'ipaddr.js': [ '1.9.1' ],
47 silly audit   'is-arrayish': [ '0.2.1' ],
47 silly audit   'is-callable': [ '1.2.7' ],
47 silly audit   'is-extglob': [ '2.1.1' ],
47 silly audit   'is-fullwidth-code-point': [ '3.0.0' ],
47 silly audit   'is-generator-fn': [ '2.1.0' ],
47 silly audit   'is-glob': [ '4.0.3' ],
47 silly audit   'is-interactive': [ '1.0.0' ],
47 silly audit   'is-number': [ '7.0.0' ],
47 silly audit   'is-promise': [ '4.0.0' ],
47 silly audit   'is-stream': [ '2.0.1' ],
47 silly audit   'is-typed-array': [ '1.1.15' ],
47 silly audit   'is-unicode-supported': [ '0.1.0' ],
47 silly audit   isarray: [ '2.0.5' ],
47 silly audit   isexe: [ '2.0.0' ],
47 silly audit   'istanbul-lib-coverage': [ '3.2.2' ],
47 silly audit   'istanbul-lib-instrument': [ '6.0.3' ],
47 silly audit   'istanbul-lib-report': [ '3.0.1' ],
47 silly audit   'istanbul-lib-source-maps': [ '5.0.6' ],
47 silly audit   'istanbul-reports': [ '3.2.0' ],
47 silly audit   iterare: [ '1.2.1' ],
47 silly audit   jest: [ '30.0.5' ],
47 silly audit   'jest-changed-files': [ '30.0.5' ],
47 silly audit   'jest-circus': [ '30.0.5' ],
47 silly audit   'jest-cli': [ '30.0.5' ],
47 silly audit   'jest-config': [ '30.0.5' ],
47 silly audit   'jest-diff': [ '30.0.5' ],
47 silly audit   'jest-docblock': [ '30.0.1' ],
47 silly audit   'jest-each': [ '30.0.5' ],
47 silly audit   'jest-environment-node': [ '30.0.5' ],
47 silly audit   'jest-haste-map': [ '30.0.5' ],
47 silly audit   'jest-leak-detector': [ '30.0.5' ],
47 silly audit   'jest-matcher-utils': [ '30.0.5' ],
47 silly audit   'jest-message-util': [ '30.0.5' ],
47 silly audit   'jest-mock': [ '30.0.5' ],
47 silly audit   'jest-pnp-resolver': [ '1.2.3' ],
47 silly audit   'jest-regex-util': [ '30.0.1' ],
47 silly audit   'jest-resolve': [ '30.0.5' ],
47 silly audit   'jest-resolve-dependencies': [ '30.0.5' ],
47 silly audit   'jest-runner': [ '30.0.5' ],
47 silly audit   'source-map-support': [ '0.5.13', '0.5.21' ],
47 silly audit   'jest-runtime': [ '30.0.5' ],
47 silly audit   'jest-snapshot': [ '30.0.5' ],
47 silly audit   'jest-util': [ '30.0.5' ],
47 silly audit   'jest-validate': [ '30.0.5' ],
47 silly audit   'jest-watcher': [ '30.0.5' ],
47 silly audit   'jest-worker': [ '30.0.5', '27.5.1' ],
47 silly audit   'supports-color': [ '8.1.1', '7.2.0' ],
47 silly audit   jose: [ '4.15.9' ],
47 silly audit   'js-tokens': [ '4.0.0' ],
47 silly audit   jsesc: [ '3.1.0' ],
47 silly audit   'json-bigint': [ '1.0.0' ],
47 silly audit   'json-buffer': [ '3.0.1' ],
47 silly audit   'json-parse-even-better-errors': [ '2.3.1' ],
47 silly audit   'json-stable-stringify-without-jsonify': [ '1.0.1' ],
47 silly audit   json5: [ '2.2.3' ],
47 silly audit   'jsonc-parser': [ '3.3.1' ],
47 silly audit   jsonfile: [ '6.2.0' ],
47 silly audit   jsonwebtoken: [ '9.0.2' ],
47 silly audit   'jwks-rsa': [ '3.2.0' ],
47 silly audit   keyv: [ '4.5.4' ],
47 silly audit   leven: [ '3.1.0' ],
47 silly audit   levn: [ '0.4.1' ],
47 silly audit   limiter: [ '1.1.5' ],
47 silly audit   'lines-and-columns': [ '1.2.4' ],
47 silly audit   'load-esm': [ '1.0.2' ],
47 silly audit   'loader-runner': [ '4.3.0' ],
47 silly audit   lodash: [ '4.17.21' ],
47 silly audit   'lodash.camelcase': [ '4.3.0' ],
47 silly audit   'lodash.clonedeep': [ '4.5.0' ],
47 silly audit   'lodash.includes': [ '4.3.0' ],
47 silly audit   'lodash.isboolean': [ '3.0.3' ],
47 silly audit   'lodash.isinteger': [ '4.0.4' ],
47 silly audit   'lodash.isnumber': [ '3.0.3' ],
47 silly audit   'lodash.isplainobject': [ '4.0.6' ],
47 silly audit   'lodash.isstring': [ '4.0.1' ],
47 silly audit   'lodash.memoize': [ '4.1.2' ],
47 silly audit   'lodash.merge': [ '4.6.2' ],
47 silly audit   'lodash.once': [ '4.1.1' ],
47 silly audit   'log-symbols': [ '4.1.0' ],
47 silly audit   long: [ '5.3.2' ],
47 silly audit   'lru-memoizer': [ '2.3.0' ],
47 silly audit   yallist: [ '4.0.0', '3.1.1' ],
47 silly audit   luxon: [ '3.7.2' ],
47 silly audit   'magic-string': [ '0.30.17' ],
47 silly audit   'make-dir': [ '4.0.0' ],
47 silly audit   'make-error': [ '1.3.6' ],
47 silly audit   makeerror: [ '1.0.12' ],
47 silly audit   'math-intrinsics': [ '1.1.0' ],
47 silly audit   'media-typer': [ '1.1.0', '0.3.0' ],
47 silly audit   memfs: [ '3.5.3' ],
47 silly audit   'merge-descriptors': [ '2.0.0' ],
47 silly audit   'merge-stream': [ '2.0.0' ],
47 silly audit   merge2: [ '1.4.1' ],
47 silly audit   methods: [ '1.1.2' ],
47 silly audit   micromatch: [ '4.0.8' ],
47 silly audit   'mimic-fn': [ '2.1.0' ],
47 silly audit   minimist: [ '1.2.8' ],
47 silly audit   minipass: [ '7.1.2' ],
47 silly audit   mkdirp: [ '0.5.6' ],
47 silly audit   ms: [ '2.1.3' ],
47 silly audit   multer: [ '2.0.2' ],
47 silly audit   'type-is': [ '1.6.18', '2.0.1' ],
47 silly audit   'mute-stream': [ '2.0.0' ],
47 silly audit   'napi-postinstall': [ '0.3.3' ],
47 silly audit   'natural-compare': [ '1.4.0' ],
47 silly audit   negotiator: [ '1.0.0' ],
47 silly audit   'neo-async': [ '2.6.2' ],
47 silly audit   'node-abort-controller': [ '3.1.1' ],
47 silly audit   'node-addon-api': [ '8.5.0' ],
47 silly audit   'node-emoji': [ '1.11.0' ],
47 silly audit   'node-fetch': [ '2.7.0' ],
47 silly audit   'node-forge': [ '1.3.1' ],
47 silly audit   'node-gyp-build': [ '4.8.4' ],
47 silly audit   'node-int64': [ '0.4.0' ],
47 silly audit   'node-releases': [ '2.0.19' ],
47 silly audit   'normalize-path': [ '3.0.0' ],
47 silly audit   'npm-run-path': [ '4.0.1' ],
47 silly audit   'object-assign': [ '4.1.1' ],
47 silly audit   'object-hash': [ '3.0.0' ],
47 silly audit   'object-inspect': [ '1.13.4' ],
47 silly audit   'on-finished': [ '2.4.1' ],
47 silly audit   once: [ '1.4.0' ],
47 silly audit   onetime: [ '5.1.2' ],
47 silly audit   optionator: [ '0.9.4' ],
47 silly audit   ora: [ '5.4.1' ],
47 silly audit   'p-try': [ '2.2.0' ],
47 silly audit   'package-json-from-dist': [ '1.0.1' ],
47 silly audit   'parent-module': [ '1.0.1' ],
47 silly audit   'parse-json': [ '5.2.0' ],
47 silly audit   parseurl: [ '1.3.3' ],
47 silly audit   passport: [ '0.7.0' ],
47 silly audit   'passport-jwt': [ '4.0.1' ],
47 silly audit   'passport-strategy': [ '1.0.0' ],
47 silly audit   'path-exists': [ '4.0.0' ],
47 silly audit   'path-is-absolute': [ '1.0.1' ],
47 silly audit   'path-key': [ '3.1.1' ],
47 silly audit   'path-to-regexp': [ '8.2.0' ],
47 silly audit   'path-type': [ '4.0.0' ],
47 silly audit   pause: [ '0.0.1' ],
47 silly audit   pg: [ '8.16.3' ],
47 silly audit   'pg-cloudflare': [ '1.2.7' ],
47 silly audit   'pg-connection-string': [ '2.9.1' ],
47 silly audit   'pg-int8': [ '1.0.1' ],
47 silly audit   'pg-pool': [ '3.10.1' ],
47 silly audit   'pg-protocol': [ '1.10.3' ],
47 silly audit   'pg-types': [ '2.2.0' ],
47 silly audit   pgpass: [ '1.0.5' ],
47 silly audit   picocolors: [ '1.1.1' ],
47 silly audit   pirates: [ '4.0.7' ],
47 silly audit   'pkg-dir': [ '4.2.0' ],
47 silly audit   pluralize: [ '8.0.0' ],
47 silly audit   'possible-typed-array-names': [ '1.1.0' ],
47 silly audit   'postgres-array': [ '2.0.0' ],
47 silly audit   'postgres-bytea': [ '1.0.0' ],
47 silly audit   'postgres-date': [ '1.0.7' ],
47 silly audit   'postgres-interval': [ '1.2.0' ],
47 silly audit   'prelude-ls': [ '1.2.1' ],
47 silly audit   prettier: [ '3.6.2' ],
47 silly audit   'prettier-linter-helpers': [ '1.0.0' ],
47 silly audit   'pretty-format': [ '30.0.5' ],
47 silly audit   'proto3-json-serializer': [ '2.0.2' ],
47 silly audit   protobufjs: [ '7.5.4' ],
47 silly audit   'proxy-addr': [ '2.0.7' ],
47 silly audit   punycode: [ '2.3.1' ],
47 silly audit   'pure-rand': [ '7.0.1' ],
47 silly audit   qs: [ '6.14.0' ],
47 silly audit   'queue-microtask': [ '1.2.3' ],
47 silly audit   randombytes: [ '2.1.0' ],
47 silly audit   'range-parser': [ '1.2.1' ],
47 silly audit   'raw-body': [ '3.0.0' ],
47 silly audit   'react-is': [ '18.3.1' ],
47 silly audit   'readable-stream': [ '3.6.2' ],
47 silly audit   readdirp: [ '4.1.2' ],
47 silly audit   'reflect-metadata': [ '0.2.2' ],
47 silly audit   'repeat-string': [ '1.6.1' ],
47 silly audit   'require-directory': [ '2.1.1' ],
47 silly audit   'require-from-string': [ '2.0.2' ],
47 silly audit   'resolve-cwd': [ '3.0.0' ],
47 silly audit   'restore-cursor': [ '3.1.0' ],
47 silly audit   retry: [ '0.13.1' ],
47 silly audit   'retry-request': [ '7.0.2' ],
47 silly audit   reusify: [ '1.1.0' ],
47 silly audit   router: [ '2.2.0' ],
47 silly audit   'run-parallel': [ '1.2.0' ],
47 silly audit   'safe-buffer': [ '5.2.1' ],
47 silly audit   'safer-buffer': [ '2.1.2' ],
47 silly audit   send: [ '1.2.0' ],
47 silly audit   'serialize-javascript': [ '6.0.2' ],
47 silly audit   'serve-static': [ '2.2.0' ],
47 silly audit   'set-function-length': [ '1.2.2' ],
47 silly audit   setprototypeof: [ '1.2.0' ],
47 silly audit   'sha.js': [ '2.4.12' ],
47 silly audit   'shebang-command': [ '2.0.0' ],
47 silly audit   'shebang-regex': [ '3.0.0' ],
47 silly audit   'side-channel': [ '1.1.0' ],
47 silly audit   'side-channel-list': [ '1.0.0' ],
47 silly audit   'side-channel-map': [ '1.0.1' ],
47 silly audit   'side-channel-weakmap': [ '1.0.2' ],
47 silly audit   slash: [ '3.0.0' ],
47 silly audit   split2: [ '4.2.0' ],
47 silly audit   'sprintf-js': [ '1.0.3' ],
47 silly audit   'sql-highlight': [ '6.1.0' ],
47 silly audit   'stack-utils': [ '2.0.6' ],
47 silly audit   'stream-events': [ '1.0.5' ],
47 silly audit   'stream-shift': [ '1.0.3' ],
47 silly audit   streamsearch: [ '1.1.0' ],
47 silly audit   string_decoder: [ '1.3.0' ],
47 silly audit   'string-length': [ '4.0.2' ],
47 silly audit   'strip-bom': [ '4.0.0', '3.0.0' ],
47 silly audit   'strip-final-newline': [ '2.0.0' ],
47 silly audit   'strip-json-comments': [ '3.1.1' ],
47 silly audit   strnum: [ '1.1.2' ],
47 silly audit   strtok3: [ '10.3.4' ],
47 silly audit   stubs: [ '3.0.0' ],
47 silly audit   superagent: [ '10.2.3' ],
47 silly audit   supertest: [ '7.1.4' ],
47 silly audit   'symbol-observable': [ '4.0.0' ],
47 silly audit   synckit: [ '0.11.11' ],
47 silly audit   tapable: [ '2.2.2' ],
47 silly audit   'teeny-request': [ '9.0.0' ],
47 silly audit   terser: [ '5.43.1' ],
47 silly audit   'terser-webpack-plugin': [ '5.3.14' ],
47 silly audit   'test-exclude': [ '6.0.0' ],
47 silly audit   tmpl: [ '1.0.5' ],
47 silly audit   'to-buffer': [ '1.2.1' ],
47 silly audit   'to-regex-range': [ '5.0.1' ],
47 silly audit   toidentifier: [ '1.0.1' ],
47 silly audit   'token-types': [ '6.1.1' ],
47 silly audit   tr46: [ '0.0.3' ],
47 silly audit   'tree-kill': [ '1.2.2' ],
47 silly audit   'ts-api-utils': [ '2.1.0' ],
47 silly audit   'ts-jest': [ '29.4.1' ],
47 silly audit   'type-fest': [ '4.41.0', '0.21.3' ],
47 silly audit   'ts-loader': [ '9.5.2' ],
47 silly audit   'ts-node': [ '10.9.2' ],
47 silly audit   'tsconfig-paths': [ '4.2.0' ],
47 silly audit   'tsconfig-paths-webpack-plugin': [ '4.2.0' ],
47 silly audit   tslib: [ '2.8.1' ],
47 silly audit   'type-check': [ '0.4.0' ],
47 silly audit   'type-detect': [ '4.0.8' ],
47 silly audit   'typed-array-buffer': [ '1.0.3' ],
47 silly audit   typedarray: [ '0.0.6' ],
47 silly audit   typeorm: [ '0.3.26' ],
47 silly audit   'typescript-eslint': [ '8.40.0' ],
47 silly audit   'uglify-js': [ '3.19.3' ],
47 silly audit   uid: [ '2.0.2' ],
47 silly audit   'uint8array-extras': [ '1.4.1' ],
47 silly audit   'undici-types': [ '6.21.0' ],
47 silly audit   universalify: [ '2.0.1' ],
47 silly audit   unpipe: [ '1.0.0' ],
47 silly audit   'unrs-resolver': [ '1.11.1' ],
47 silly audit   'update-browserslist-db': [ '1.1.3' ],
47 silly audit   'uri-js': [ '4.4.1' ],
47 silly audit   'util-deprecate': [ '1.0.2' ],
47 silly audit   'utils-merge': [ '1.0.1' ],
47 silly audit   'v8-compile-cache-lib': [ '3.0.1' ],
47 silly audit   'v8-to-istanbul': [ '9.3.0' ],
47 silly audit   vary: [ '1.1.2' ],
47 silly audit   walker: [ '1.0.8' ],
47 silly audit   watchpack: [ '2.4.4' ],
47 silly audit   wcwidth: [ '1.0.1' ],
47 silly audit   'webidl-conversions': [ '3.0.1' ],
47 silly audit   'webpack-node-externals': [ '3.0.0' ],
47 silly audit   'webpack-sources': [ '3.3.3' ],
47 silly audit   'websocket-driver': [ '0.7.4' ],
47 silly audit   'websocket-extensions': [ '0.1.4' ],
47 silly audit   'whatwg-url': [ '5.0.0' ],
47 silly audit   which: [ '2.0.2' ],
47 silly audit   'which-typed-array': [ '1.1.19' ],
47 silly audit   'word-wrap': [ '1.2.5' ],
47 silly audit   wordwrap: [ '1.0.0' ],
47 silly audit   wrappy: [ '1.0.2' ],
47 silly audit   'write-file-atomic': [ '5.0.1' ],
47 silly audit   xtend: [ '4.0.2' ],
47 silly audit   y18n: [ '5.0.8' ],
47 silly audit   yargs: [ '17.7.2' ],
47 silly audit   'yargs-parser': [ '21.1.1' ],
47 silly audit   yn: [ '3.1.1' ],
47 silly audit   'yocto-queue': [ '0.1.0' ],
47 silly audit   'yoctocolors-cjs': [ '2.1.2' ],
47 silly audit   '@nestjs/jwt': [ '11.0.1' ]
47 silly audit }
48 verbose reify failed optional dependency C:\proj\RoomLink\backend\node_modules\fsevents
49 silly reify mark deleted [ 'C:\\proj\\RoomLink\\backend\\node_modules\\fsevents' ]
50 verbose reify failed optional dependency C:\proj\RoomLink\backend\node_modules\@unrs\resolver-binding-win32-ia32-msvc
51 silly reify mark deleted [
51 silly reify   'C:\\proj\\RoomLink\\backend\\node_modules\\@unrs\\resolver-binding-win32-ia32-msvc'
51 silly reify ]
52 verbose reify failed optional dependency C:\proj\RoomLink\backend\node_modules\@unrs\resolver-binding-win32-arm64-msvc
53 silly reify mark deleted [
53 silly reify   'C:\\proj\\RoomLink\\backend\\node_modules\\@unrs\\resolver-binding-win32-arm64-msvc'
53 silly reify ]
54 verbose reify failed optional dependency C:\proj\RoomLink\backend\node_modules\@unrs\resolver-binding-wasm32-wasi
55 silly reify mark deleted [
55 silly reify   'C:\\proj\\RoomLink\\backend\\node_modules\\@unrs\\resolver-binding-wasm32-wasi'
55 silly reify ]
56 verbose reify failed optional dependency C:\proj\RoomLink\backend\node_modules\@napi-rs\wasm-runtime
57 silly reify mark deleted [ 'C:\\proj\\RoomLink\\backend\\node_modules\\@napi-rs\\wasm-runtime' ]
58 verbose reify failed optional dependency C:\proj\RoomLink\backend\node_modules\@emnapi\core
59 silly reify mark deleted [ 'C:\\proj\\RoomLink\\backend\\node_modules\\@emnapi\\core' ]
60 verbose reify failed optional dependency C:\proj\RoomLink\backend\node_modules\@emnapi\runtime
61 silly reify mark deleted [ 'C:\\proj\\RoomLink\\backend\\node_modules\\@emnapi\\runtime' ]
62 verbose reify failed optional dependency C:\proj\RoomLink\backend\node_modules\@tybys\wasm-util
63 silly reify mark deleted [ 'C:\\proj\\RoomLink\\backend\\node_modules\\@tybys\\wasm-util' ]
64 verbose reify failed optional dependency C:\proj\RoomLink\backend\node_modules\@emnapi\wasi-threads
65 silly reify mark deleted [ 'C:\\proj\\RoomLink\\backend\\node_modules\\@emnapi\\wasi-threads' ]
66 verbose reify failed optional dependency C:\proj\RoomLink\backend\node_modules\@unrs\resolver-binding-linux-x64-musl
67 silly reify mark deleted [
67 silly reify   'C:\\proj\\RoomLink\\backend\\node_modules\\@unrs\\resolver-binding-linux-x64-musl'
67 silly reify ]
68 verbose reify failed optional dependency C:\proj\RoomLink\backend\node_modules\@unrs\resolver-binding-linux-x64-gnu
69 silly reify mark deleted [
69 silly reify   'C:\\proj\\RoomLink\\backend\\node_modules\\@unrs\\resolver-binding-linux-x64-gnu'
69 silly reify ]
70 verbose reify failed optional dependency C:\proj\RoomLink\backend\node_modules\@unrs\resolver-binding-linux-s390x-gnu
71 silly reify mark deleted [
71 silly reify   'C:\\proj\\RoomLink\\backend\\node_modules\\@unrs\\resolver-binding-linux-s390x-gnu'
71 silly reify ]
72 verbose reify failed optional dependency C:\proj\RoomLink\backend\node_modules\@unrs\resolver-binding-linux-riscv64-musl
73 silly reify mark deleted [
73 silly reify   'C:\\proj\\RoomLink\\backend\\node_modules\\@unrs\\resolver-binding-linux-riscv64-musl'
73 silly reify ]
74 verbose reify failed optional dependency C:\proj\RoomLink\backend\node_modules\@unrs\resolver-binding-linux-riscv64-gnu
75 silly reify mark deleted [
75 silly reify   'C:\\proj\\RoomLink\\backend\\node_modules\\@unrs\\resolver-binding-linux-riscv64-gnu'
75 silly reify ]
76 verbose reify failed optional dependency C:\proj\RoomLink\backend\node_modules\@unrs\resolver-binding-linux-ppc64-gnu
77 silly reify mark deleted [
77 silly reify   'C:\\proj\\RoomLink\\backend\\node_modules\\@unrs\\resolver-binding-linux-ppc64-gnu'
77 silly reify ]
78 verbose reify failed optional dependency C:\proj\RoomLink\backend\node_modules\@unrs\resolver-binding-linux-arm64-musl
79 silly reify mark deleted [
79 silly reify   'C:\\proj\\RoomLink\\backend\\node_modules\\@unrs\\resolver-binding-linux-arm64-musl'
79 silly reify ]
80 verbose reify failed optional dependency C:\proj\RoomLink\backend\node_modules\@unrs\resolver-binding-linux-arm64-gnu
81 silly reify mark deleted [
81 silly reify   'C:\\proj\\RoomLink\\backend\\node_modules\\@unrs\\resolver-binding-linux-arm64-gnu'
81 silly reify ]
82 verbose reify failed optional dependency C:\proj\RoomLink\backend\node_modules\@unrs\resolver-binding-linux-arm-musleabihf
83 silly reify mark deleted [
83 silly reify   'C:\\proj\\RoomLink\\backend\\node_modules\\@unrs\\resolver-binding-linux-arm-musleabihf'
83 silly reify ]
84 verbose reify failed optional dependency C:\proj\RoomLink\backend\node_modules\@unrs\resolver-binding-linux-arm-gnueabihf
85 silly reify mark deleted [
85 silly reify   'C:\\proj\\RoomLink\\backend\\node_modules\\@unrs\\resolver-binding-linux-arm-gnueabihf'
85 silly reify ]
86 verbose reify failed optional dependency C:\proj\RoomLink\backend\node_modules\@unrs\resolver-binding-freebsd-x64
87 silly reify mark deleted [
87 silly reify   'C:\\proj\\RoomLink\\backend\\node_modules\\@unrs\\resolver-binding-freebsd-x64'
87 silly reify ]
88 verbose reify failed optional dependency C:\proj\RoomLink\backend\node_modules\@unrs\resolver-binding-darwin-x64
89 silly reify mark deleted [
89 silly reify   'C:\\proj\\RoomLink\\backend\\node_modules\\@unrs\\resolver-binding-darwin-x64'
89 silly reify ]
90 verbose reify failed optional dependency C:\proj\RoomLink\backend\node_modules\@unrs\resolver-binding-darwin-arm64
91 silly reify mark deleted [
91 silly reify   'C:\\proj\\RoomLink\\backend\\node_modules\\@unrs\\resolver-binding-darwin-arm64'
91 silly reify ]
92 verbose reify failed optional dependency C:\proj\RoomLink\backend\node_modules\@unrs\resolver-binding-android-arm64
93 silly reify mark deleted [
93 silly reify   'C:\\proj\\RoomLink\\backend\\node_modules\\@unrs\\resolver-binding-android-arm64'
93 silly reify ]
94 verbose reify failed optional dependency C:\proj\RoomLink\backend\node_modules\@unrs\resolver-binding-android-arm-eabi
95 silly reify mark deleted [
95 silly reify   'C:\\proj\\RoomLink\\backend\\node_modules\\@unrs\\resolver-binding-android-arm-eabi'
95 silly reify ]
96 silly tarball no local data for @nestjs/jwt@https://registry.npmjs.org/@nestjs/jwt/-/jwt-11.0.1.tgz. Extracting by manifest.
97 http fetch POST 200 https://registry.npmjs.org/-/npm/v1/security/advisories/bulk 279ms
98 silly audit report {}
99 http fetch GET 200 https://registry.npmjs.org/@nestjs/jwt/-/jwt-11.0.1.tgz 1112ms (cache miss)
100 warn cleanup Failed to remove some directories [
100 warn cleanup   [
100 warn cleanup     'C:\\proj\\RoomLink\\backend\\node_modules\\@emnapi\\core',
100 warn cleanup     [Error: ENOTEMPTY: directory not empty, rmdir 'C:\proj\RoomLink\backend\node_modules\@emnapi\core\dist'] {
100 warn cleanup       errno: -4051,
100 warn cleanup       code: 'ENOTEMPTY',
100 warn cleanup       syscall: 'rmdir',
100 warn cleanup       path: 'C:\\proj\\RoomLink\\backend\\node_modules\\@emnapi\\core\\dist'
100 warn cleanup     }
100 warn cleanup   ],
100 warn cleanup   [
100 warn cleanup     'C:\\proj\\RoomLink\\backend\\node_modules\\@tybys\\wasm-util',
100 warn cleanup     [Error: ENOTEMPTY: directory not empty, rmdir 'C:\proj\RoomLink\backend\node_modules\@tybys\wasm-util\lib\cjs'] {
100 warn cleanup       errno: -4051,
100 warn cleanup       code: 'ENOTEMPTY',
100 warn cleanup       syscall: 'rmdir',
100 warn cleanup       path: 'C:\\proj\\RoomLink\\backend\\node_modules\\@tybys\\wasm-util\\lib\\cjs'
100 warn cleanup     }
100 warn cleanup   ],
100 warn cleanup   [
100 warn cleanup     'C:\\proj\\RoomLink\\backend\\node_modules\\@emnapi\\runtime',
100 warn cleanup     [Error: ENOTEMPTY: directory not empty, rmdir 'C:\proj\RoomLink\backend\node_modules\@emnapi\runtime\dist'] {
100 warn cleanup       errno: -4051,
100 warn cleanup       code: 'ENOTEMPTY',
100 warn cleanup       syscall: 'rmdir',
100 warn cleanup       path: 'C:\\proj\\RoomLink\\backend\\node_modules\\@emnapi\\runtime\\dist'
100 warn cleanup     }
100 warn cleanup   ]
100 warn cleanup ]
101 silly ADD node_modules/@nestjs/jwt
102 silly ADD
103 silly ADD
104 silly ADD
105 silly ADD
106 silly ADD
107 silly ADD
108 silly ADD
109 silly ADD
110 silly ADD
111 silly ADD
112 silly ADD
113 silly ADD
114 silly ADD
115 silly ADD
116 silly ADD
117 silly ADD
118 silly ADD
119 silly ADD
120 silly ADD
121 silly CHANGE node_modules/@tybys/wasm-util
122 silly CHANGE node_modules/@napi-rs/wasm-runtime
123 silly CHANGE node_modules/@emnapi/wasi-threads
124 silly CHANGE node_modules/@emnapi/core
125 silly CHANGE node_modules/@emnapi/runtime
126 verbose cwd C:\proj\RoomLink\backend
127 verbose os Windows_NT 10.0.26100
128 verbose node v20.17.0
129 verbose npm  v10.8.2
130 verbose exit 0
131 info ok
