0 verbose cli C:\Program Files\nodejs\node.exe C:\Program Files\nodejs\node_modules\npm\bin\npm-cli.js
1 info using npm@10.8.2
2 info using node@v20.17.0
3 silly config load:file:C:\Program Files\nodejs\node_modules\npm\npmrc
4 warn config optional Use `--omit=optional` to exclude optional dependencies, or
4 warn config `--include=optional` to include them.
4 warn config
4 warn config       Default value does install optional deps unless otherwise omitted.
5 silly config load:file:C:\proj\RoomLink\backend\.npmrc
6 silly config load:file:C:\Users\kimdk\.npmrc
7 silly config load:file:C:\Users\kimdk\AppData\Roaming\npm\etc\npmrc
8 verbose title npm i @nestjs/typeorm typeorm pg
9 verbose argv "i" "@nestjs/typeorm" "typeorm" "pg" "--no-optional"
10 verbose logfile logs-max:10 dir:C:\proj\RoomLink\.npm-cache\_logs\2025-08-21T05_34_33_656Z-
11 verbose logfile C:\proj\RoomLink\.npm-cache\_logs\2025-08-21T05_34_33_656Z-debug-0.log
12 silly packumentCache heap:4345298944 maxSize:1086324736 maxEntrySize:543162368
13 silly logfile done cleaning log files
14 silly idealTree buildDeps
15 silly fetch manifest @nestjs/typeorm@*
16 silly packumentCache full:https://registry.npmjs.org/@nestjs%2ftypeorm cache-miss
17 http fetch GET 200 https://registry.npmjs.org/@nestjs%2ftypeorm 890ms (cache miss)
18 silly packumentCache full:https://registry.npmjs.org/@nestjs%2ftypeorm set size:undefined disposed:false
19 silly fetch manifest @nestjs/common@^11.0.1
20 silly packumentCache full:https://registry.npmjs.org/@nestjs%2fcommon cache-miss
21 http fetch GET 200 https://registry.npmjs.org/@nestjs%2fcommon 166ms (cache revalidated)
22 silly packumentCache full:https://registry.npmjs.org/@nestjs%2fcommon set size:875668 disposed:false
23 silly fetch manifest class-transformer@>=0.4.1
24 silly packumentCache full:https://registry.npmjs.org/class-transformer cache-miss
25 http fetch GET 200 https://registry.npmjs.org/class-transformer 79ms (cache revalidated)
26 silly packumentCache full:https://registry.npmjs.org/class-transformer set size:106571 disposed:false
27 silly fetch manifest class-validator@>=0.13.2
28 silly packumentCache full:https://registry.npmjs.org/class-validator cache-miss
29 http fetch GET 200 https://registry.npmjs.org/class-validator 65ms (cache revalidated)
30 silly packumentCache full:https://registry.npmjs.org/class-validator set size:216547 disposed:false
31 silly fetch manifest reflect-metadata@^0.2.2
32 silly packumentCache full:https://registry.npmjs.org/reflect-metadata cache-miss
33 http fetch GET 200 https://registry.npmjs.org/reflect-metadata 83ms (cache revalidated)
34 silly packumentCache full:https://registry.npmjs.org/reflect-metadata set size:61305 disposed:false
35 silly fetch manifest rxjs@^7.8.1
36 silly packumentCache full:https://registry.npmjs.org/rxjs cache-miss
37 http fetch GET 200 https://registry.npmjs.org/rxjs 162ms (cache revalidated)
38 silly packumentCache full:https://registry.npmjs.org/rxjs set size:980097 disposed:false
39 silly fetch manifest @nestjs/core@^11.0.1
40 silly packumentCache full:https://registry.npmjs.org/@nestjs%2fcore cache-miss
41 http fetch GET 200 https://registry.npmjs.org/@nestjs%2fcore 155ms (cache revalidated)
42 silly packumentCache full:https://registry.npmjs.org/@nestjs%2fcore set size:1006622 disposed:false
43 silly fetch manifest @nestjs/microservices@^11.0.0
44 silly packumentCache full:https://registry.npmjs.org/@nestjs%2fmicroservices cache-miss
45 http fetch GET 200 https://registry.npmjs.org/@nestjs%2fmicroservices 103ms (cache revalidated)
46 silly packumentCache full:https://registry.npmjs.org/@nestjs%2fmicroservices set size:959782 disposed:false
47 silly fetch manifest @grpc/grpc-js@*
48 silly packumentCache full:https://registry.npmjs.org/@grpc%2fgrpc-js cache-miss
49 http fetch GET 200 https://registry.npmjs.org/@grpc%2fgrpc-js 70ms (cache revalidated)
50 silly packumentCache full:https://registry.npmjs.org/@grpc%2fgrpc-js set size:644100 disposed:false
51 silly fetch manifest @nestjs/websockets@^11.0.0
52 silly packumentCache full:https://registry.npmjs.org/@nestjs%2fwebsockets cache-miss
53 http fetch GET 200 https://registry.npmjs.org/@nestjs%2fwebsockets 68ms (cache revalidated)
54 silly packumentCache full:https://registry.npmjs.org/@nestjs%2fwebsockets set size:823500 disposed:false
55 silly fetch manifest @nestjs/platform-socket.io@^11.0.0
56 silly packumentCache full:https://registry.npmjs.org/@nestjs%2fplatform-socket.io cache-miss
57 http fetch GET 200 https://registry.npmjs.org/@nestjs%2fplatform-socket.io 57ms (cache revalidated)
58 silly packumentCache full:https://registry.npmjs.org/@nestjs%2fplatform-socket.io set size:683482 disposed:false
59 silly fetch manifest amqp-connection-manager@*
60 silly packumentCache full:https://registry.npmjs.org/amqp-connection-manager cache-miss
61 http fetch GET 200 https://registry.npmjs.org/amqp-connection-manager 50ms (cache revalidated)
62 silly packumentCache full:https://registry.npmjs.org/amqp-connection-manager set size:253676 disposed:false
63 silly fetch manifest amqplib@*
64 silly packumentCache full:https://registry.npmjs.org/amqplib cache-miss
65 http fetch GET 200 https://registry.npmjs.org/amqplib 41ms (cache revalidated)
66 silly packumentCache full:https://registry.npmjs.org/amqplib set size:79355 disposed:false
67 silly fetch manifest cache-manager@*
68 silly packumentCache full:https://registry.npmjs.org/cache-manager cache-miss
69 http fetch GET 200 https://registry.npmjs.org/cache-manager 57ms (cache revalidated)
70 silly packumentCache full:https://registry.npmjs.org/cache-manager set size:303757 disposed:false
71 silly fetch manifest ioredis@*
72 silly packumentCache full:https://registry.npmjs.org/ioredis cache-miss
73 http fetch GET 200 https://registry.npmjs.org/ioredis 44ms (cache revalidated)
74 silly packumentCache full:https://registry.npmjs.org/ioredis set size:795559 disposed:false
75 silly fetch manifest kafkajs@*
76 silly packumentCache full:https://registry.npmjs.org/kafkajs cache-miss
77 http fetch GET 200 https://registry.npmjs.org/kafkajs 42ms (cache revalidated)
78 silly packumentCache full:https://registry.npmjs.org/kafkajs set size:3133174 disposed:false
79 silly fetch manifest mqtt@*
80 silly packumentCache full:https://registry.npmjs.org/mqtt cache-miss
81 http fetch GET 200 https://registry.npmjs.org/mqtt 63ms (cache revalidated)
82 silly packumentCache full:https://registry.npmjs.org/mqtt set size:800367 disposed:false
83 silly fetch manifest nats@*
84 silly packumentCache full:https://registry.npmjs.org/nats cache-miss
85 http fetch GET 200 https://registry.npmjs.org/nats 43ms (cache revalidated)
86 silly packumentCache full:https://registry.npmjs.org/nats set size:773834 disposed:false
87 silly fetch manifest @nestjs/platform-express@^11.0.1
88 silly packumentCache full:https://registry.npmjs.org/@nestjs%2fplatform-express cache-miss
89 http fetch GET 200 https://registry.npmjs.org/@nestjs%2fplatform-express 68ms (cache revalidated)
90 silly packumentCache full:https://registry.npmjs.org/@nestjs%2fplatform-express set size:713570 disposed:false
91 silly fetch manifest typeorm@*
92 silly packumentCache full:https://registry.npmjs.org/typeorm cache-miss
93 http fetch GET 200 https://registry.npmjs.org/typeorm 151ms (cache miss)
94 silly packumentCache full:https://registry.npmjs.org/typeorm set size:undefined disposed:false
95 silly fetch manifest @google-cloud/spanner@^5.18.0 || ^6.0.0 || ^7.0.0
96 silly packumentCache full:https://registry.npmjs.org/@google-cloud%2fspanner cache-miss
97 http fetch GET 200 https://registry.npmjs.org/@google-cloud%2fspanner 522ms (cache miss)
98 silly packumentCache full:https://registry.npmjs.org/@google-cloud%2fspanner set size:undefined disposed:false
99 silly fetch manifest @sap/hana-client@^2.14.22
100 silly packumentCache full:https://registry.npmjs.org/@sap%2fhana-client cache-miss
101 http fetch GET 200 https://registry.npmjs.org/@sap%2fhana-client 470ms (cache miss)
102 silly packumentCache full:https://registry.npmjs.org/@sap%2fhana-client set size:undefined disposed:false
103 silly fetch manifest better-sqlite3@^8.0.0 || ^9.0.0 || ^10.0.0 || ^11.0.0 || ^12.0.0
104 silly packumentCache full:https://registry.npmjs.org/better-sqlite3 cache-miss
105 http fetch GET 200 https://registry.npmjs.org/better-sqlite3 100ms (cache miss)
106 silly packumentCache full:https://registry.npmjs.org/better-sqlite3 set size:undefined disposed:false
107 silly fetch manifest mongodb@^5.8.0 || ^6.0.0
108 silly packumentCache full:https://registry.npmjs.org/mongodb cache-miss
109 http fetch GET 200 https://registry.npmjs.org/mongodb 117ms (cache miss)
110 silly packumentCache full:https://registry.npmjs.org/mongodb set size:undefined disposed:false
111 silly fetch manifest @aws-sdk/credential-providers@^3.188.0
112 silly packumentCache full:https://registry.npmjs.org/@aws-sdk%2fcredential-providers cache-miss
113 http fetch GET 200 https://registry.npmjs.org/@aws-sdk%2fcredential-providers 99ms (cache miss)
114 silly packumentCache full:https://registry.npmjs.org/@aws-sdk%2fcredential-providers set size:undefined disposed:false
115 silly fetch manifest @mongodb-js/zstd@^1.1.0 || ^2.0.0
116 silly packumentCache full:https://registry.npmjs.org/@mongodb-js%2fzstd cache-miss
117 http fetch GET 200 https://registry.npmjs.org/@mongodb-js%2fzstd 60ms (cache miss)
118 silly packumentCache full:https://registry.npmjs.org/@mongodb-js%2fzstd set size:undefined disposed:false
119 silly fetch manifest gcp-metadata@^5.2.0
120 silly packumentCache full:https://registry.npmjs.org/gcp-metadata cache-miss
121 http fetch GET 200 https://registry.npmjs.org/gcp-metadata 53ms (cache miss)
122 silly packumentCache full:https://registry.npmjs.org/gcp-metadata set size:undefined disposed:false
123 silly fetch manifest kerberos@^2.0.1
124 silly packumentCache full:https://registry.npmjs.org/kerberos cache-miss
125 http fetch GET 200 https://registry.npmjs.org/kerberos 45ms (cache miss)
126 silly packumentCache full:https://registry.npmjs.org/kerberos set size:undefined disposed:false
127 silly fetch manifest mongodb-client-encryption@>=6.0.0 <7
128 silly packumentCache full:https://registry.npmjs.org/mongodb-client-encryption cache-miss
129 http fetch GET 200 https://registry.npmjs.org/mongodb-client-encryption 52ms (cache miss)
130 silly packumentCache full:https://registry.npmjs.org/mongodb-client-encryption set size:undefined disposed:false
131 silly fetch manifest snappy@^7.2.2
132 silly packumentCache full:https://registry.npmjs.org/snappy cache-miss
133 http fetch GET 200 https://registry.npmjs.org/snappy 62ms (cache miss)
134 silly packumentCache full:https://registry.npmjs.org/snappy set size:undefined disposed:false
135 silly fetch manifest socks@^2.7.1
136 silly packumentCache full:https://registry.npmjs.org/socks cache-miss
137 http fetch GET 200 https://registry.npmjs.org/socks 63ms (cache miss)
138 silly packumentCache full:https://registry.npmjs.org/socks set size:undefined disposed:false
139 silly fetch manifest mssql@^9.1.1 || ^10.0.1 || ^11.0.1
140 silly packumentCache full:https://registry.npmjs.org/mssql cache-miss
141 http fetch GET 200 https://registry.npmjs.org/mssql 132ms (cache miss)
142 silly packumentCache full:https://registry.npmjs.org/mssql set size:undefined disposed:false
143 silly fetch manifest mysql2@^2.2.5 || ^3.0.1
144 silly packumentCache full:https://registry.npmjs.org/mysql2 cache-miss
145 http fetch GET 200 https://registry.npmjs.org/mysql2 59ms (cache miss)
146 silly packumentCache full:https://registry.npmjs.org/mysql2 set size:undefined disposed:false
147 silly fetch manifest oracledb@^6.3.0
148 silly packumentCache full:https://registry.npmjs.org/oracledb cache-miss
149 http fetch GET 200 https://registry.npmjs.org/oracledb 66ms (cache miss)
150 silly packumentCache full:https://registry.npmjs.org/oracledb set size:undefined disposed:false
151 silly fetch manifest pg@*
152 silly packumentCache full:https://registry.npmjs.org/pg cache-miss
153 http fetch GET 200 https://registry.npmjs.org/pg 56ms (cache miss)
154 silly packumentCache full:https://registry.npmjs.org/pg set size:undefined disposed:false
155 silly fetch manifest pg-native@>=3.0.1
156 silly packumentCache full:https://registry.npmjs.org/pg-native cache-miss
157 http fetch GET 200 https://registry.npmjs.org/pg-native 52ms (cache miss)
158 silly packumentCache full:https://registry.npmjs.org/pg-native set size:undefined disposed:false
159 silly fetch manifest pg-query-stream@^4.0.0
160 silly packumentCache full:https://registry.npmjs.org/pg-query-stream cache-miss
161 http fetch GET 200 https://registry.npmjs.org/pg-query-stream 65ms (cache miss)
162 silly packumentCache full:https://registry.npmjs.org/pg-query-stream set size:undefined disposed:false
163 silly fetch manifest redis@^3.1.1 || ^4.0.0 || ^5.0.14
164 silly packumentCache full:https://registry.npmjs.org/redis cache-miss
165 http fetch GET 200 https://registry.npmjs.org/redis 69ms (cache miss)
166 silly packumentCache full:https://registry.npmjs.org/redis set size:undefined disposed:false
167 silly fetch manifest sql.js@^1.4.0
168 silly packumentCache full:https://registry.npmjs.org/sql.js cache-miss
169 http fetch GET 200 https://registry.npmjs.org/sql.js 56ms (cache miss)
170 silly packumentCache full:https://registry.npmjs.org/sql.js set size:undefined disposed:false
171 silly fetch manifest sqlite3@^5.0.3
172 silly packumentCache full:https://registry.npmjs.org/sqlite3 cache-miss
173 http fetch GET 200 https://registry.npmjs.org/sqlite3 88ms (cache miss)
174 silly packumentCache full:https://registry.npmjs.org/sqlite3 set size:undefined disposed:false
175 silly fetch manifest ts-node@^10.9.2
176 silly packumentCache full:https://registry.npmjs.org/ts-node cache-miss
177 http fetch GET 200 https://registry.npmjs.org/ts-node 58ms (cache revalidated)
178 silly packumentCache full:https://registry.npmjs.org/ts-node set size:574536 disposed:false
179 silly fetch manifest @swc/core@>=1.2.50
180 silly packumentCache full:https://registry.npmjs.org/@swc%2fcore cache-miss
181 http fetch GET 200 https://registry.npmjs.org/@swc%2fcore 18ms (cache hit)
182 silly packumentCache full:https://registry.npmjs.org/@swc%2fcore set size:3758684 disposed:false
183 silly fetch manifest @swc/helpers@>=0.5.17
184 silly packumentCache full:https://registry.npmjs.org/@swc%2fhelpers cache-miss
185 http fetch GET 200 https://registry.npmjs.org/@swc%2fhelpers 27ms (cache hit)
186 silly packumentCache full:https://registry.npmjs.org/@swc%2fhelpers set size:631925 disposed:false
187 silly fetch manifest @swc/wasm@>=1.2.50
188 silly packumentCache full:https://registry.npmjs.org/@swc%2fwasm cache-miss
189 http fetch GET 200 https://registry.npmjs.org/@swc%2fwasm 68ms (cache revalidated)
190 silly packumentCache full:https://registry.npmjs.org/@swc%2fwasm set size:1246975 disposed:false
191 silly fetch manifest @types/node@^22.10.7
192 silly packumentCache full:https://registry.npmjs.org/@types%2fnode cache-miss
193 http fetch GET 200 https://registry.npmjs.org/@types%2fnode 100ms (cache revalidated)
194 silly packumentCache full:https://registry.npmjs.org/@types%2fnode set size:10491171 disposed:false
195 silly fetch manifest typescript@^5.7.3
196 silly packumentCache full:https://registry.npmjs.org/typescript cache-miss
197 http fetch GET 200 https://registry.npmjs.org/typescript 90ms (cache revalidated)
198 silly packumentCache full:https://registry.npmjs.org/typescript set size:14570974 disposed:false
199 silly fetch manifest typeorm-aurora-data-api-driver@^2.0.0 || ^3.0.0
200 silly packumentCache full:https://registry.npmjs.org/typeorm-aurora-data-api-driver cache-miss
201 http fetch GET 200 https://registry.npmjs.org/typeorm-aurora-data-api-driver 97ms (cache miss)
202 silly packumentCache full:https://registry.npmjs.org/typeorm-aurora-data-api-driver set size:undefined disposed:false
203 silly fetch manifest @aws-sdk/client-rds-data@^3.490.0
204 silly packumentCache full:https://registry.npmjs.org/@aws-sdk%2fclient-rds-data cache-miss
205 http fetch GET 200 https://registry.npmjs.org/@aws-sdk%2fclient-rds-data 516ms (cache miss)
206 silly packumentCache full:https://registry.npmjs.org/@aws-sdk%2fclient-rds-data set size:undefined disposed:false
207 silly placeDep ROOT @nestjs/typeorm@11.0.0 OK for: backend@0.0.1 want: *
208 silly placeDep ROOT typeorm@0.3.26 OK for: @nestjs/typeorm@11.0.0 want: ^0.3.0
209 silly placeDep ROOT pg@8.16.3 OK for: backend@0.0.1 want: *
210 silly placeDep ROOT typeorm@0.3.26 REPLACE for: backend@0.0.1 want: *
211 silly fetch manifest glob@^10.4.5
212 silly packumentCache full:https://registry.npmjs.org/glob cache-miss
213 silly fetch manifest uuid@^11.1.0
214 silly packumentCache full:https://registry.npmjs.org/uuid cache-miss
215 silly fetch manifest ansis@^3.17.0
216 silly packumentCache full:https://registry.npmjs.org/ansis cache-miss
217 silly fetch manifest dayjs@^1.11.13
218 silly packumentCache full:https://registry.npmjs.org/dayjs cache-miss
219 silly fetch manifest buffer@^6.0.3
220 silly packumentCache full:https://registry.npmjs.org/buffer cache-miss
221 silly fetch manifest dotenv@^16.4.7
222 silly packumentCache full:https://registry.npmjs.org/dotenv cache-miss
223 silly fetch manifest sha.js@^2.4.11
224 silly packumentCache full:https://registry.npmjs.org/sha.js cache-miss
225 silly fetch manifest app-root-path@^3.1.0
226 silly packumentCache full:https://registry.npmjs.org/app-root-path cache-miss
227 silly fetch manifest sql-highlight@^6.0.0
228 silly packumentCache full:https://registry.npmjs.org/sql-highlight cache-miss
229 silly fetch manifest @sqltools/formatter@^1.2.5
230 silly packumentCache full:https://registry.npmjs.org/@sqltools%2fformatter cache-miss
231 silly fetch manifest pg-connection-string@^2.9.1
232 silly packumentCache full:https://registry.npmjs.org/pg-connection-string cache-miss
233 silly fetch manifest pg-pool@^3.10.1
234 silly packumentCache full:https://registry.npmjs.org/pg-pool cache-miss
235 silly fetch manifest pg-protocol@^1.10.3
236 silly packumentCache full:https://registry.npmjs.org/pg-protocol cache-miss
237 silly fetch manifest pg-types@2.2.0
238 silly packumentCache full:https://registry.npmjs.org/pg-types cache-miss
239 silly fetch manifest pgpass@1.0.5
240 silly packumentCache full:https://registry.npmjs.org/pgpass cache-miss
241 silly fetch manifest pg-cloudflare@^1.2.7
242 silly packumentCache full:https://registry.npmjs.org/pg-cloudflare cache-miss
243 silly fetch manifest glob@^10.4.5
244 silly packumentCache full:https://registry.npmjs.org/glob cache-miss
245 http fetch GET 200 https://registry.npmjs.org/ansis 87ms (cache revalidated)
246 silly packumentCache full:https://registry.npmjs.org/ansis set size:207100 disposed:false
247 silly fetch manifest uuid@^11.1.0
248 silly packumentCache full:https://registry.npmjs.org/uuid cache-miss
249 http fetch GET 200 https://registry.npmjs.org/dayjs 90ms (cache miss)
250 silly packumentCache full:https://registry.npmjs.org/dayjs set size:undefined disposed:false
251 silly fetch manifest buffer@^6.0.3
252 silly packumentCache full:https://registry.npmjs.org/buffer cache-miss
253 http fetch GET 200 https://registry.npmjs.org/glob 112ms (cache revalidated)
254 silly packumentCache full:https://registry.npmjs.org/glob set size:408718 disposed:false
255 silly fetch manifest dotenv@^16.4.7
256 silly packumentCache full:https://registry.npmjs.org/dotenv cache-miss
257 http fetch GET 200 https://registry.npmjs.org/app-root-path 128ms (cache miss)
258 silly packumentCache full:https://registry.npmjs.org/app-root-path set size:undefined disposed:false
259 silly fetch manifest sha.js@^2.4.11
260 silly packumentCache full:https://registry.npmjs.org/sha.js cache-miss
261 http fetch GET 200 https://registry.npmjs.org/sha.js 131ms (cache miss)
262 silly packumentCache full:https://registry.npmjs.org/sha.js set size:undefined disposed:false
263 silly fetch manifest sql-highlight@^6.0.0
264 silly packumentCache full:https://registry.npmjs.org/sql-highlight cache-miss
265 http fetch GET 200 https://registry.npmjs.org/pg-types 139ms (cache miss)
266 silly packumentCache full:https://registry.npmjs.org/pg-types set size:undefined disposed:false
267 silly fetch manifest @sqltools/formatter@^1.2.5
268 silly packumentCache full:https://registry.npmjs.org/@sqltools%2fformatter cache-miss
269 http fetch GET 200 https://registry.npmjs.org/pg-connection-string 142ms (cache miss)
270 silly packumentCache full:https://registry.npmjs.org/pg-connection-string set size:undefined disposed:false
271 http fetch GET 200 https://registry.npmjs.org/buffer 150ms (cache revalidated)
272 silly packumentCache full:https://registry.npmjs.org/buffer set size:280480 disposed:false
273 http fetch GET 200 https://registry.npmjs.org/buffer 63ms (cache revalidated)
274 silly packumentCache full:https://registry.npmjs.org/buffer set size:280480 disposed:false
275 silly packumentCache full:https://registry.npmjs.org/buffer dispose
276 http fetch GET 200 https://registry.npmjs.org/pgpass 154ms (cache miss)
277 silly packumentCache full:https://registry.npmjs.org/pgpass set size:undefined disposed:false
278 http fetch GET 200 https://registry.npmjs.org/glob 162ms (cache revalidated)
279 silly packumentCache full:https://registry.npmjs.org/glob set size:408718 disposed:false
280 silly packumentCache full:https://registry.npmjs.org/glob dispose
281 http fetch GET 200 https://registry.npmjs.org/pg-pool 163ms (cache miss)
282 silly packumentCache full:https://registry.npmjs.org/pg-pool set size:undefined disposed:false
283 http fetch GET 200 https://registry.npmjs.org/sha.js 39ms (cache hit)
284 silly packumentCache full:https://registry.npmjs.org/sha.js set size:68119 disposed:false
285 http fetch GET 200 https://registry.npmjs.org/pg-cloudflare 165ms (cache miss)
286 silly packumentCache full:https://registry.npmjs.org/pg-cloudflare set size:undefined disposed:false
287 http fetch GET 200 https://registry.npmjs.org/dotenv 177ms (cache miss)
288 silly packumentCache full:https://registry.npmjs.org/dotenv set size:undefined disposed:false
289 http fetch GET 200 https://registry.npmjs.org/uuid 100ms (cache miss)
290 silly packumentCache full:https://registry.npmjs.org/uuid set size:undefined disposed:false
291 http fetch GET 200 https://registry.npmjs.org/pg-protocol 190ms (cache miss)
292 silly packumentCache full:https://registry.npmjs.org/pg-protocol set size:undefined disposed:false
293 http fetch GET 200 https://registry.npmjs.org/uuid 198ms (cache miss)
294 silly packumentCache full:https://registry.npmjs.org/uuid set size:undefined disposed:false
295 http fetch GET 200 https://registry.npmjs.org/sql-highlight 198ms (cache miss)
296 silly packumentCache full:https://registry.npmjs.org/sql-highlight set size:undefined disposed:false
297 http fetch GET 200 https://registry.npmjs.org/dotenv 81ms (cache miss)
298 silly packumentCache full:https://registry.npmjs.org/dotenv set size:undefined disposed:false
299 http fetch GET 200 https://registry.npmjs.org/sql-highlight 73ms (cache miss)
300 silly packumentCache full:https://registry.npmjs.org/sql-highlight set size:undefined disposed:false
301 http fetch GET 200 https://registry.npmjs.org/@sqltools%2fformatter 450ms (cache miss)
302 silly packumentCache full:https://registry.npmjs.org/@sqltools%2fformatter set size:undefined disposed:false
303 http fetch GET 200 https://registry.npmjs.org/@sqltools%2fformatter 349ms (cache miss)
304 silly packumentCache full:https://registry.npmjs.org/@sqltools%2fformatter set size:undefined disposed:false
305 silly fetch manifest pg@>=8.0
306 silly packumentCache full:https://registry.npmjs.org/pg cache-miss
307 http fetch GET 200 https://registry.npmjs.org/pg 10ms (cache hit)
308 silly packumentCache full:https://registry.npmjs.org/pg set size:461675 disposed:false
309 silly placeDep ROOT pg-cloudflare@1.2.7 OK for: pg@8.16.3 want: ^1.2.7
310 silly placeDep ROOT pg-connection-string@2.9.1 OK for: pg@8.16.3 want: ^2.9.1
311 silly placeDep ROOT pg-pool@3.10.1 OK for: pg@8.16.3 want: ^3.10.1
312 silly placeDep ROOT pg-protocol@1.10.3 OK for: pg@8.16.3 want: ^1.10.3
313 silly placeDep ROOT pg-types@2.2.0 OK for: pg@8.16.3 want: 2.2.0
314 silly placeDep ROOT pgpass@1.0.5 OK for: pg@8.16.3 want: 1.0.5
315 silly fetch manifest pg-int8@1.0.1
316 silly packumentCache full:https://registry.npmjs.org/pg-int8 cache-miss
317 silly fetch manifest postgres-date@~1.0.4
318 silly packumentCache full:https://registry.npmjs.org/postgres-date cache-miss
319 silly fetch manifest postgres-array@~2.0.0
320 silly packumentCache full:https://registry.npmjs.org/postgres-array cache-miss
321 silly fetch manifest postgres-bytea@~1.0.0
322 silly packumentCache full:https://registry.npmjs.org/postgres-bytea cache-miss
323 silly fetch manifest postgres-interval@^1.1.0
324 silly packumentCache full:https://registry.npmjs.org/postgres-interval cache-miss
325 silly fetch manifest split2@^4.1.0
326 silly packumentCache full:https://registry.npmjs.org/split2 cache-miss
327 http fetch GET 200 https://registry.npmjs.org/postgres-date 55ms (cache miss)
328 silly packumentCache full:https://registry.npmjs.org/postgres-date set size:undefined disposed:false
329 http fetch GET 200 https://registry.npmjs.org/pg-int8 57ms (cache miss)
330 silly packumentCache full:https://registry.npmjs.org/pg-int8 set size:undefined disposed:false
331 http fetch GET 200 https://registry.npmjs.org/postgres-interval 59ms (cache miss)
332 silly packumentCache full:https://registry.npmjs.org/postgres-interval set size:undefined disposed:false
333 http fetch GET 200 https://registry.npmjs.org/postgres-array 75ms (cache miss)
334 silly packumentCache full:https://registry.npmjs.org/postgres-array set size:undefined disposed:false
335 http fetch GET 200 https://registry.npmjs.org/postgres-bytea 79ms (cache miss)
336 silly packumentCache full:https://registry.npmjs.org/postgres-bytea set size:undefined disposed:false
337 http fetch GET 200 https://registry.npmjs.org/split2 102ms (cache miss)
338 silly packumentCache full:https://registry.npmjs.org/split2 set size:undefined disposed:false
339 silly placeDep ROOT pg-int8@1.0.1 OK for: pg-types@2.2.0 want: 1.0.1
340 silly placeDep ROOT postgres-array@2.0.0 OK for: pg-types@2.2.0 want: ~2.0.0
341 silly placeDep ROOT postgres-bytea@1.0.0 OK for: pg-types@2.2.0 want: ~1.0.0
342 silly placeDep ROOT postgres-date@1.0.7 OK for: pg-types@2.2.0 want: ~1.0.4
343 silly placeDep ROOT postgres-interval@1.2.0 OK for: pg-types@2.2.0 want: ^1.1.0
344 silly placeDep ROOT split2@4.2.0 OK for: pgpass@1.0.5 want: ^4.1.0
345 silly placeDep ROOT @sqltools/formatter@1.2.5 OK for: typeorm@0.3.26 want: ^1.2.5
346 silly placeDep node_modules/typeorm ansis@3.17.0 OK for: typeorm@0.3.26 want: ^3.17.0
347 silly placeDep ROOT app-root-path@3.1.0 OK for: typeorm@0.3.26 want: ^3.1.0
348 silly placeDep node_modules/typeorm buffer@6.0.3 OK for: typeorm@0.3.26 want: ^6.0.3
349 silly placeDep ROOT dayjs@1.11.13 OK for: typeorm@0.3.26 want: ^1.11.13
350 silly placeDep ROOT dotenv@16.6.1 OK for: typeorm@0.3.26 want: ^16.4.7
351 silly placeDep node_modules/typeorm glob@10.4.5 OK for: typeorm@0.3.26 want: ^10.4.5
352 silly placeDep ROOT sha.js@2.4.12 OK for: typeorm@0.3.26 want: ^2.4.11
353 silly placeDep ROOT sql-highlight@6.1.0 OK for: typeorm@0.3.26 want: ^6.0.0
354 silly placeDep ROOT uuid@11.1.0 OK for: typeorm@0.3.26 want: ^11.1.0
355 silly fetch manifest jackspeak@^3.1.2
356 silly packumentCache full:https://registry.npmjs.org/jackspeak cache-miss
357 silly fetch manifest minimatch@^9.0.4
358 silly packumentCache full:https://registry.npmjs.org/minimatch cache-miss
359 silly fetch manifest path-scurry@^1.11.1
360 silly packumentCache full:https://registry.npmjs.org/path-scurry cache-miss
361 silly fetch manifest to-buffer@^1.2.0
362 silly packumentCache full:https://registry.npmjs.org/to-buffer cache-miss
363 http fetch GET 200 https://registry.npmjs.org/to-buffer 48ms (cache miss)
364 silly packumentCache full:https://registry.npmjs.org/to-buffer set size:undefined disposed:false
365 http fetch GET 200 https://registry.npmjs.org/jackspeak 55ms (cache revalidated)
366 silly packumentCache full:https://registry.npmjs.org/jackspeak set size:189177 disposed:false
367 http fetch GET 200 https://registry.npmjs.org/minimatch 88ms (cache revalidated)
368 silly packumentCache full:https://registry.npmjs.org/minimatch set size:298903 disposed:false
369 http fetch GET 200 https://registry.npmjs.org/path-scurry 126ms (cache revalidated)
370 silly packumentCache full:https://registry.npmjs.org/path-scurry set size:112463 disposed:false
371 silly placeDep ROOT to-buffer@1.2.1 OK for: sha.js@2.4.12 want: ^1.2.0
372 silly fetch manifest isarray@^2.0.5
373 silly packumentCache full:https://registry.npmjs.org/isarray cache-miss
374 silly fetch manifest typed-array-buffer@^1.0.3
375 silly packumentCache full:https://registry.npmjs.org/typed-array-buffer cache-miss
376 http fetch GET 200 https://registry.npmjs.org/typed-array-buffer 49ms (cache miss)
377 silly packumentCache full:https://registry.npmjs.org/typed-array-buffer set size:undefined disposed:false
378 http fetch GET 200 https://registry.npmjs.org/isarray 52ms (cache miss)
379 silly packumentCache full:https://registry.npmjs.org/isarray set size:undefined disposed:false
380 silly placeDep ROOT isarray@2.0.5 OK for: to-buffer@1.2.1 want: ^2.0.5
381 silly placeDep ROOT typed-array-buffer@1.0.3 OK for: to-buffer@1.2.1 want: ^1.0.3
382 silly fetch manifest is-typed-array@^1.1.14
383 silly packumentCache full:https://registry.npmjs.org/is-typed-array cache-miss
384 http fetch GET 200 https://registry.npmjs.org/is-typed-array 56ms (cache miss)
385 silly packumentCache full:https://registry.npmjs.org/is-typed-array set size:undefined disposed:false
386 silly placeDep ROOT is-typed-array@1.1.15 OK for: typed-array-buffer@1.0.3 want: ^1.1.14
387 silly fetch manifest which-typed-array@^1.1.16
388 silly packumentCache full:https://registry.npmjs.org/which-typed-array cache-miss
389 http fetch GET 200 https://registry.npmjs.org/which-typed-array 39ms (cache miss)
390 silly packumentCache full:https://registry.npmjs.org/which-typed-array set size:undefined disposed:false
391 silly placeDep ROOT which-typed-array@1.1.19 OK for: is-typed-array@1.1.15 want: ^1.1.16
392 silly fetch manifest available-typed-arrays@^1.0.7
393 silly packumentCache full:https://registry.npmjs.org/available-typed-arrays cache-miss
394 silly fetch manifest call-bind@^1.0.8
395 silly packumentCache full:https://registry.npmjs.org/call-bind cache-miss
396 silly fetch manifest for-each@^0.3.5
397 silly packumentCache full:https://registry.npmjs.org/for-each cache-miss
398 http fetch GET 200 https://registry.npmjs.org/available-typed-arrays 44ms (cache miss)
399 silly packumentCache full:https://registry.npmjs.org/available-typed-arrays set size:undefined disposed:false
400 http fetch GET 200 https://registry.npmjs.org/for-each 45ms (cache miss)
401 silly packumentCache full:https://registry.npmjs.org/for-each set size:undefined disposed:false
402 http fetch GET 200 https://registry.npmjs.org/call-bind 47ms (cache miss)
403 silly packumentCache full:https://registry.npmjs.org/call-bind set size:undefined disposed:false
404 silly placeDep ROOT available-typed-arrays@1.0.7 OK for: which-typed-array@1.1.19 want: ^1.0.7
405 silly placeDep ROOT call-bind@1.0.8 OK for: which-typed-array@1.1.19 want: ^1.0.8
406 silly placeDep ROOT for-each@0.3.5 OK for: which-typed-array@1.1.19 want: ^0.3.5
407 silly fetch manifest possible-typed-array-names@^1.0.0
408 silly packumentCache full:https://registry.npmjs.org/possible-typed-array-names cache-miss
409 silly fetch manifest set-function-length@^1.2.2
410 silly packumentCache full:https://registry.npmjs.org/set-function-length cache-miss
411 silly fetch manifest is-callable@^1.2.7
412 silly packumentCache full:https://registry.npmjs.org/is-callable cache-miss
413 http fetch GET 200 https://registry.npmjs.org/possible-typed-array-names 49ms (cache miss)
414 silly packumentCache full:https://registry.npmjs.org/possible-typed-array-names set size:undefined disposed:false
415 http fetch GET 200 https://registry.npmjs.org/set-function-length 50ms (cache miss)
416 silly packumentCache full:https://registry.npmjs.org/set-function-length set size:undefined disposed:false
417 http fetch GET 200 https://registry.npmjs.org/is-callable 87ms (cache miss)
418 silly packumentCache full:https://registry.npmjs.org/is-callable set size:undefined disposed:false
419 silly placeDep ROOT possible-typed-array-names@1.1.0 OK for: available-typed-arrays@1.0.7 want: ^1.0.0
420 silly placeDep ROOT set-function-length@1.2.2 OK for: call-bind@1.0.8 want: ^1.2.2
421 silly fetch manifest define-data-property@^1.1.4
422 silly packumentCache full:https://registry.npmjs.org/define-data-property cache-miss
423 silly fetch manifest has-property-descriptors@^1.0.2
424 silly packumentCache full:https://registry.npmjs.org/has-property-descriptors cache-miss
425 http fetch GET 200 https://registry.npmjs.org/define-data-property 67ms (cache miss)
426 silly packumentCache full:https://registry.npmjs.org/define-data-property set size:undefined disposed:false
427 http fetch GET 200 https://registry.npmjs.org/has-property-descriptors 75ms (cache miss)
428 silly packumentCache full:https://registry.npmjs.org/has-property-descriptors set size:undefined disposed:false
429 silly placeDep ROOT is-callable@1.2.7 OK for: for-each@0.3.5 want: ^1.2.7
430 silly placeDep ROOT define-data-property@1.1.4 OK for: set-function-length@1.2.2 want: ^1.1.4
431 silly placeDep ROOT has-property-descriptors@1.0.2 OK for: set-function-length@1.2.2 want: ^1.0.2
432 silly placeDep node_modules/typeorm jackspeak@3.4.3 OK for: glob@10.4.5 want: ^3.1.2
433 silly placeDep node_modules/typeorm minimatch@9.0.5 OK for: glob@10.4.5 want: ^9.0.4
434 silly placeDep node_modules/typeorm path-scurry@1.11.1 OK for: glob@10.4.5 want: ^1.11.1
435 silly fetch manifest brace-expansion@^2.0.1
436 silly packumentCache full:https://registry.npmjs.org/brace-expansion cache-miss
437 silly fetch manifest lru-cache@^10.2.0
438 silly packumentCache full:https://registry.npmjs.org/lru-cache cache-miss
439 http fetch GET 200 https://registry.npmjs.org/brace-expansion 38ms (cache revalidated)
440 silly packumentCache full:https://registry.npmjs.org/brace-expansion set size:46250 disposed:false
441 http fetch GET 200 https://registry.npmjs.org/lru-cache 56ms (cache revalidated)
442 silly packumentCache full:https://registry.npmjs.org/lru-cache set size:391063 disposed:false
443 silly placeDep node_modules/typeorm brace-expansion@2.0.2 OK for: minimatch@9.0.5 want: ^2.0.1
444 silly placeDep node_modules/typeorm lru-cache@10.4.3 OK for: path-scurry@1.11.1 want: ^10.2.0
445 silly reify moves {}
446 silly reify mark deleted [ 'C:\\proj\\RoomLink\\backend\\node_modules\\@colors\\colors' ]
447 silly reify mark deleted [ 'C:\\proj\\RoomLink\\backend\\node_modules\\@emnapi\\core' ]
448 silly reify mark deleted [ 'C:\\proj\\RoomLink\\backend\\node_modules\\@emnapi\\runtime' ]
449 silly reify mark deleted [ 'C:\\proj\\RoomLink\\backend\\node_modules\\@emnapi\\wasi-threads' ]
450 silly reify mark deleted [ 'C:\\proj\\RoomLink\\backend\\node_modules\\@napi-rs\\wasm-runtime' ]
451 silly reify mark deleted [ 'C:\\proj\\RoomLink\\backend\\node_modules\\@pkgjs\\parseargs' ]
452 silly reify mark deleted [ 'C:\\proj\\RoomLink\\backend\\node_modules\\@tybys\\wasm-util' ]
453 silly reify mark deleted [
453 silly reify   'C:\\proj\\RoomLink\\backend\\node_modules\\@unrs\\resolver-binding-android-arm-eabi'
453 silly reify ]
454 silly reify mark deleted [
454 silly reify   'C:\\proj\\RoomLink\\backend\\node_modules\\@unrs\\resolver-binding-android-arm64'
454 silly reify ]
455 silly reify mark deleted [
455 silly reify   'C:\\proj\\RoomLink\\backend\\node_modules\\@unrs\\resolver-binding-darwin-arm64'
455 silly reify ]
456 silly reify mark deleted [
456 silly reify   'C:\\proj\\RoomLink\\backend\\node_modules\\@unrs\\resolver-binding-darwin-x64'
456 silly reify ]
457 silly reify mark deleted [
457 silly reify   'C:\\proj\\RoomLink\\backend\\node_modules\\@unrs\\resolver-binding-freebsd-x64'
457 silly reify ]
458 silly reify mark deleted [
458 silly reify   'C:\\proj\\RoomLink\\backend\\node_modules\\@unrs\\resolver-binding-linux-arm-gnueabihf'
458 silly reify ]
459 silly reify mark deleted [
459 silly reify   'C:\\proj\\RoomLink\\backend\\node_modules\\@unrs\\resolver-binding-linux-arm-musleabihf'
459 silly reify ]
460 silly reify mark deleted [
460 silly reify   'C:\\proj\\RoomLink\\backend\\node_modules\\@unrs\\resolver-binding-linux-arm64-gnu'
460 silly reify ]
461 silly reify mark deleted [
461 silly reify   'C:\\proj\\RoomLink\\backend\\node_modules\\@unrs\\resolver-binding-linux-arm64-musl'
461 silly reify ]
462 silly reify mark deleted [
462 silly reify   'C:\\proj\\RoomLink\\backend\\node_modules\\@unrs\\resolver-binding-linux-ppc64-gnu'
462 silly reify ]
463 silly reify mark deleted [
463 silly reify   'C:\\proj\\RoomLink\\backend\\node_modules\\@unrs\\resolver-binding-linux-riscv64-gnu'
463 silly reify ]
464 silly reify mark deleted [
464 silly reify   'C:\\proj\\RoomLink\\backend\\node_modules\\@unrs\\resolver-binding-linux-riscv64-musl'
464 silly reify ]
465 silly reify mark deleted [
465 silly reify   'C:\\proj\\RoomLink\\backend\\node_modules\\@unrs\\resolver-binding-linux-s390x-gnu'
465 silly reify ]
466 silly reify mark deleted [
466 silly reify   'C:\\proj\\RoomLink\\backend\\node_modules\\@unrs\\resolver-binding-linux-x64-gnu'
466 silly reify ]
467 silly reify mark deleted [
467 silly reify   'C:\\proj\\RoomLink\\backend\\node_modules\\@unrs\\resolver-binding-linux-x64-musl'
467 silly reify ]
468 silly reify mark deleted [
468 silly reify   'C:\\proj\\RoomLink\\backend\\node_modules\\@unrs\\resolver-binding-wasm32-wasi'
468 silly reify ]
469 silly reify mark deleted [
469 silly reify   'C:\\proj\\RoomLink\\backend\\node_modules\\@unrs\\resolver-binding-win32-arm64-msvc'
469 silly reify ]
470 silly reify mark deleted [
470 silly reify   'C:\\proj\\RoomLink\\backend\\node_modules\\@unrs\\resolver-binding-win32-ia32-msvc'
470 silly reify ]
471 silly reify mark deleted [
471 silly reify   'C:\\proj\\RoomLink\\backend\\node_modules\\@unrs\\resolver-binding-win32-x64-msvc'
471 silly reify ]
472 silly reify mark deleted [ 'C:\\proj\\RoomLink\\backend\\node_modules\\fsevents' ]
473 silly reify mark deleted [
473 silly reify   'C:\\proj\\RoomLink\\backend\\node_modules\\uglify-js',
473 silly reify   'C:\\proj\\RoomLink\\backend\\node_modules\\.bin\\uglifyjs',
473 silly reify   'C:\\proj\\RoomLink\\backend\\node_modules\\.bin\\uglifyjs.cmd',
473 silly reify   'C:\\proj\\RoomLink\\backend\\node_modules\\.bin\\uglifyjs.ps1'
473 silly reify ]
474 silly reify mark deleted [ 'C:\\proj\\RoomLink\\backend\\node_modules\\pg-cloudflare' ]
475 silly audit bulk request {
475 silly audit   '@ampproject/remapping': [ '2.3.0' ],
475 silly audit   '@angular-devkit/core': [ '19.2.15' ],
475 silly audit   ajv: [ '8.17.1', '6.12.6' ],
475 silly audit   'json-schema-traverse': [ '1.0.0', '0.4.1' ],
475 silly audit   rxjs: [ '7.8.1', '7.8.2' ],
475 silly audit   '@angular-devkit/schematics': [ '19.2.15' ],
475 silly audit   '@angular-devkit/schematics-cli': [ '19.2.15' ],
475 silly audit   '@inquirer/prompts': [ '7.3.2', '7.8.0' ],
475 silly audit   '@babel/code-frame': [ '7.27.1' ],
475 silly audit   '@babel/compat-data': [ '7.28.0' ],
475 silly audit   '@babel/core': [ '7.28.3' ],
475 silly audit   semver: [ '6.3.1', '7.7.2' ],
475 silly audit   '@babel/generator': [ '7.28.3' ],
475 silly audit   '@babel/helper-compilation-targets': [ '7.27.2' ],
475 silly audit   '@babel/helper-globals': [ '7.28.0' ],
475 silly audit   '@babel/helper-module-imports': [ '7.27.1' ],
475 silly audit   '@babel/helper-module-transforms': [ '7.28.3' ],
475 silly audit   '@babel/helper-plugin-utils': [ '7.27.1' ],
475 silly audit   '@babel/helper-string-parser': [ '7.27.1' ],
475 silly audit   '@babel/helper-validator-identifier': [ '7.27.1' ],
475 silly audit   '@babel/helper-validator-option': [ '7.27.1' ],
475 silly audit   '@babel/helpers': [ '7.28.3' ],
475 silly audit   '@babel/parser': [ '7.28.3' ],
475 silly audit   '@babel/plugin-syntax-async-generators': [ '7.8.4' ],
475 silly audit   '@babel/plugin-syntax-bigint': [ '7.8.3' ],
475 silly audit   '@babel/plugin-syntax-class-properties': [ '7.12.13' ],
475 silly audit   '@babel/plugin-syntax-class-static-block': [ '7.14.5' ],
475 silly audit   '@babel/plugin-syntax-import-attributes': [ '7.27.1' ],
475 silly audit   '@babel/plugin-syntax-import-meta': [ '7.10.4' ],
475 silly audit   '@babel/plugin-syntax-json-strings': [ '7.8.3' ],
475 silly audit   '@babel/plugin-syntax-jsx': [ '7.27.1' ],
475 silly audit   '@babel/plugin-syntax-logical-assignment-operators': [ '7.10.4' ],
475 silly audit   '@babel/plugin-syntax-nullish-coalescing-operator': [ '7.8.3' ],
475 silly audit   '@babel/plugin-syntax-numeric-separator': [ '7.10.4' ],
475 silly audit   '@babel/plugin-syntax-object-rest-spread': [ '7.8.3' ],
475 silly audit   '@babel/plugin-syntax-optional-catch-binding': [ '7.8.3' ],
475 silly audit   '@babel/plugin-syntax-optional-chaining': [ '7.8.3' ],
475 silly audit   '@babel/plugin-syntax-private-property-in-object': [ '7.14.5' ],
475 silly audit   '@babel/plugin-syntax-top-level-await': [ '7.14.5' ],
475 silly audit   '@babel/plugin-syntax-typescript': [ '7.27.1' ],
475 silly audit   '@babel/template': [ '7.27.2' ],
475 silly audit   '@babel/traverse': [ '7.28.3' ],
475 silly audit   '@babel/types': [ '7.28.2' ],
475 silly audit   '@bcoe/v8-coverage': [ '0.2.3' ],
475 silly audit   '@borewit/text-codec': [ '0.1.1' ],
475 silly audit   '@cspotcode/source-map-support': [ '0.8.1' ],
475 silly audit   '@jridgewell/trace-mapping': [ '0.3.9', '0.3.30' ],
475 silly audit   '@eslint-community/eslint-utils': [ '4.7.0' ],
475 silly audit   'eslint-visitor-keys': [ '3.4.3', '4.2.1' ],
475 silly audit   '@eslint-community/regexpp': [ '4.12.1' ],
475 silly audit   '@eslint/config-array': [ '0.21.0' ],
475 silly audit   '@eslint/config-helpers': [ '0.3.1' ],
475 silly audit   '@eslint/core': [ '0.15.2' ],
475 silly audit   '@eslint/eslintrc': [ '3.3.1' ],
475 silly audit   globals: [ '14.0.0', '16.3.0' ],
475 silly audit   '@eslint/js': [ '9.33.0' ],
475 silly audit   '@eslint/object-schema': [ '2.1.6' ],
475 silly audit   '@eslint/plugin-kit': [ '0.3.5' ],
475 silly audit   '@humanfs/core': [ '0.19.1' ],
475 silly audit   '@humanfs/node': [ '0.16.6' ],
475 silly audit   '@humanwhocodes/retry': [ '0.3.1', '0.4.3' ],
475 silly audit   '@humanwhocodes/module-importer': [ '1.0.1' ],
475 silly audit   '@inquirer/checkbox': [ '4.2.1' ],
475 silly audit   '@inquirer/confirm': [ '5.1.15' ],
475 silly audit   '@inquirer/core': [ '10.1.15' ],
475 silly audit   '@inquirer/editor': [ '4.2.17' ],
475 silly audit   '@inquirer/expand': [ '4.0.17' ],
475 silly audit   '@inquirer/external-editor': [ '1.0.1' ],
475 silly audit   '@inquirer/figures': [ '1.0.13' ],
475 silly audit   '@inquirer/input': [ '4.2.1' ],
475 silly audit   '@inquirer/number': [ '3.0.17' ],
475 silly audit   '@inquirer/password': [ '4.0.17' ],
475 silly audit   '@inquirer/rawlist': [ '4.1.5' ],
475 silly audit   '@inquirer/search': [ '3.1.0' ],
475 silly audit   '@inquirer/select': [ '4.3.1' ],
475 silly audit   '@inquirer/type': [ '3.0.8' ],
475 silly audit   '@isaacs/balanced-match': [ '4.0.1' ],
475 silly audit   '@isaacs/brace-expansion': [ '5.0.0' ],
475 silly audit   '@isaacs/cliui': [ '8.0.2' ],
475 silly audit   'ansi-styles': [ '6.2.1', '4.3.0', '5.2.0' ],
475 silly audit   'emoji-regex': [ '9.2.2', '8.0.0' ],
475 silly audit   'string-width': [ '5.1.2', '4.2.3' ],
475 silly audit   'wrap-ansi': [ '8.1.0', '7.0.0', '6.2.0' ],
475 silly audit   '@istanbuljs/load-nyc-config': [ '1.1.0' ],
475 silly audit   argparse: [ '1.0.10', '2.0.1' ],
475 silly audit   'find-up': [ '4.1.0', '5.0.0' ],
475 silly audit   'js-yaml': [ '3.14.1', '4.1.0' ],
475 silly audit   'locate-path': [ '5.0.0', '6.0.0' ],
475 silly audit   'p-limit': [ '2.3.0', '3.1.0' ],
475 silly audit   'p-locate': [ '4.1.0', '5.0.0' ],
475 silly audit   'resolve-from': [ '5.0.0', '4.0.0' ],
475 silly audit   '@istanbuljs/schema': [ '0.1.3' ],
475 silly audit   '@jest/console': [ '30.0.5' ],
475 silly audit   '@jest/core': [ '30.0.5' ],
475 silly audit   '@jest/diff-sequences': [ '30.0.1' ],
475 silly audit   '@jest/environment': [ '30.0.5' ],
475 silly audit   '@jest/expect': [ '30.0.5' ],
475 silly audit   '@jest/expect-utils': [ '30.0.5' ],
475 silly audit   '@jest/fake-timers': [ '30.0.5' ],
475 silly audit   '@jest/get-type': [ '30.0.1' ],
475 silly audit   '@jest/globals': [ '30.0.5' ],
475 silly audit   '@jest/pattern': [ '30.0.1' ],
475 silly audit   '@jest/reporters': [ '30.0.5' ],
475 silly audit   'brace-expansion': [ '2.0.2', '1.1.12' ],
475 silly audit   glob: [ '10.4.5', '11.0.3', '7.2.3' ],
475 silly audit   jackspeak: [ '3.4.3', '4.1.1' ],
475 silly audit   'lru-cache': [ '10.4.3', '5.1.1', '11.1.0' ],
475 silly audit   minimatch: [ '9.0.5', '10.0.3', '3.1.2' ],
475 silly audit   'path-scurry': [ '1.11.1', '2.0.0' ],
475 silly audit   '@jest/schemas': [ '30.0.5' ],
475 silly audit   '@jest/snapshot-utils': [ '30.0.5' ],
475 silly audit   '@jest/source-map': [ '30.0.1' ],
475 silly audit   '@jest/test-result': [ '30.0.5' ],
475 silly audit   '@jest/test-sequencer': [ '30.0.5' ],
475 silly audit   '@jest/transform': [ '30.0.5' ],
475 silly audit   '@jest/types': [ '30.0.5' ],
475 silly audit   '@jridgewell/gen-mapping': [ '0.3.13' ],
475 silly audit   '@jridgewell/resolve-uri': [ '3.1.2' ],
475 silly audit   '@jridgewell/source-map': [ '0.3.11' ],
475 silly audit   '@jridgewell/sourcemap-codec': [ '1.5.5' ],
475 silly audit   '@lukeed/csprng': [ '1.1.0' ],
475 silly audit   '@nestjs/cli': [ '11.0.10' ],
475 silly audit   'ajv-formats': [ '2.1.1', '3.0.1' ],
475 silly audit   'ajv-keywords': [ '5.1.0', '3.5.2' ],
475 silly audit   'eslint-scope': [ '5.1.1', '8.4.0' ],
475 silly audit   estraverse: [ '4.3.0', '5.3.0' ],
475 silly audit   'mime-db': [ '1.52.0', '1.54.0' ],
475 silly audit   'mime-types': [ '2.1.35', '3.0.1' ],
475 silly audit   'schema-utils': [ '4.3.2', '3.3.0' ],
475 silly audit   typescript: [ '5.8.3', '5.9.2' ],
475 silly audit   webpack: [ '5.100.2', '5.101.3' ],
475 silly audit   '@nestjs/common': [ '11.1.6' ],
475 silly audit   '@nestjs/core': [ '11.1.6' ],
475 silly audit   '@nestjs/platform-express': [ '11.1.6' ],
475 silly audit   '@nestjs/schematics': [ '11.0.7' ],
475 silly audit   '@nestjs/testing': [ '11.1.6' ],
475 silly audit   '@noble/hashes': [ '1.8.0' ],
475 silly audit   '@nodelib/fs.scandir': [ '2.1.5' ],
475 silly audit   '@nodelib/fs.stat': [ '2.0.5' ],
475 silly audit   '@nodelib/fs.walk': [ '1.2.8' ],
475 silly audit   '@nuxt/opencollective': [ '0.4.1' ],
475 silly audit   '@paralleldrive/cuid2': [ '2.2.2' ],
475 silly audit   '@pkgr/core': [ '0.2.9' ],
475 silly audit   '@sinclair/typebox': [ '0.34.40' ],
475 silly audit   '@sinonjs/commons': [ '3.0.1' ],
475 silly audit   '@sinonjs/fake-timers': [ '13.0.5' ],
475 silly audit   '@tokenizer/inflate': [ '0.2.7' ],
475 silly audit   '@tokenizer/token': [ '0.3.0' ],
475 silly audit   '@tsconfig/node10': [ '1.0.11' ],
475 silly audit   '@tsconfig/node12': [ '1.0.11' ],
475 silly audit   '@tsconfig/node14': [ '1.0.3' ],
475 silly audit   '@tsconfig/node16': [ '1.0.4' ],
475 silly audit   '@types/babel__core': [ '7.20.5' ],
475 silly audit   '@types/babel__generator': [ '7.27.0' ],
475 silly audit   '@types/babel__template': [ '7.4.4' ],
475 silly audit   '@types/babel__traverse': [ '7.28.0' ],
475 silly audit   '@types/body-parser': [ '1.19.6' ],
475 silly audit   '@types/connect': [ '3.4.38' ],
475 silly audit   '@types/cookiejar': [ '2.1.5' ],
475 silly audit   '@types/eslint': [ '9.6.1' ],
475 silly audit   '@types/eslint-scope': [ '3.7.7' ],
475 silly audit   '@types/estree': [ '1.0.8' ],
475 silly audit   '@types/express': [ '5.0.3' ],
475 silly audit   '@types/express-serve-static-core': [ '5.0.7' ],
475 silly audit   '@types/http-errors': [ '2.0.5' ],
475 silly audit   '@types/istanbul-lib-coverage': [ '2.0.6' ],
475 silly audit   '@types/istanbul-lib-report': [ '3.0.3' ],
475 silly audit   '@types/istanbul-reports': [ '3.0.4' ],
475 silly audit   '@types/jest': [ '30.0.0' ],
475 silly audit   '@types/json-schema': [ '7.0.15' ],
475 silly audit   '@types/methods': [ '1.1.4' ],
475 silly audit   '@types/mime': [ '1.3.5' ],
475 silly audit   '@types/node': [ '22.17.2' ],
475 silly audit   '@types/qs': [ '6.14.0' ],
475 silly audit   '@types/range-parser': [ '1.2.7' ],
475 silly audit   '@types/send': [ '0.17.5' ],
475 silly audit   '@types/serve-static': [ '1.15.8' ],
475 silly audit   '@types/stack-utils': [ '2.0.3' ],
475 silly audit   '@types/superagent': [ '8.1.9' ],
475 silly audit   '@types/supertest': [ '6.0.3' ],
475 silly audit   '@types/yargs': [ '17.0.33' ],
475 silly audit   '@types/yargs-parser': [ '21.0.3' ],
475 silly audit   '@typescript-eslint/eslint-plugin': [ '8.40.0' ],
475 silly audit   ignore: [ '7.0.5', '5.3.2' ],
475 silly audit   '@typescript-eslint/parser': [ '8.40.0' ],
475 silly audit   '@typescript-eslint/project-service': [ '8.40.0' ],
475 silly audit   '@typescript-eslint/scope-manager': [ '8.40.0' ],
475 silly audit   '@typescript-eslint/tsconfig-utils': [ '8.40.0' ],
475 silly audit   '@typescript-eslint/type-utils': [ '8.40.0' ],
475 silly audit   '@typescript-eslint/types': [ '8.40.0' ],
475 silly audit   '@typescript-eslint/typescript-estree': [ '8.40.0' ],
475 silly audit   '@typescript-eslint/utils': [ '8.40.0' ],
475 silly audit   '@typescript-eslint/visitor-keys': [ '8.40.0' ],
475 silly audit   '@ungap/structured-clone': [ '1.3.0' ],
475 silly audit   '@webassemblyjs/ast': [ '1.14.1' ],
475 silly audit   '@webassemblyjs/floating-point-hex-parser': [ '1.13.2' ],
475 silly audit   '@webassemblyjs/helper-api-error': [ '1.13.2' ],
475 silly audit   '@webassemblyjs/helper-buffer': [ '1.14.1' ],
475 silly audit   '@webassemblyjs/helper-numbers': [ '1.13.2' ],
475 silly audit   '@webassemblyjs/helper-wasm-bytecode': [ '1.13.2' ],
475 silly audit   '@webassemblyjs/helper-wasm-section': [ '1.14.1' ],
475 silly audit   '@webassemblyjs/ieee754': [ '1.13.2' ],
475 silly audit   '@webassemblyjs/leb128': [ '1.13.2' ],
475 silly audit   '@webassemblyjs/utf8': [ '1.13.2' ],
475 silly audit   '@webassemblyjs/wasm-edit': [ '1.14.1' ],
475 silly audit   '@webassemblyjs/wasm-gen': [ '1.14.1' ],
475 silly audit   '@webassemblyjs/wasm-opt': [ '1.14.1' ],
475 silly audit   '@webassemblyjs/wasm-parser': [ '1.14.1' ],
475 silly audit   '@webassemblyjs/wast-printer': [ '1.14.1' ],
475 silly audit   '@xtuc/ieee754': [ '1.2.0' ],
475 silly audit   '@xtuc/long': [ '4.2.2' ],
475 silly audit   accepts: [ '2.0.0' ],
475 silly audit   acorn: [ '8.15.0' ],
475 silly audit   'acorn-import-phases': [ '1.0.4' ],
475 silly audit   'acorn-jsx': [ '5.3.2' ],
475 silly audit   'acorn-walk': [ '8.3.4' ],
475 silly audit   'ansi-colors': [ '4.1.3' ],
475 silly audit   'ansi-escapes': [ '4.3.2' ],
475 silly audit   'ansi-regex': [ '6.2.0', '5.0.1' ],
475 silly audit   ansis: [ '4.1.0', '3.17.0' ],
475 silly audit   anymatch: [ '3.1.3' ],
475 silly audit   picomatch: [ '2.3.1', '4.0.2' ],
475 silly audit   'append-field': [ '1.0.0' ],
475 silly audit   arg: [ '4.1.3' ],
475 silly audit   'array-timsort': [ '1.0.3' ],
475 silly audit   asap: [ '2.0.6' ],
475 silly audit   asynckit: [ '0.4.0' ],
475 silly audit   'babel-jest': [ '30.0.5' ],
475 silly audit   'babel-plugin-istanbul': [ '7.0.0' ],
475 silly audit   'babel-plugin-jest-hoist': [ '30.0.1' ],
475 silly audit   'babel-preset-current-node-syntax': [ '1.2.0' ],
475 silly audit   'babel-preset-jest': [ '30.0.1' ],
475 silly audit   'balanced-match': [ '1.0.2' ],
475 silly audit   'base64-js': [ '1.5.1' ],
475 silly audit   bl: [ '4.1.0' ],
475 silly audit   'body-parser': [ '2.2.0' ],
475 silly audit   braces: [ '3.0.3' ],
475 silly audit   browserslist: [ '4.25.3' ],
475 silly audit   'bs-logger': [ '0.2.6' ],
475 silly audit   bser: [ '2.1.1' ],
475 silly audit   buffer: [ '5.7.1', '6.0.3' ],
475 silly audit   'buffer-from': [ '1.1.2' ],
475 silly audit   busboy: [ '1.6.0' ],
475 silly audit   bytes: [ '3.1.2' ],
475 silly audit   'call-bind-apply-helpers': [ '1.0.2' ],
475 silly audit   'call-bound': [ '1.0.4' ],
475 silly audit   callsites: [ '3.1.0' ],
475 silly audit   camelcase: [ '5.3.1', '6.3.0' ],
475 silly audit   'caniuse-lite': [ '1.0.30001735' ],
475 silly audit   chalk: [ '4.1.2' ],
475 silly audit   'char-regex': [ '1.0.2' ],
475 silly audit   chardet: [ '2.1.0' ],
475 silly audit   chokidar: [ '4.0.3' ],
475 silly audit   'chrome-trace-event': [ '1.0.4' ],
475 silly audit   'ci-info': [ '4.3.0' ],
475 silly audit   'cjs-module-lexer': [ '2.1.0' ],
475 silly audit   'cli-cursor': [ '3.1.0' ],
475 silly audit   'cli-spinners': [ '2.9.2' ],
475 silly audit   'cli-table3': [ '0.6.5' ],
475 silly audit   'cli-width': [ '4.1.0' ],
475 silly audit   cliui: [ '8.0.1' ],
475 silly audit   'strip-ansi': [ '6.0.1', '7.1.0' ],
475 silly audit   clone: [ '1.0.4' ],
475 silly audit   co: [ '4.6.0' ],
475 silly audit   'collect-v8-coverage': [ '1.0.2' ],
475 silly audit   'color-convert': [ '2.0.1' ],
475 silly audit   'color-name': [ '1.1.4' ],
475 silly audit   'combined-stream': [ '1.0.8' ],
475 silly audit   commander: [ '4.1.1', '2.20.3' ],
475 silly audit   'comment-json': [ '4.2.5' ],
475 silly audit   'component-emitter': [ '1.3.1' ],
475 silly audit   'concat-map': [ '0.0.1' ],
475 silly audit   'concat-stream': [ '2.0.0' ],
475 silly audit   consola: [ '3.4.2' ],
475 silly audit   'content-disposition': [ '1.0.0' ],
475 silly audit   'content-type': [ '1.0.5' ],
475 silly audit   'convert-source-map': [ '2.0.0' ],
475 silly audit   cookie: [ '0.7.2' ],
475 silly audit   'cookie-signature': [ '1.2.2' ],
475 silly audit   cookiejar: [ '2.1.4' ],
475 silly audit   'core-util-is': [ '1.0.3' ],
475 silly audit   cors: [ '2.8.5' ],
475 silly audit   cosmiconfig: [ '8.3.6' ],
475 silly audit   'create-require': [ '1.1.1' ],
475 silly audit   'cross-spawn': [ '7.0.6' ],
475 silly audit   debug: [ '4.4.1' ],
475 silly audit   dedent: [ '1.6.0' ],
475 silly audit   'deep-is': [ '0.1.4' ],
475 silly audit   deepmerge: [ '4.3.1' ],
475 silly audit   defaults: [ '1.0.4' ],
475 silly audit   'delayed-stream': [ '1.0.0' ],
475 silly audit   depd: [ '2.0.0' ],
475 silly audit   'detect-newline': [ '3.1.0' ],
475 silly audit   dezalgo: [ '1.0.4' ],
475 silly audit   diff: [ '4.0.2' ],
475 silly audit   'dunder-proto': [ '1.0.1' ],
475 silly audit   eastasianwidth: [ '0.2.0' ],
475 silly audit   'ee-first': [ '1.1.1' ],
475 silly audit   'electron-to-chromium': [ '1.5.207' ],
475 silly audit   emittery: [ '0.13.1' ],
475 silly audit   encodeurl: [ '2.0.0' ],
475 silly audit   'enhanced-resolve': [ '5.18.3' ],
475 silly audit   'error-ex': [ '1.3.2' ],
475 silly audit   'es-define-property': [ '1.0.1' ],
475 silly audit   'es-errors': [ '1.3.0' ],
475 silly audit   'es-module-lexer': [ '1.7.0' ],
475 silly audit   'es-object-atoms': [ '1.1.1' ],
475 silly audit   'es-set-tostringtag': [ '2.1.0' ],
475 silly audit   escalade: [ '3.2.0' ],
475 silly audit   'escape-html': [ '1.0.3' ],
475 silly audit   'escape-string-regexp': [ '4.0.0', '2.0.0' ],
475 silly audit   eslint: [ '9.33.0' ],
475 silly audit   'eslint-config-prettier': [ '10.1.8' ],
475 silly audit   'eslint-plugin-prettier': [ '5.5.4' ],
475 silly audit   espree: [ '10.4.0' ],
475 silly audit   esprima: [ '4.0.1' ],
475 silly audit   esquery: [ '1.6.0' ],
475 silly audit   esrecurse: [ '4.3.0' ],
475 silly audit   esutils: [ '2.0.3' ],
475 silly audit   etag: [ '1.8.1' ],
475 silly audit   events: [ '3.3.0' ],
475 silly audit   execa: [ '5.1.1' ],
475 silly audit   'signal-exit': [ '3.0.7', '4.1.0' ],
475 silly audit   'exit-x': [ '0.2.2' ],
475 silly audit   expect: [ '30.0.5' ],
475 silly audit   express: [ '5.1.0' ],
475 silly audit   'fast-deep-equal': [ '3.1.3' ],
475 silly audit   'fast-diff': [ '1.3.0' ],
475 silly audit   'fast-glob': [ '3.3.3' ],
475 silly audit   'glob-parent': [ '5.1.2', '6.0.2' ],
475 silly audit   'fast-json-stable-stringify': [ '2.1.0' ],
475 silly audit   'fast-levenshtein': [ '2.0.6' ],
475 silly audit   'fast-safe-stringify': [ '2.1.1' ],
475 silly audit   'fast-uri': [ '3.0.6' ],
475 silly audit   fastq: [ '1.19.1' ],
475 silly audit   'fb-watchman': [ '2.0.2' ],
475 silly audit   fflate: [ '0.8.2' ],
475 silly audit   'file-entry-cache': [ '8.0.0' ],
475 silly audit   'file-type': [ '21.0.0' ],
475 silly audit   'fill-range': [ '7.1.1' ],
475 silly audit   finalhandler: [ '2.1.0' ],
475 silly audit   'flat-cache': [ '4.0.1' ],
475 silly audit   flatted: [ '3.3.3' ],
475 silly audit   'foreground-child': [ '3.3.1' ],
475 silly audit   'fork-ts-checker-webpack-plugin': [ '9.1.0' ],
475 silly audit   'form-data': [ '4.0.4' ],
475 silly audit   formidable: [ '3.5.4' ],
475 silly audit   forwarded: [ '0.2.0' ],
475 silly audit   fresh: [ '2.0.0' ],
475 silly audit   'fs-extra': [ '10.1.0' ],
475 silly audit   'fs-monkey': [ '1.1.0' ],
475 silly audit   'fs.realpath': [ '1.0.0' ],
475 silly audit   'function-bind': [ '1.1.2' ],
475 silly audit   gensync: [ '1.0.0-beta.2' ],
475 silly audit   'get-caller-file': [ '2.0.5' ],
475 silly audit   'get-intrinsic': [ '1.3.0' ],
475 silly audit   'get-package-type': [ '0.1.0' ],
475 silly audit   'get-proto': [ '1.0.1' ],
475 silly audit   'get-stream': [ '6.0.1' ],
475 silly audit   'glob-to-regexp': [ '0.4.1' ],
475 silly audit   gopd: [ '1.2.0' ],
475 silly audit   'graceful-fs': [ '4.2.11' ],
475 silly audit   graphemer: [ '1.4.0' ],
475 silly audit   handlebars: [ '4.7.8' ],
475 silly audit   'source-map': [ '0.6.1', '0.7.4' ],
475 silly audit   'has-flag': [ '4.0.0' ],
475 silly audit   'has-own-prop': [ '2.0.0' ],
475 silly audit   'has-symbols': [ '1.1.0' ],
475 silly audit   'has-tostringtag': [ '1.0.2' ],
475 silly audit   hasown: [ '2.0.2' ],
475 silly audit   'html-escaper': [ '2.0.2' ],
475 silly audit   'http-errors': [ '2.0.0' ],
475 silly audit   statuses: [ '2.0.1', '2.0.2' ],
475 silly audit   'human-signals': [ '2.1.0' ],
475 silly audit   'iconv-lite': [ '0.6.3' ],
475 silly audit   ieee754: [ '1.2.1' ],
475 silly audit   'import-fresh': [ '3.3.1' ],
475 silly audit   'import-local': [ '3.2.0' ],
475 silly audit   imurmurhash: [ '0.1.4' ],
475 silly audit   inflight: [ '1.0.6' ],
475 silly audit   inherits: [ '2.0.4' ],
475 silly audit   'ipaddr.js': [ '1.9.1' ],
475 silly audit   'is-arrayish': [ '0.2.1' ],
475 silly audit   'is-extglob': [ '2.1.1' ],
475 silly audit   'is-fullwidth-code-point': [ '3.0.0' ],
475 silly audit   'is-generator-fn': [ '2.1.0' ],
475 silly audit   'is-glob': [ '4.0.3' ],
475 silly audit   'is-interactive': [ '1.0.0' ],
475 silly audit   'is-number': [ '7.0.0' ],
475 silly audit   'is-promise': [ '4.0.0' ],
475 silly audit   'is-stream': [ '2.0.1' ],
475 silly audit   'is-unicode-supported': [ '0.1.0' ],
475 silly audit   isexe: [ '2.0.0' ],
475 silly audit   'istanbul-lib-coverage': [ '3.2.2' ],
475 silly audit   'istanbul-lib-instrument': [ '6.0.3' ],
475 silly audit   'istanbul-lib-report': [ '3.0.1' ],
475 silly audit   'istanbul-lib-source-maps': [ '5.0.6' ],
475 silly audit   'istanbul-reports': [ '3.2.0' ],
475 silly audit   iterare: [ '1.2.1' ],
475 silly audit   jest: [ '30.0.5' ],
475 silly audit   'jest-changed-files': [ '30.0.5' ],
475 silly audit   'jest-circus': [ '30.0.5' ],
475 silly audit   'jest-cli': [ '30.0.5' ],
475 silly audit   'jest-config': [ '30.0.5' ],
475 silly audit   'jest-diff': [ '30.0.5' ],
475 silly audit   'jest-docblock': [ '30.0.1' ],
475 silly audit   'jest-each': [ '30.0.5' ],
475 silly audit   'jest-environment-node': [ '30.0.5' ],
475 silly audit   'jest-haste-map': [ '30.0.5' ],
475 silly audit   'jest-leak-detector': [ '30.0.5' ],
475 silly audit   'jest-matcher-utils': [ '30.0.5' ],
475 silly audit   'jest-message-util': [ '30.0.5' ],
475 silly audit   'jest-mock': [ '30.0.5' ],
475 silly audit   'jest-pnp-resolver': [ '1.2.3' ],
475 silly audit   'jest-regex-util': [ '30.0.1' ],
475 silly audit   'jest-resolve': [ '30.0.5' ],
475 silly audit   'jest-resolve-dependencies': [ '30.0.5' ],
475 silly audit   'jest-runner': [ '30.0.5' ],
475 silly audit   'source-map-support': [ '0.5.13', '0.5.21' ],
475 silly audit   'jest-runtime': [ '30.0.5' ],
475 silly audit   'jest-snapshot': [ '30.0.5' ],
475 silly audit   'jest-util': [ '30.0.5' ],
475 silly audit   'jest-validate': [ '30.0.5' ],
475 silly audit   'jest-watcher': [ '30.0.5' ],
475 silly audit   'jest-worker': [ '30.0.5', '27.5.1' ],
475 silly audit   'supports-color': [ '8.1.1', '7.2.0' ],
475 silly audit   'js-tokens': [ '4.0.0' ],
475 silly audit   jsesc: [ '3.1.0' ],
475 silly audit   'json-buffer': [ '3.0.1' ],
475 silly audit   'json-parse-even-better-errors': [ '2.3.1' ],
475 silly audit   'json-stable-stringify-without-jsonify': [ '1.0.1' ],
475 silly audit   json5: [ '2.2.3' ],
475 silly audit   'jsonc-parser': [ '3.3.1' ],
475 silly audit   jsonfile: [ '6.2.0' ],
475 silly audit   keyv: [ '4.5.4' ],
475 silly audit   leven: [ '3.1.0' ],
475 silly audit   levn: [ '0.4.1' ],
475 silly audit   'lines-and-columns': [ '1.2.4' ],
475 silly audit   'load-esm': [ '1.0.2' ],
475 silly audit   'loader-runner': [ '4.3.0' ],
475 silly audit   lodash: [ '4.17.21' ],
475 silly audit   'lodash.memoize': [ '4.1.2' ],
475 silly audit   'lodash.merge': [ '4.6.2' ],
475 silly audit   'log-symbols': [ '4.1.0' ],
475 silly audit   'magic-string': [ '0.30.17' ],
475 silly audit   'make-dir': [ '4.0.0' ],
475 silly audit   'make-error': [ '1.3.6' ],
475 silly audit   makeerror: [ '1.0.12' ],
475 silly audit   'math-intrinsics': [ '1.1.0' ],
475 silly audit   'media-typer': [ '1.1.0', '0.3.0' ],
475 silly audit   memfs: [ '3.5.3' ],
475 silly audit   'merge-descriptors': [ '2.0.0' ],
475 silly audit   'merge-stream': [ '2.0.0' ],
475 silly audit   merge2: [ '1.4.1' ],
475 silly audit   methods: [ '1.1.2' ],
475 silly audit   micromatch: [ '4.0.8' ],
475 silly audit   mime: [ '2.6.0' ],
475 silly audit   'mimic-fn': [ '2.1.0' ],
475 silly audit   minimist: [ '1.2.8' ],
475 silly audit   minipass: [ '7.1.2' ],
475 silly audit   mkdirp: [ '0.5.6' ],
475 silly audit   ms: [ '2.1.3' ],
475 silly audit   multer: [ '2.0.2' ],
475 silly audit   'type-is': [ '1.6.18', '2.0.1' ],
475 silly audit   'mute-stream': [ '2.0.0' ],
475 silly audit   'napi-postinstall': [ '0.3.3' ],
475 silly audit   'natural-compare': [ '1.4.0' ],
475 silly audit   negotiator: [ '1.0.0' ],
475 silly audit   'neo-async': [ '2.6.2' ],
475 silly audit   'node-abort-controller': [ '3.1.1' ],
475 silly audit   'node-emoji': [ '1.11.0' ],
475 silly audit   'node-int64': [ '0.4.0' ],
475 silly audit   'node-releases': [ '2.0.19' ],
475 silly audit   'normalize-path': [ '3.0.0' ],
475 silly audit   'npm-run-path': [ '4.0.1' ],
475 silly audit   'object-assign': [ '4.1.1' ],
475 silly audit   'object-inspect': [ '1.13.4' ],
475 silly audit   'on-finished': [ '2.4.1' ],
475 silly audit   once: [ '1.4.0' ],
475 silly audit   onetime: [ '5.1.2' ],
475 silly audit   optionator: [ '0.9.4' ],
475 silly audit   ora: [ '5.4.1' ],
475 silly audit   'p-try': [ '2.2.0' ],
475 silly audit   'package-json-from-dist': [ '1.0.1' ],
475 silly audit   'parent-module': [ '1.0.1' ],
475 silly audit   'parse-json': [ '5.2.0' ],
475 silly audit   parseurl: [ '1.3.3' ],
475 silly audit   'path-exists': [ '4.0.0' ],
475 silly audit   'path-is-absolute': [ '1.0.1' ],
475 silly audit   'path-key': [ '3.1.1' ],
475 silly audit   'path-to-regexp': [ '8.2.0' ],
475 silly audit   'path-type': [ '4.0.0' ],
475 silly audit   picocolors: [ '1.1.1' ],
475 silly audit   pirates: [ '4.0.7' ],
475 silly audit   'pkg-dir': [ '4.2.0' ],
475 silly audit   pluralize: [ '8.0.0' ],
475 silly audit   'prelude-ls': [ '1.2.1' ],
475 silly audit   prettier: [ '3.6.2' ],
475 silly audit   'prettier-linter-helpers': [ '1.0.0' ],
475 silly audit   'pretty-format': [ '30.0.5' ],
475 silly audit   'proxy-addr': [ '2.0.7' ],
475 silly audit   punycode: [ '2.3.1' ],
475 silly audit   'pure-rand': [ '7.0.1' ],
475 silly audit   qs: [ '6.14.0' ],
475 silly audit   'queue-microtask': [ '1.2.3' ],
475 silly audit   randombytes: [ '2.1.0' ],
475 silly audit   'range-parser': [ '1.2.1' ],
475 silly audit   'raw-body': [ '3.0.0' ],
475 silly audit   'react-is': [ '18.3.1' ],
475 silly audit   'readable-stream': [ '3.6.2' ],
475 silly audit   readdirp: [ '4.1.2' ],
475 silly audit   'reflect-metadata': [ '0.2.2' ],
475 silly audit   'repeat-string': [ '1.6.1' ],
475 silly audit   'require-directory': [ '2.1.1' ],
475 silly audit   'require-from-string': [ '2.0.2' ],
475 silly audit   'resolve-cwd': [ '3.0.0' ],
475 silly audit   'restore-cursor': [ '3.1.0' ],
475 silly audit   reusify: [ '1.1.0' ],
475 silly audit   router: [ '2.2.0' ],
475 silly audit   'run-parallel': [ '1.2.0' ],
475 silly audit   'safe-buffer': [ '5.2.1' ],
475 silly audit   'safer-buffer': [ '2.1.2' ],
475 silly audit   send: [ '1.2.0' ],
475 silly audit   'serialize-javascript': [ '6.0.2' ],
475 silly audit   'serve-static': [ '2.2.0' ],
475 silly audit   setprototypeof: [ '1.2.0' ],
475 silly audit   'shebang-command': [ '2.0.0' ],
475 silly audit   'shebang-regex': [ '3.0.0' ],
475 silly audit   'side-channel': [ '1.1.0' ],
475 silly audit   'side-channel-list': [ '1.0.0' ],
475 silly audit   'side-channel-map': [ '1.0.1' ],
475 silly audit   'side-channel-weakmap': [ '1.0.2' ],
475 silly audit   slash: [ '3.0.0' ],
475 silly audit   'sprintf-js': [ '1.0.3' ],
475 silly audit   'stack-utils': [ '2.0.6' ],
475 silly audit   streamsearch: [ '1.1.0' ],
475 silly audit   string_decoder: [ '1.3.0' ],
475 silly audit   'string-length': [ '4.0.2' ],
475 silly audit   'strip-bom': [ '4.0.0', '3.0.0' ],
475 silly audit   'strip-final-newline': [ '2.0.0' ],
475 silly audit   'strip-json-comments': [ '3.1.1' ],
475 silly audit   strtok3: [ '10.3.4' ],
475 silly audit   superagent: [ '10.2.3' ],
475 silly audit   supertest: [ '7.1.4' ],
475 silly audit   'symbol-observable': [ '4.0.0' ],
475 silly audit   synckit: [ '0.11.11' ],
475 silly audit   tapable: [ '2.2.2' ],
475 silly audit   terser: [ '5.43.1' ],
475 silly audit   'terser-webpack-plugin': [ '5.3.14' ],
475 silly audit   'test-exclude': [ '6.0.0' ],
475 silly audit   tmpl: [ '1.0.5' ],
475 silly audit   'to-regex-range': [ '5.0.1' ],
475 silly audit   toidentifier: [ '1.0.1' ],
475 silly audit   'token-types': [ '6.1.1' ],
475 silly audit   'tree-kill': [ '1.2.2' ],
475 silly audit   'ts-api-utils': [ '2.1.0' ],
475 silly audit   'ts-jest': [ '29.4.1' ],
475 silly audit   'type-fest': [ '4.41.0', '0.21.3' ],
475 silly audit   'ts-loader': [ '9.5.2' ],
475 silly audit   'ts-node': [ '10.9.2' ],
475 silly audit   'tsconfig-paths': [ '4.2.0' ],
475 silly audit   'tsconfig-paths-webpack-plugin': [ '4.2.0' ],
475 silly audit   tslib: [ '2.8.1' ],
475 silly audit   'type-check': [ '0.4.0' ],
475 silly audit   'type-detect': [ '4.0.8' ],
475 silly audit   typedarray: [ '0.0.6' ],
475 silly audit   'typescript-eslint': [ '8.40.0' ],
475 silly audit   uid: [ '2.0.2' ],
475 silly audit   'uint8array-extras': [ '1.4.1' ],
475 silly audit   'undici-types': [ '6.21.0' ],
475 silly audit   universalify: [ '2.0.1' ],
475 silly audit   unpipe: [ '1.0.0' ],
475 silly audit   'unrs-resolver': [ '1.11.1' ],
475 silly audit   'update-browserslist-db': [ '1.1.3' ],
475 silly audit   'uri-js': [ '4.4.1' ],
475 silly audit   'util-deprecate': [ '1.0.2' ],
475 silly audit   'v8-compile-cache-lib': [ '3.0.1' ],
475 silly audit   'v8-to-istanbul': [ '9.3.0' ],
475 silly audit   vary: [ '1.1.2' ],
475 silly audit   walker: [ '1.0.8' ],
475 silly audit   watchpack: [ '2.4.4' ],
475 silly audit   wcwidth: [ '1.0.1' ],
475 silly audit   'webpack-node-externals': [ '3.0.0' ],
475 silly audit   'webpack-sources': [ '3.3.3' ],
475 silly audit   which: [ '2.0.2' ],
475 silly audit   'word-wrap': [ '1.2.5' ],
475 silly audit   wordwrap: [ '1.0.0' ],
475 silly audit   wrappy: [ '1.0.2' ],
475 silly audit   'write-file-atomic': [ '5.0.1' ],
475 silly audit   xtend: [ '4.0.2' ],
475 silly audit   y18n: [ '5.0.8' ],
475 silly audit   yallist: [ '3.1.1' ],
475 silly audit   yargs: [ '17.7.2' ],
475 silly audit   'yargs-parser': [ '21.1.1' ],
475 silly audit   yn: [ '3.1.1' ],
475 silly audit   'yocto-queue': [ '0.1.0' ],
475 silly audit   'yoctocolors-cjs': [ '2.1.2' ],
475 silly audit   '@nestjs/typeorm': [ '11.0.0' ],
475 silly audit   pg: [ '8.16.3' ],
475 silly audit   typeorm: [ '0.3.26' ],
475 silly audit   'pg-connection-string': [ '2.9.1' ],
475 silly audit   'pg-pool': [ '3.10.1' ],
475 silly audit   'pg-protocol': [ '1.10.3' ],
475 silly audit   'pg-types': [ '2.2.0' ],
475 silly audit   pgpass: [ '1.0.5' ],
475 silly audit   'pg-int8': [ '1.0.1' ],
475 silly audit   'postgres-array': [ '2.0.0' ],
475 silly audit   'postgres-bytea': [ '1.0.0' ],
475 silly audit   'postgres-date': [ '1.0.7' ],
475 silly audit   'postgres-interval': [ '1.2.0' ],
475 silly audit   split2: [ '4.2.0' ],
475 silly audit   '@sqltools/formatter': [ '1.2.5' ],
475 silly audit   'app-root-path': [ '3.1.0' ],
475 silly audit   dayjs: [ '1.11.13' ],
475 silly audit   dotenv: [ '16.6.1' ],
475 silly audit   'sha.js': [ '2.4.12' ],
475 silly audit   'sql-highlight': [ '6.1.0' ],
475 silly audit   uuid: [ '11.1.0' ],
475 silly audit   'to-buffer': [ '1.2.1' ],
475 silly audit   isarray: [ '2.0.5' ],
475 silly audit   'typed-array-buffer': [ '1.0.3' ],
475 silly audit   'is-typed-array': [ '1.1.15' ],
475 silly audit   'which-typed-array': [ '1.1.19' ],
475 silly audit   'available-typed-arrays': [ '1.0.7' ],
475 silly audit   'call-bind': [ '1.0.8' ],
475 silly audit   'for-each': [ '0.3.5' ],
475 silly audit   'possible-typed-array-names': [ '1.1.0' ],
475 silly audit   'set-function-length': [ '1.2.2' ],
475 silly audit   'is-callable': [ '1.2.7' ],
475 silly audit   'define-data-property': [ '1.1.4' ],
475 silly audit   'has-property-descriptors': [ '1.0.2' ]
475 silly audit }
476 silly tarball no local data for has-property-descriptors@https://registry.npmjs.org/has-property-descriptors/-/has-property-descriptors-1.0.2.tgz. Extracting by manifest.
477 silly tarball no local data for for-each@https://registry.npmjs.org/for-each/-/for-each-0.3.5.tgz. Extracting by manifest.
478 silly tarball no local data for is-callable@https://registry.npmjs.org/is-callable/-/is-callable-1.2.7.tgz. Extracting by manifest.
479 silly tarball no local data for define-data-property@https://registry.npmjs.org/define-data-property/-/define-data-property-1.1.4.tgz. Extracting by manifest.
480 silly tarball no local data for set-function-length@https://registry.npmjs.org/set-function-length/-/set-function-length-1.2.2.tgz. Extracting by manifest.
481 silly tarball no local data for call-bind@https://registry.npmjs.org/call-bind/-/call-bind-1.0.8.tgz. Extracting by manifest.
482 silly tarball no local data for which-typed-array@https://registry.npmjs.org/which-typed-array/-/which-typed-array-1.1.19.tgz. Extracting by manifest.
483 silly tarball no local data for typed-array-buffer@https://registry.npmjs.org/typed-array-buffer/-/typed-array-buffer-1.0.3.tgz. Extracting by manifest.
484 silly tarball no local data for possible-typed-array-names@https://registry.npmjs.org/possible-typed-array-names/-/possible-typed-array-names-1.1.0.tgz. Extracting by manifest.
485 silly tarball no local data for available-typed-arrays@https://registry.npmjs.org/available-typed-arrays/-/available-typed-arrays-1.0.7.tgz. Extracting by manifest.
486 silly tarball no local data for to-buffer@https://registry.npmjs.org/to-buffer/-/to-buffer-1.2.1.tgz. Extracting by manifest.
487 silly tarball no local data for sql-highlight@https://registry.npmjs.org/sql-highlight/-/sql-highlight-6.1.0.tgz. Extracting by manifest.
488 silly tarball no local data for isarray@https://registry.npmjs.org/isarray/-/isarray-2.0.5.tgz. Extracting by manifest.
489 silly tarball no local data for is-typed-array@https://registry.npmjs.org/is-typed-array/-/is-typed-array-1.1.15.tgz. Extracting by manifest.
490 silly tarball no local data for uuid@https://registry.npmjs.org/uuid/-/uuid-11.1.0.tgz. Extracting by manifest.
491 silly tarball no local data for sha.js@https://registry.npmjs.org/sha.js/-/sha.js-2.4.12.tgz. Extracting by manifest.
492 silly tarball no local data for app-root-path@https://registry.npmjs.org/app-root-path/-/app-root-path-3.1.0.tgz. Extracting by manifest.
493 silly tarball no local data for dotenv@https://registry.npmjs.org/dotenv/-/dotenv-16.6.1.tgz. Extracting by manifest.
494 silly tarball no local data for split2@https://registry.npmjs.org/split2/-/split2-4.2.0.tgz. Extracting by manifest.
495 silly tarball no local data for dayjs@https://registry.npmjs.org/dayjs/-/dayjs-1.11.13.tgz. Extracting by manifest.
496 silly tarball no local data for @sqltools/formatter@https://registry.npmjs.org/@sqltools/formatter/-/formatter-1.2.5.tgz. Extracting by manifest.
497 silly tarball no local data for postgres-interval@https://registry.npmjs.org/postgres-interval/-/postgres-interval-1.2.0.tgz. Extracting by manifest.
498 silly tarball no local data for postgres-date@https://registry.npmjs.org/postgres-date/-/postgres-date-1.0.7.tgz. Extracting by manifest.
499 silly tarball no local data for postgres-bytea@https://registry.npmjs.org/postgres-bytea/-/postgres-bytea-1.0.0.tgz. Extracting by manifest.
500 silly tarball no local data for pg-types@https://registry.npmjs.org/pg-types/-/pg-types-2.2.0.tgz. Extracting by manifest.
501 silly tarball no local data for pg-int8@https://registry.npmjs.org/pg-int8/-/pg-int8-1.0.1.tgz. Extracting by manifest.
502 silly tarball no local data for pgpass@https://registry.npmjs.org/pgpass/-/pgpass-1.0.5.tgz. Extracting by manifest.
503 silly tarball no local data for postgres-array@https://registry.npmjs.org/postgres-array/-/postgres-array-2.0.0.tgz. Extracting by manifest.
504 silly tarball no local data for pg-connection-string@https://registry.npmjs.org/pg-connection-string/-/pg-connection-string-2.9.1.tgz. Extracting by manifest.
505 silly tarball no local data for typeorm@https://registry.npmjs.org/typeorm/-/typeorm-0.3.26.tgz. Extracting by manifest.
506 silly tarball no local data for pg-pool@https://registry.npmjs.org/pg-pool/-/pg-pool-3.10.1.tgz. Extracting by manifest.
507 silly tarball no local data for pg@https://registry.npmjs.org/pg/-/pg-8.16.3.tgz. Extracting by manifest.
508 silly tarball no local data for pg-protocol@https://registry.npmjs.org/pg-protocol/-/pg-protocol-1.10.3.tgz. Extracting by manifest.
509 silly tarball no local data for @nestjs/typeorm@https://registry.npmjs.org/@nestjs/typeorm/-/typeorm-11.0.0.tgz. Extracting by manifest.
510 silly tarball no local data for buffer@https://registry.npmjs.org/buffer/-/buffer-6.0.3.tgz. Extracting by manifest.
511 silly tarball no local data for ansis@https://registry.npmjs.org/ansis/-/ansis-3.17.0.tgz. Extracting by manifest.
512 http fetch GET 200 https://registry.npmjs.org/isarray/-/isarray-2.0.5.tgz 191ms (cache miss)
513 http fetch GET 200 https://registry.npmjs.org/postgres-bytea/-/postgres-bytea-1.0.0.tgz 215ms (cache miss)
514 http fetch GET 200 https://registry.npmjs.org/postgres-date/-/postgres-date-1.0.7.tgz 219ms (cache miss)
515 http fetch GET 200 https://registry.npmjs.org/pg-int8/-/pg-int8-1.0.1.tgz 218ms (cache miss)
516 http fetch GET 200 https://registry.npmjs.org/pgpass/-/pgpass-1.0.5.tgz 225ms (cache miss)
517 http fetch GET 200 https://registry.npmjs.org/pg-pool/-/pg-pool-3.10.1.tgz 229ms (cache miss)
518 http fetch GET 200 https://registry.npmjs.org/postgres-interval/-/postgres-interval-1.2.0.tgz 236ms (cache miss)
519 http fetch GET 200 https://registry.npmjs.org/postgres-array/-/postgres-array-2.0.0.tgz 233ms (cache miss)
520 http fetch GET 200 https://registry.npmjs.org/sql-highlight/-/sql-highlight-6.1.0.tgz 247ms (cache miss)
521 http fetch GET 200 https://registry.npmjs.org/split2/-/split2-4.2.0.tgz 246ms (cache miss)
522 http fetch GET 200 https://registry.npmjs.org/pg-connection-string/-/pg-connection-string-2.9.1.tgz 242ms (cache miss)
523 http fetch POST 200 https://registry.npmjs.org/-/npm/v1/security/advisories/bulk 305ms
524 silly audit report {}
525 http fetch GET 200 https://registry.npmjs.org/to-buffer/-/to-buffer-1.2.1.tgz 263ms (cache miss)
526 http fetch GET 200 https://registry.npmjs.org/app-root-path/-/app-root-path-3.1.0.tgz 260ms (cache miss)
527 http fetch GET 200 https://registry.npmjs.org/has-property-descriptors/-/has-property-descriptors-1.0.2.tgz 310ms (cache miss)
528 http fetch GET 200 https://registry.npmjs.org/ansis/-/ansis-3.17.0.tgz 271ms (cache miss)
529 http fetch GET 200 https://registry.npmjs.org/is-callable/-/is-callable-1.2.7.tgz 323ms (cache miss)
530 http fetch GET 200 https://registry.npmjs.org/possible-typed-array-names/-/possible-typed-array-names-1.1.0.tgz 325ms (cache miss)
531 http fetch GET 200 https://registry.npmjs.org/typed-array-buffer/-/typed-array-buffer-1.0.3.tgz 328ms (cache miss)
532 http fetch GET 200 https://registry.npmjs.org/buffer/-/buffer-6.0.3.tgz 296ms (cache miss)
533 http fetch GET 200 https://registry.npmjs.org/define-data-property/-/define-data-property-1.1.4.tgz 337ms (cache miss)
534 http fetch GET 200 https://registry.npmjs.org/available-typed-arrays/-/available-typed-arrays-1.0.7.tgz 332ms (cache miss)
535 http fetch GET 200 https://registry.npmjs.org/set-function-length/-/set-function-length-1.2.2.tgz 337ms (cache miss)
536 http fetch GET 200 https://registry.npmjs.org/which-typed-array/-/which-typed-array-1.1.19.tgz 341ms (cache miss)
537 http fetch GET 200 https://registry.npmjs.org/is-typed-array/-/is-typed-array-1.1.15.tgz 337ms (cache miss)
538 http fetch GET 200 https://registry.npmjs.org/for-each/-/for-each-0.3.5.tgz 353ms (cache miss)
539 http fetch GET 200 https://registry.npmjs.org/call-bind/-/call-bind-1.0.8.tgz 350ms (cache miss)
540 http fetch GET 200 https://registry.npmjs.org/dotenv/-/dotenv-16.6.1.tgz 342ms (cache miss)
541 http fetch GET 200 https://registry.npmjs.org/pg-types/-/pg-types-2.2.0.tgz 344ms (cache miss)
542 http fetch GET 200 https://registry.npmjs.org/sha.js/-/sha.js-2.4.12.tgz 367ms (cache miss)
543 http fetch GET 200 https://registry.npmjs.org/pg/-/pg-8.16.3.tgz 397ms (cache miss)
544 http fetch GET 200 https://registry.npmjs.org/@sqltools/formatter/-/formatter-1.2.5.tgz 428ms (cache miss)
545 http fetch GET 200 https://registry.npmjs.org/@nestjs/typeorm/-/typeorm-11.0.0.tgz 428ms (cache miss)
546 http fetch GET 200 https://registry.npmjs.org/pg-protocol/-/pg-protocol-1.10.3.tgz 453ms (cache miss)
547 http fetch GET 200 https://registry.npmjs.org/uuid/-/uuid-11.1.0.tgz 635ms (cache miss)
548 http fetch GET 200 https://registry.npmjs.org/dayjs/-/dayjs-1.11.13.tgz 970ms (cache miss)
549 http fetch GET 200 https://registry.npmjs.org/typeorm/-/typeorm-0.3.26.tgz 3863ms (cache miss)
550 silly ADD node_modules/has-property-descriptors
551 silly ADD node_modules/define-data-property
552 silly ADD node_modules/is-callable
553 silly ADD node_modules/set-function-length
554 silly ADD node_modules/possible-typed-array-names
555 silly ADD node_modules/for-each
556 silly ADD node_modules/call-bind
557 silly ADD node_modules/available-typed-arrays
558 silly ADD node_modules/which-typed-array
559 silly ADD node_modules/is-typed-array
560 silly ADD node_modules/typed-array-buffer
561 silly ADD node_modules/isarray
562 silly ADD node_modules/to-buffer
563 silly ADD node_modules/uuid
564 silly ADD node_modules/sql-highlight
565 silly ADD node_modules/sha.js
566 silly ADD node_modules/dotenv
567 silly ADD node_modules/dayjs
568 silly ADD node_modules/app-root-path
569 silly ADD node_modules/@sqltools/formatter
570 silly ADD node_modules/split2
571 silly ADD node_modules/postgres-interval
572 silly ADD node_modules/postgres-date
573 silly ADD node_modules/postgres-bytea
574 silly ADD node_modules/postgres-array
575 silly ADD node_modules/pg-int8
576 silly ADD node_modules/pgpass
577 silly ADD node_modules/pg-types
578 silly ADD node_modules/pg-protocol
579 silly ADD node_modules/pg-pool
580 silly ADD node_modules/pg-connection-string
581 silly ADD
582 silly ADD node_modules/typeorm
583 silly ADD node_modules/typeorm/node_modules/lru-cache
584 silly ADD node_modules/typeorm/node_modules/brace-expansion
585 silly ADD node_modules/typeorm/node_modules/path-scurry
586 silly ADD node_modules/typeorm/node_modules/minimatch
587 silly ADD node_modules/typeorm/node_modules/jackspeak
588 silly ADD node_modules/typeorm/node_modules/glob
589 silly ADD node_modules/typeorm/node_modules/buffer
590 silly ADD node_modules/typeorm/node_modules/ansis
591 silly ADD node_modules/pg
592 silly ADD node_modules/@nestjs/typeorm
593 silly ADD
594 silly ADD
595 silly ADD
596 silly ADD
597 silly ADD
598 silly ADD
599 silly ADD
600 silly ADD
601 silly ADD
602 silly ADD
603 silly ADD
604 silly ADD
605 silly ADD
606 silly ADD
607 silly ADD
608 silly ADD
609 silly ADD
610 silly ADD
611 silly ADD
612 silly ADD
613 silly ADD
614 silly ADD
615 silly ADD
616 silly ADD
617 silly ADD
618 silly ADD
619 silly ADD
620 silly ADD
621 verbose cwd C:\proj\RoomLink\backend
622 verbose os Windows_NT 10.0.26100
623 verbose node v20.17.0
624 verbose npm  v10.8.2
625 verbose exit 0
626 info ok
