0 verbose cli C:\Program Files\nodejs\node.exe C:\Program Files\nodejs\node_modules\npm\bin\npm-cli.js
1 info using npm@10.8.2
2 info using node@v20.17.0
3 silly config load:file:C:\Program Files\nodejs\node_modules\npm\npmrc
4 warn config optional Use `--omit=optional` to exclude optional dependencies, or
4 warn config `--include=optional` to include them.
4 warn config
4 warn config       Default value does install optional deps unless otherwise omitted.
5 silly config load:file:C:\proj\RoomLink\backend\.npmrc
6 silly config load:file:C:\Users\kimdk\.npmrc
7 silly config load:file:C:\Users\kimdk\AppData\Roaming\npm\etc\npmrc
8 verbose title npm i @nestjs/cli
9 verbose argv "i" "--save-dev" "@nestjs/cli" "--no-optional"
10 verbose logfile logs-max:10 dir:C:\proj\RoomLink\.npm-cache\_logs\2025-08-21T05_34_17_701Z-
11 verbose logfile C:\proj\RoomLink\.npm-cache\_logs\2025-08-21T05_34_17_701Z-debug-0.log
12 silly packumentCache heap:4345298944 maxSize:1086324736 maxEntrySize:543162368
13 silly logfile done cleaning log files
14 silly idealTree buildDeps
15 silly fetch manifest @nestjs/cli@^11.0.0
16 silly packumentCache full:https://registry.npmjs.org/@nestjs%2fcli cache-miss
17 http fetch GET 200 https://registry.npmjs.org/@nestjs%2fcli 359ms (cache revalidated)
18 silly packumentCache full:https://registry.npmjs.org/@nestjs%2fcli set size:893780 disposed:false
19 silly fetch manifest @swc/cli@^0.1.62 || ^0.3.0 || ^0.4.0 || ^0.5.0 || ^0.6.0 || ^0.7.0
20 silly packumentCache full:https://registry.npmjs.org/@swc%2fcli cache-miss
21 http fetch GET 200 https://registry.npmjs.org/@swc%2fcli 89ms (cache revalidated)
22 silly packumentCache full:https://registry.npmjs.org/@swc%2fcli set size:234277 disposed:false
23 silly fetch manifest @swc/core@^1.2.66
24 silly packumentCache full:https://registry.npmjs.org/@swc%2fcore cache-miss
25 http fetch GET 200 https://registry.npmjs.org/@swc%2fcore 401ms (cache revalidated)
26 silly packumentCache full:https://registry.npmjs.org/@swc%2fcore set size:3758684 disposed:false
27 silly fetch manifest @swc/helpers@>=0.5.17
28 silly packumentCache full:https://registry.npmjs.org/@swc%2fhelpers cache-miss
29 http fetch GET 200 https://registry.npmjs.org/@swc%2fhelpers 138ms (cache revalidated)
30 silly packumentCache full:https://registry.npmjs.org/@swc%2fhelpers set size:631925 disposed:false
31 silly fetch manifest chokidar@^4.0.1
32 silly packumentCache full:https://registry.npmjs.org/chokidar cache-miss
33 http fetch GET 200 https://registry.npmjs.org/chokidar 86ms (cache revalidated)
34 silly packumentCache full:https://registry.npmjs.org/chokidar set size:253451 disposed:false
35 silly placeDep ROOT @nestjs/cli@11.0.10 REPLACE for: backend@0.0.1 want: ^11.0.0
36 silly reify moves {}
37 silly reify mark deleted [ 'C:\\proj\\RoomLink\\backend\\node_modules\\@colors\\colors' ]
38 silly reify mark deleted [ 'C:\\proj\\RoomLink\\backend\\node_modules\\@emnapi\\core' ]
39 silly reify mark deleted [ 'C:\\proj\\RoomLink\\backend\\node_modules\\@emnapi\\runtime' ]
40 silly reify mark deleted [ 'C:\\proj\\RoomLink\\backend\\node_modules\\@emnapi\\wasi-threads' ]
41 silly reify mark deleted [ 'C:\\proj\\RoomLink\\backend\\node_modules\\@napi-rs\\wasm-runtime' ]
42 silly reify mark deleted [ 'C:\\proj\\RoomLink\\backend\\node_modules\\@pkgjs\\parseargs' ]
43 silly reify mark deleted [ 'C:\\proj\\RoomLink\\backend\\node_modules\\@tybys\\wasm-util' ]
44 silly reify mark deleted [
44 silly reify   'C:\\proj\\RoomLink\\backend\\node_modules\\@unrs\\resolver-binding-android-arm-eabi'
44 silly reify ]
45 silly reify mark deleted [
45 silly reify   'C:\\proj\\RoomLink\\backend\\node_modules\\@unrs\\resolver-binding-android-arm64'
45 silly reify ]
46 silly reify mark deleted [
46 silly reify   'C:\\proj\\RoomLink\\backend\\node_modules\\@unrs\\resolver-binding-darwin-arm64'
46 silly reify ]
47 silly reify mark deleted [
47 silly reify   'C:\\proj\\RoomLink\\backend\\node_modules\\@unrs\\resolver-binding-darwin-x64'
47 silly reify ]
48 silly reify mark deleted [
48 silly reify   'C:\\proj\\RoomLink\\backend\\node_modules\\@unrs\\resolver-binding-freebsd-x64'
48 silly reify ]
49 silly reify mark deleted [
49 silly reify   'C:\\proj\\RoomLink\\backend\\node_modules\\@unrs\\resolver-binding-linux-arm-gnueabihf'
49 silly reify ]
50 silly reify mark deleted [
50 silly reify   'C:\\proj\\RoomLink\\backend\\node_modules\\@unrs\\resolver-binding-linux-arm-musleabihf'
50 silly reify ]
51 silly reify mark deleted [
51 silly reify   'C:\\proj\\RoomLink\\backend\\node_modules\\@unrs\\resolver-binding-linux-arm64-gnu'
51 silly reify ]
52 silly reify mark deleted [
52 silly reify   'C:\\proj\\RoomLink\\backend\\node_modules\\@unrs\\resolver-binding-linux-arm64-musl'
52 silly reify ]
53 silly reify mark deleted [
53 silly reify   'C:\\proj\\RoomLink\\backend\\node_modules\\@unrs\\resolver-binding-linux-ppc64-gnu'
53 silly reify ]
54 silly reify mark deleted [
54 silly reify   'C:\\proj\\RoomLink\\backend\\node_modules\\@unrs\\resolver-binding-linux-riscv64-gnu'
54 silly reify ]
55 silly reify mark deleted [
55 silly reify   'C:\\proj\\RoomLink\\backend\\node_modules\\@unrs\\resolver-binding-linux-riscv64-musl'
55 silly reify ]
56 silly reify mark deleted [
56 silly reify   'C:\\proj\\RoomLink\\backend\\node_modules\\@unrs\\resolver-binding-linux-s390x-gnu'
56 silly reify ]
57 silly reify mark deleted [
57 silly reify   'C:\\proj\\RoomLink\\backend\\node_modules\\@unrs\\resolver-binding-linux-x64-gnu'
57 silly reify ]
58 silly reify mark deleted [
58 silly reify   'C:\\proj\\RoomLink\\backend\\node_modules\\@unrs\\resolver-binding-linux-x64-musl'
58 silly reify ]
59 silly reify mark deleted [
59 silly reify   'C:\\proj\\RoomLink\\backend\\node_modules\\@unrs\\resolver-binding-wasm32-wasi'
59 silly reify ]
60 silly reify mark deleted [
60 silly reify   'C:\\proj\\RoomLink\\backend\\node_modules\\@unrs\\resolver-binding-win32-arm64-msvc'
60 silly reify ]
61 silly reify mark deleted [
61 silly reify   'C:\\proj\\RoomLink\\backend\\node_modules\\@unrs\\resolver-binding-win32-ia32-msvc'
61 silly reify ]
62 silly reify mark deleted [
62 silly reify   'C:\\proj\\RoomLink\\backend\\node_modules\\@unrs\\resolver-binding-win32-x64-msvc'
62 silly reify ]
63 silly reify mark deleted [ 'C:\\proj\\RoomLink\\backend\\node_modules\\fsevents' ]
64 silly reify mark deleted [
64 silly reify   'C:\\proj\\RoomLink\\backend\\node_modules\\uglify-js',
64 silly reify   'C:\\proj\\RoomLink\\backend\\node_modules\\.bin\\uglifyjs',
64 silly reify   'C:\\proj\\RoomLink\\backend\\node_modules\\.bin\\uglifyjs.cmd',
64 silly reify   'C:\\proj\\RoomLink\\backend\\node_modules\\.bin\\uglifyjs.ps1'
64 silly reify ]
65 silly audit bulk request {
65 silly audit   '@ampproject/remapping': [ '2.3.0' ],
65 silly audit   '@angular-devkit/core': [ '19.2.15' ],
65 silly audit   ajv: [ '8.17.1', '6.12.6' ],
65 silly audit   'json-schema-traverse': [ '1.0.0', '0.4.1' ],
65 silly audit   rxjs: [ '7.8.1', '7.8.2' ],
65 silly audit   '@angular-devkit/schematics': [ '19.2.15' ],
65 silly audit   '@angular-devkit/schematics-cli': [ '19.2.15' ],
65 silly audit   '@inquirer/prompts': [ '7.3.2', '7.8.0' ],
65 silly audit   '@babel/code-frame': [ '7.27.1' ],
65 silly audit   '@babel/compat-data': [ '7.28.0' ],
65 silly audit   '@babel/core': [ '7.28.3' ],
65 silly audit   semver: [ '6.3.1', '7.7.2' ],
65 silly audit   '@babel/generator': [ '7.28.3' ],
65 silly audit   '@babel/helper-compilation-targets': [ '7.27.2' ],
65 silly audit   '@babel/helper-globals': [ '7.28.0' ],
65 silly audit   '@babel/helper-module-imports': [ '7.27.1' ],
65 silly audit   '@babel/helper-module-transforms': [ '7.28.3' ],
65 silly audit   '@babel/helper-plugin-utils': [ '7.27.1' ],
65 silly audit   '@babel/helper-string-parser': [ '7.27.1' ],
65 silly audit   '@babel/helper-validator-identifier': [ '7.27.1' ],
65 silly audit   '@babel/helper-validator-option': [ '7.27.1' ],
65 silly audit   '@babel/helpers': [ '7.28.3' ],
65 silly audit   '@babel/parser': [ '7.28.3' ],
65 silly audit   '@babel/plugin-syntax-async-generators': [ '7.8.4' ],
65 silly audit   '@babel/plugin-syntax-bigint': [ '7.8.3' ],
65 silly audit   '@babel/plugin-syntax-class-properties': [ '7.12.13' ],
65 silly audit   '@babel/plugin-syntax-class-static-block': [ '7.14.5' ],
65 silly audit   '@babel/plugin-syntax-import-attributes': [ '7.27.1' ],
65 silly audit   '@babel/plugin-syntax-import-meta': [ '7.10.4' ],
65 silly audit   '@babel/plugin-syntax-json-strings': [ '7.8.3' ],
65 silly audit   '@babel/plugin-syntax-jsx': [ '7.27.1' ],
65 silly audit   '@babel/plugin-syntax-logical-assignment-operators': [ '7.10.4' ],
65 silly audit   '@babel/plugin-syntax-nullish-coalescing-operator': [ '7.8.3' ],
65 silly audit   '@babel/plugin-syntax-numeric-separator': [ '7.10.4' ],
65 silly audit   '@babel/plugin-syntax-object-rest-spread': [ '7.8.3' ],
65 silly audit   '@babel/plugin-syntax-optional-catch-binding': [ '7.8.3' ],
65 silly audit   '@babel/plugin-syntax-optional-chaining': [ '7.8.3' ],
65 silly audit   '@babel/plugin-syntax-private-property-in-object': [ '7.14.5' ],
65 silly audit   '@babel/plugin-syntax-top-level-await': [ '7.14.5' ],
65 silly audit   '@babel/plugin-syntax-typescript': [ '7.27.1' ],
65 silly audit   '@babel/template': [ '7.27.2' ],
65 silly audit   '@babel/traverse': [ '7.28.3' ],
65 silly audit   '@babel/types': [ '7.28.2' ],
65 silly audit   '@bcoe/v8-coverage': [ '0.2.3' ],
65 silly audit   '@borewit/text-codec': [ '0.1.1' ],
65 silly audit   '@cspotcode/source-map-support': [ '0.8.1' ],
65 silly audit   '@jridgewell/trace-mapping': [ '0.3.9', '0.3.30' ],
65 silly audit   '@eslint-community/eslint-utils': [ '4.7.0' ],
65 silly audit   'eslint-visitor-keys': [ '3.4.3', '4.2.1' ],
65 silly audit   '@eslint-community/regexpp': [ '4.12.1' ],
65 silly audit   '@eslint/config-array': [ '0.21.0' ],
65 silly audit   '@eslint/config-helpers': [ '0.3.1' ],
65 silly audit   '@eslint/core': [ '0.15.2' ],
65 silly audit   '@eslint/eslintrc': [ '3.3.1' ],
65 silly audit   globals: [ '14.0.0', '16.3.0' ],
65 silly audit   '@eslint/js': [ '9.33.0' ],
65 silly audit   '@eslint/object-schema': [ '2.1.6' ],
65 silly audit   '@eslint/plugin-kit': [ '0.3.5' ],
65 silly audit   '@humanfs/core': [ '0.19.1' ],
65 silly audit   '@humanfs/node': [ '0.16.6' ],
65 silly audit   '@humanwhocodes/retry': [ '0.3.1', '0.4.3' ],
65 silly audit   '@humanwhocodes/module-importer': [ '1.0.1' ],
65 silly audit   '@inquirer/checkbox': [ '4.2.1' ],
65 silly audit   '@inquirer/confirm': [ '5.1.15' ],
65 silly audit   '@inquirer/core': [ '10.1.15' ],
65 silly audit   '@inquirer/editor': [ '4.2.17' ],
65 silly audit   '@inquirer/expand': [ '4.0.17' ],
65 silly audit   '@inquirer/external-editor': [ '1.0.1' ],
65 silly audit   '@inquirer/figures': [ '1.0.13' ],
65 silly audit   '@inquirer/input': [ '4.2.1' ],
65 silly audit   '@inquirer/number': [ '3.0.17' ],
65 silly audit   '@inquirer/password': [ '4.0.17' ],
65 silly audit   '@inquirer/rawlist': [ '4.1.5' ],
65 silly audit   '@inquirer/search': [ '3.1.0' ],
65 silly audit   '@inquirer/select': [ '4.3.1' ],
65 silly audit   '@inquirer/type': [ '3.0.8' ],
65 silly audit   '@isaacs/balanced-match': [ '4.0.1' ],
65 silly audit   '@isaacs/brace-expansion': [ '5.0.0' ],
65 silly audit   '@isaacs/cliui': [ '8.0.2' ],
65 silly audit   'ansi-styles': [ '6.2.1', '4.3.0', '5.2.0' ],
65 silly audit   'emoji-regex': [ '9.2.2', '8.0.0' ],
65 silly audit   'string-width': [ '5.1.2', '4.2.3' ],
65 silly audit   'wrap-ansi': [ '8.1.0', '7.0.0', '6.2.0' ],
65 silly audit   '@istanbuljs/load-nyc-config': [ '1.1.0' ],
65 silly audit   argparse: [ '1.0.10', '2.0.1' ],
65 silly audit   'find-up': [ '4.1.0', '5.0.0' ],
65 silly audit   'js-yaml': [ '3.14.1', '4.1.0' ],
65 silly audit   'locate-path': [ '5.0.0', '6.0.0' ],
65 silly audit   'p-limit': [ '2.3.0', '3.1.0' ],
65 silly audit   'p-locate': [ '4.1.0', '5.0.0' ],
65 silly audit   'resolve-from': [ '5.0.0', '4.0.0' ],
65 silly audit   '@istanbuljs/schema': [ '0.1.3' ],
65 silly audit   '@jest/console': [ '30.0.5' ],
65 silly audit   '@jest/core': [ '30.0.5' ],
65 silly audit   '@jest/diff-sequences': [ '30.0.1' ],
65 silly audit   '@jest/environment': [ '30.0.5' ],
65 silly audit   '@jest/expect': [ '30.0.5' ],
65 silly audit   '@jest/expect-utils': [ '30.0.5' ],
65 silly audit   '@jest/fake-timers': [ '30.0.5' ],
65 silly audit   '@jest/get-type': [ '30.0.1' ],
65 silly audit   '@jest/globals': [ '30.0.5' ],
65 silly audit   '@jest/pattern': [ '30.0.1' ],
65 silly audit   '@jest/reporters': [ '30.0.5' ],
65 silly audit   'brace-expansion': [ '2.0.2', '1.1.12' ],
65 silly audit   glob: [ '10.4.5', '11.0.3', '7.2.3' ],
65 silly audit   jackspeak: [ '3.4.3', '4.1.1' ],
65 silly audit   'lru-cache': [ '10.4.3', '5.1.1', '11.1.0' ],
65 silly audit   minimatch: [ '9.0.5', '10.0.3', '3.1.2' ],
65 silly audit   'path-scurry': [ '1.11.1', '2.0.0' ],
65 silly audit   '@jest/schemas': [ '30.0.5' ],
65 silly audit   '@jest/snapshot-utils': [ '30.0.5' ],
65 silly audit   '@jest/source-map': [ '30.0.1' ],
65 silly audit   '@jest/test-result': [ '30.0.5' ],
65 silly audit   '@jest/test-sequencer': [ '30.0.5' ],
65 silly audit   '@jest/transform': [ '30.0.5' ],
65 silly audit   '@jest/types': [ '30.0.5' ],
65 silly audit   '@jridgewell/gen-mapping': [ '0.3.13' ],
65 silly audit   '@jridgewell/resolve-uri': [ '3.1.2' ],
65 silly audit   '@jridgewell/source-map': [ '0.3.11' ],
65 silly audit   '@jridgewell/sourcemap-codec': [ '1.5.5' ],
65 silly audit   '@lukeed/csprng': [ '1.1.0' ],
65 silly audit   'ajv-formats': [ '3.0.1', '2.1.1' ],
65 silly audit   'ajv-keywords': [ '3.5.2', '5.1.0' ],
65 silly audit   'eslint-scope': [ '8.4.0', '5.1.1' ],
65 silly audit   estraverse: [ '5.3.0', '4.3.0' ],
65 silly audit   'mime-db': [ '1.52.0', '1.54.0' ],
65 silly audit   'mime-types': [ '2.1.35', '3.0.1' ],
65 silly audit   'schema-utils': [ '3.3.0', '4.3.2' ],
65 silly audit   typescript: [ '5.9.2', '5.8.3' ],
65 silly audit   webpack: [ '5.101.3', '5.100.2' ],
65 silly audit   '@nestjs/common': [ '11.1.6' ],
65 silly audit   '@nestjs/core': [ '11.1.6' ],
65 silly audit   '@nestjs/platform-express': [ '11.1.6' ],
65 silly audit   '@nestjs/schematics': [ '11.0.7' ],
65 silly audit   '@nestjs/testing': [ '11.1.6' ],
65 silly audit   '@noble/hashes': [ '1.8.0' ],
65 silly audit   '@nodelib/fs.scandir': [ '2.1.5' ],
65 silly audit   '@nodelib/fs.stat': [ '2.0.5' ],
65 silly audit   '@nodelib/fs.walk': [ '1.2.8' ],
65 silly audit   '@nuxt/opencollective': [ '0.4.1' ],
65 silly audit   '@paralleldrive/cuid2': [ '2.2.2' ],
65 silly audit   '@pkgr/core': [ '0.2.9' ],
65 silly audit   '@sinclair/typebox': [ '0.34.40' ],
65 silly audit   '@sinonjs/commons': [ '3.0.1' ],
65 silly audit   '@sinonjs/fake-timers': [ '13.0.5' ],
65 silly audit   '@tokenizer/inflate': [ '0.2.7' ],
65 silly audit   '@tokenizer/token': [ '0.3.0' ],
65 silly audit   '@tsconfig/node10': [ '1.0.11' ],
65 silly audit   '@tsconfig/node12': [ '1.0.11' ],
65 silly audit   '@tsconfig/node14': [ '1.0.3' ],
65 silly audit   '@tsconfig/node16': [ '1.0.4' ],
65 silly audit   '@types/babel__core': [ '7.20.5' ],
65 silly audit   '@types/babel__generator': [ '7.27.0' ],
65 silly audit   '@types/babel__template': [ '7.4.4' ],
65 silly audit   '@types/babel__traverse': [ '7.28.0' ],
65 silly audit   '@types/body-parser': [ '1.19.6' ],
65 silly audit   '@types/connect': [ '3.4.38' ],
65 silly audit   '@types/cookiejar': [ '2.1.5' ],
65 silly audit   '@types/eslint': [ '9.6.1' ],
65 silly audit   '@types/eslint-scope': [ '3.7.7' ],
65 silly audit   '@types/estree': [ '1.0.8' ],
65 silly audit   '@types/express': [ '5.0.3' ],
65 silly audit   '@types/express-serve-static-core': [ '5.0.7' ],
65 silly audit   '@types/http-errors': [ '2.0.5' ],
65 silly audit   '@types/istanbul-lib-coverage': [ '2.0.6' ],
65 silly audit   '@types/istanbul-lib-report': [ '3.0.3' ],
65 silly audit   '@types/istanbul-reports': [ '3.0.4' ],
65 silly audit   '@types/jest': [ '30.0.0' ],
65 silly audit   '@types/json-schema': [ '7.0.15' ],
65 silly audit   '@types/methods': [ '1.1.4' ],
65 silly audit   '@types/mime': [ '1.3.5' ],
65 silly audit   '@types/node': [ '22.17.2' ],
65 silly audit   '@types/qs': [ '6.14.0' ],
65 silly audit   '@types/range-parser': [ '1.2.7' ],
65 silly audit   '@types/send': [ '0.17.5' ],
65 silly audit   '@types/serve-static': [ '1.15.8' ],
65 silly audit   '@types/stack-utils': [ '2.0.3' ],
65 silly audit   '@types/superagent': [ '8.1.9' ],
65 silly audit   '@types/supertest': [ '6.0.3' ],
65 silly audit   '@types/yargs': [ '17.0.33' ],
65 silly audit   '@types/yargs-parser': [ '21.0.3' ],
65 silly audit   '@typescript-eslint/eslint-plugin': [ '8.40.0' ],
65 silly audit   ignore: [ '7.0.5', '5.3.2' ],
65 silly audit   '@typescript-eslint/parser': [ '8.40.0' ],
65 silly audit   '@typescript-eslint/project-service': [ '8.40.0' ],
65 silly audit   '@typescript-eslint/scope-manager': [ '8.40.0' ],
65 silly audit   '@typescript-eslint/tsconfig-utils': [ '8.40.0' ],
65 silly audit   '@typescript-eslint/type-utils': [ '8.40.0' ],
65 silly audit   '@typescript-eslint/types': [ '8.40.0' ],
65 silly audit   '@typescript-eslint/typescript-estree': [ '8.40.0' ],
65 silly audit   '@typescript-eslint/utils': [ '8.40.0' ],
65 silly audit   '@typescript-eslint/visitor-keys': [ '8.40.0' ],
65 silly audit   '@ungap/structured-clone': [ '1.3.0' ],
65 silly audit   '@webassemblyjs/ast': [ '1.14.1' ],
65 silly audit   '@webassemblyjs/floating-point-hex-parser': [ '1.13.2' ],
65 silly audit   '@webassemblyjs/helper-api-error': [ '1.13.2' ],
65 silly audit   '@webassemblyjs/helper-buffer': [ '1.14.1' ],
65 silly audit   '@webassemblyjs/helper-numbers': [ '1.13.2' ],
65 silly audit   '@webassemblyjs/helper-wasm-bytecode': [ '1.13.2' ],
65 silly audit   '@webassemblyjs/helper-wasm-section': [ '1.14.1' ],
65 silly audit   '@webassemblyjs/ieee754': [ '1.13.2' ],
65 silly audit   '@webassemblyjs/leb128': [ '1.13.2' ],
65 silly audit   '@webassemblyjs/utf8': [ '1.13.2' ],
65 silly audit   '@webassemblyjs/wasm-edit': [ '1.14.1' ],
65 silly audit   '@webassemblyjs/wasm-gen': [ '1.14.1' ],
65 silly audit   '@webassemblyjs/wasm-opt': [ '1.14.1' ],
65 silly audit   '@webassemblyjs/wasm-parser': [ '1.14.1' ],
65 silly audit   '@webassemblyjs/wast-printer': [ '1.14.1' ],
65 silly audit   '@xtuc/ieee754': [ '1.2.0' ],
65 silly audit   '@xtuc/long': [ '4.2.2' ],
65 silly audit   accepts: [ '2.0.0' ],
65 silly audit   acorn: [ '8.15.0' ],
65 silly audit   'acorn-import-phases': [ '1.0.4' ],
65 silly audit   'acorn-jsx': [ '5.3.2' ],
65 silly audit   'acorn-walk': [ '8.3.4' ],
65 silly audit   'ansi-colors': [ '4.1.3' ],
65 silly audit   'ansi-escapes': [ '4.3.2' ],
65 silly audit   'ansi-regex': [ '6.2.0', '5.0.1' ],
65 silly audit   ansis: [ '4.1.0' ],
65 silly audit   anymatch: [ '3.1.3' ],
65 silly audit   picomatch: [ '2.3.1', '4.0.2' ],
65 silly audit   'append-field': [ '1.0.0' ],
65 silly audit   arg: [ '4.1.3' ],
65 silly audit   'array-timsort': [ '1.0.3' ],
65 silly audit   asap: [ '2.0.6' ],
65 silly audit   asynckit: [ '0.4.0' ],
65 silly audit   'babel-jest': [ '30.0.5' ],
65 silly audit   'babel-plugin-istanbul': [ '7.0.0' ],
65 silly audit   'babel-plugin-jest-hoist': [ '30.0.1' ],
65 silly audit   'babel-preset-current-node-syntax': [ '1.2.0' ],
65 silly audit   'babel-preset-jest': [ '30.0.1' ],
65 silly audit   'balanced-match': [ '1.0.2' ],
65 silly audit   'base64-js': [ '1.5.1' ],
65 silly audit   bl: [ '4.1.0' ],
65 silly audit   'body-parser': [ '2.2.0' ],
65 silly audit   braces: [ '3.0.3' ],
65 silly audit   browserslist: [ '4.25.3' ],
65 silly audit   'bs-logger': [ '0.2.6' ],
65 silly audit   bser: [ '2.1.1' ],
65 silly audit   buffer: [ '5.7.1' ],
65 silly audit   'buffer-from': [ '1.1.2' ],
65 silly audit   busboy: [ '1.6.0' ],
65 silly audit   bytes: [ '3.1.2' ],
65 silly audit   'call-bind-apply-helpers': [ '1.0.2' ],
65 silly audit   'call-bound': [ '1.0.4' ],
65 silly audit   callsites: [ '3.1.0' ],
65 silly audit   camelcase: [ '5.3.1', '6.3.0' ],
65 silly audit   'caniuse-lite': [ '1.0.30001735' ],
65 silly audit   chalk: [ '4.1.2' ],
65 silly audit   'char-regex': [ '1.0.2' ],
65 silly audit   chardet: [ '2.1.0' ],
65 silly audit   chokidar: [ '4.0.3' ],
65 silly audit   'chrome-trace-event': [ '1.0.4' ],
65 silly audit   'ci-info': [ '4.3.0' ],
65 silly audit   'cjs-module-lexer': [ '2.1.0' ],
65 silly audit   'cli-cursor': [ '3.1.0' ],
65 silly audit   'cli-spinners': [ '2.9.2' ],
65 silly audit   'cli-table3': [ '0.6.5' ],
65 silly audit   'cli-width': [ '4.1.0' ],
65 silly audit   cliui: [ '8.0.1' ],
65 silly audit   'strip-ansi': [ '6.0.1', '7.1.0' ],
65 silly audit   clone: [ '1.0.4' ],
65 silly audit   co: [ '4.6.0' ],
65 silly audit   'collect-v8-coverage': [ '1.0.2' ],
65 silly audit   'color-convert': [ '2.0.1' ],
65 silly audit   'color-name': [ '1.1.4' ],
65 silly audit   'combined-stream': [ '1.0.8' ],
65 silly audit   commander: [ '4.1.1', '2.20.3' ],
65 silly audit   'comment-json': [ '4.2.5' ],
65 silly audit   'component-emitter': [ '1.3.1' ],
65 silly audit   'concat-map': [ '0.0.1' ],
65 silly audit   'concat-stream': [ '2.0.0' ],
65 silly audit   consola: [ '3.4.2' ],
65 silly audit   'content-disposition': [ '1.0.0' ],
65 silly audit   'content-type': [ '1.0.5' ],
65 silly audit   'convert-source-map': [ '2.0.0' ],
65 silly audit   cookie: [ '0.7.2' ],
65 silly audit   'cookie-signature': [ '1.2.2' ],
65 silly audit   cookiejar: [ '2.1.4' ],
65 silly audit   'core-util-is': [ '1.0.3' ],
65 silly audit   cors: [ '2.8.5' ],
65 silly audit   cosmiconfig: [ '8.3.6' ],
65 silly audit   'create-require': [ '1.1.1' ],
65 silly audit   'cross-spawn': [ '7.0.6' ],
65 silly audit   debug: [ '4.4.1' ],
65 silly audit   dedent: [ '1.6.0' ],
65 silly audit   'deep-is': [ '0.1.4' ],
65 silly audit   deepmerge: [ '4.3.1' ],
65 silly audit   defaults: [ '1.0.4' ],
65 silly audit   'delayed-stream': [ '1.0.0' ],
65 silly audit   depd: [ '2.0.0' ],
65 silly audit   'detect-newline': [ '3.1.0' ],
65 silly audit   dezalgo: [ '1.0.4' ],
65 silly audit   diff: [ '4.0.2' ],
65 silly audit   'dunder-proto': [ '1.0.1' ],
65 silly audit   eastasianwidth: [ '0.2.0' ],
65 silly audit   'ee-first': [ '1.1.1' ],
65 silly audit   'electron-to-chromium': [ '1.5.207' ],
65 silly audit   emittery: [ '0.13.1' ],
65 silly audit   encodeurl: [ '2.0.0' ],
65 silly audit   'enhanced-resolve': [ '5.18.3' ],
65 silly audit   'error-ex': [ '1.3.2' ],
65 silly audit   'es-define-property': [ '1.0.1' ],
65 silly audit   'es-errors': [ '1.3.0' ],
65 silly audit   'es-module-lexer': [ '1.7.0' ],
65 silly audit   'es-object-atoms': [ '1.1.1' ],
65 silly audit   'es-set-tostringtag': [ '2.1.0' ],
65 silly audit   escalade: [ '3.2.0' ],
65 silly audit   'escape-html': [ '1.0.3' ],
65 silly audit   'escape-string-regexp': [ '4.0.0', '2.0.0' ],
65 silly audit   eslint: [ '9.33.0' ],
65 silly audit   'eslint-config-prettier': [ '10.1.8' ],
65 silly audit   'eslint-plugin-prettier': [ '5.5.4' ],
65 silly audit   espree: [ '10.4.0' ],
65 silly audit   esprima: [ '4.0.1' ],
65 silly audit   esquery: [ '1.6.0' ],
65 silly audit   esrecurse: [ '4.3.0' ],
65 silly audit   esutils: [ '2.0.3' ],
65 silly audit   etag: [ '1.8.1' ],
65 silly audit   events: [ '3.3.0' ],
65 silly audit   execa: [ '5.1.1' ],
65 silly audit   'signal-exit': [ '3.0.7', '4.1.0' ],
65 silly audit   'exit-x': [ '0.2.2' ],
65 silly audit   expect: [ '30.0.5' ],
65 silly audit   express: [ '5.1.0' ],
65 silly audit   'fast-deep-equal': [ '3.1.3' ],
65 silly audit   'fast-diff': [ '1.3.0' ],
65 silly audit   'fast-glob': [ '3.3.3' ],
65 silly audit   'glob-parent': [ '5.1.2', '6.0.2' ],
65 silly audit   'fast-json-stable-stringify': [ '2.1.0' ],
65 silly audit   'fast-levenshtein': [ '2.0.6' ],
65 silly audit   'fast-safe-stringify': [ '2.1.1' ],
65 silly audit   'fast-uri': [ '3.0.6' ],
65 silly audit   fastq: [ '1.19.1' ],
65 silly audit   'fb-watchman': [ '2.0.2' ],
65 silly audit   fflate: [ '0.8.2' ],
65 silly audit   'file-entry-cache': [ '8.0.0' ],
65 silly audit   'file-type': [ '21.0.0' ],
65 silly audit   'fill-range': [ '7.1.1' ],
65 silly audit   finalhandler: [ '2.1.0' ],
65 silly audit   'flat-cache': [ '4.0.1' ],
65 silly audit   flatted: [ '3.3.3' ],
65 silly audit   'foreground-child': [ '3.3.1' ],
65 silly audit   'fork-ts-checker-webpack-plugin': [ '9.1.0' ],
65 silly audit   'form-data': [ '4.0.4' ],
65 silly audit   formidable: [ '3.5.4' ],
65 silly audit   forwarded: [ '0.2.0' ],
65 silly audit   fresh: [ '2.0.0' ],
65 silly audit   'fs-extra': [ '10.1.0' ],
65 silly audit   'fs-monkey': [ '1.1.0' ],
65 silly audit   'fs.realpath': [ '1.0.0' ],
65 silly audit   'function-bind': [ '1.1.2' ],
65 silly audit   gensync: [ '1.0.0-beta.2' ],
65 silly audit   'get-caller-file': [ '2.0.5' ],
65 silly audit   'get-intrinsic': [ '1.3.0' ],
65 silly audit   'get-package-type': [ '0.1.0' ],
65 silly audit   'get-proto': [ '1.0.1' ],
65 silly audit   'get-stream': [ '6.0.1' ],
65 silly audit   'glob-to-regexp': [ '0.4.1' ],
65 silly audit   gopd: [ '1.2.0' ],
65 silly audit   'graceful-fs': [ '4.2.11' ],
65 silly audit   graphemer: [ '1.4.0' ],
65 silly audit   handlebars: [ '4.7.8' ],
65 silly audit   'source-map': [ '0.6.1', '0.7.4' ],
65 silly audit   'has-flag': [ '4.0.0' ],
65 silly audit   'has-own-prop': [ '2.0.0' ],
65 silly audit   'has-symbols': [ '1.1.0' ],
65 silly audit   'has-tostringtag': [ '1.0.2' ],
65 silly audit   hasown: [ '2.0.2' ],
65 silly audit   'html-escaper': [ '2.0.2' ],
65 silly audit   'http-errors': [ '2.0.0' ],
65 silly audit   statuses: [ '2.0.1', '2.0.2' ],
65 silly audit   'human-signals': [ '2.1.0' ],
65 silly audit   'iconv-lite': [ '0.6.3' ],
65 silly audit   ieee754: [ '1.2.1' ],
65 silly audit   'import-fresh': [ '3.3.1' ],
65 silly audit   'import-local': [ '3.2.0' ],
65 silly audit   imurmurhash: [ '0.1.4' ],
65 silly audit   inflight: [ '1.0.6' ],
65 silly audit   inherits: [ '2.0.4' ],
65 silly audit   'ipaddr.js': [ '1.9.1' ],
65 silly audit   'is-arrayish': [ '0.2.1' ],
65 silly audit   'is-extglob': [ '2.1.1' ],
65 silly audit   'is-fullwidth-code-point': [ '3.0.0' ],
65 silly audit   'is-generator-fn': [ '2.1.0' ],
65 silly audit   'is-glob': [ '4.0.3' ],
65 silly audit   'is-interactive': [ '1.0.0' ],
65 silly audit   'is-number': [ '7.0.0' ],
65 silly audit   'is-promise': [ '4.0.0' ],
65 silly audit   'is-stream': [ '2.0.1' ],
65 silly audit   'is-unicode-supported': [ '0.1.0' ],
65 silly audit   isexe: [ '2.0.0' ],
65 silly audit   'istanbul-lib-coverage': [ '3.2.2' ],
65 silly audit   'istanbul-lib-instrument': [ '6.0.3' ],
65 silly audit   'istanbul-lib-report': [ '3.0.1' ],
65 silly audit   'istanbul-lib-source-maps': [ '5.0.6' ],
65 silly audit   'istanbul-reports': [ '3.2.0' ],
65 silly audit   iterare: [ '1.2.1' ],
65 silly audit   jest: [ '30.0.5' ],
65 silly audit   'jest-changed-files': [ '30.0.5' ],
65 silly audit   'jest-circus': [ '30.0.5' ],
65 silly audit   'jest-cli': [ '30.0.5' ],
65 silly audit   'jest-config': [ '30.0.5' ],
65 silly audit   'jest-diff': [ '30.0.5' ],
65 silly audit   'jest-docblock': [ '30.0.1' ],
65 silly audit   'jest-each': [ '30.0.5' ],
65 silly audit   'jest-environment-node': [ '30.0.5' ],
65 silly audit   'jest-haste-map': [ '30.0.5' ],
65 silly audit   'jest-leak-detector': [ '30.0.5' ],
65 silly audit   'jest-matcher-utils': [ '30.0.5' ],
65 silly audit   'jest-message-util': [ '30.0.5' ],
65 silly audit   'jest-mock': [ '30.0.5' ],
65 silly audit   'jest-pnp-resolver': [ '1.2.3' ],
65 silly audit   'jest-regex-util': [ '30.0.1' ],
65 silly audit   'jest-resolve': [ '30.0.5' ],
65 silly audit   'jest-resolve-dependencies': [ '30.0.5' ],
65 silly audit   'jest-runner': [ '30.0.5' ],
65 silly audit   'source-map-support': [ '0.5.13', '0.5.21' ],
65 silly audit   'jest-runtime': [ '30.0.5' ],
65 silly audit   'jest-snapshot': [ '30.0.5' ],
65 silly audit   'jest-util': [ '30.0.5' ],
65 silly audit   'jest-validate': [ '30.0.5' ],
65 silly audit   'jest-watcher': [ '30.0.5' ],
65 silly audit   'jest-worker': [ '30.0.5', '27.5.1' ],
65 silly audit   'supports-color': [ '8.1.1', '7.2.0' ],
65 silly audit   'js-tokens': [ '4.0.0' ],
65 silly audit   jsesc: [ '3.1.0' ],
65 silly audit   'json-buffer': [ '3.0.1' ],
65 silly audit   'json-parse-even-better-errors': [ '2.3.1' ],
65 silly audit   'json-stable-stringify-without-jsonify': [ '1.0.1' ],
65 silly audit   json5: [ '2.2.3' ],
65 silly audit   'jsonc-parser': [ '3.3.1' ],
65 silly audit   jsonfile: [ '6.2.0' ],
65 silly audit   keyv: [ '4.5.4' ],
65 silly audit   leven: [ '3.1.0' ],
65 silly audit   levn: [ '0.4.1' ],
65 silly audit   'lines-and-columns': [ '1.2.4' ],
65 silly audit   'load-esm': [ '1.0.2' ],
65 silly audit   'loader-runner': [ '4.3.0' ],
65 silly audit   lodash: [ '4.17.21' ],
65 silly audit   'lodash.memoize': [ '4.1.2' ],
65 silly audit   'lodash.merge': [ '4.6.2' ],
65 silly audit   'log-symbols': [ '4.1.0' ],
65 silly audit   'magic-string': [ '0.30.17' ],
65 silly audit   'make-dir': [ '4.0.0' ],
65 silly audit   'make-error': [ '1.3.6' ],
65 silly audit   makeerror: [ '1.0.12' ],
65 silly audit   'math-intrinsics': [ '1.1.0' ],
65 silly audit   'media-typer': [ '1.1.0', '0.3.0' ],
65 silly audit   memfs: [ '3.5.3' ],
65 silly audit   'merge-descriptors': [ '2.0.0' ],
65 silly audit   'merge-stream': [ '2.0.0' ],
65 silly audit   merge2: [ '1.4.1' ],
65 silly audit   methods: [ '1.1.2' ],
65 silly audit   micromatch: [ '4.0.8' ],
65 silly audit   mime: [ '2.6.0' ],
65 silly audit   'mimic-fn': [ '2.1.0' ],
65 silly audit   minimist: [ '1.2.8' ],
65 silly audit   minipass: [ '7.1.2' ],
65 silly audit   mkdirp: [ '0.5.6' ],
65 silly audit   ms: [ '2.1.3' ],
65 silly audit   multer: [ '2.0.2' ],
65 silly audit   'type-is': [ '1.6.18', '2.0.1' ],
65 silly audit   'mute-stream': [ '2.0.0' ],
65 silly audit   'napi-postinstall': [ '0.3.3' ],
65 silly audit   'natural-compare': [ '1.4.0' ],
65 silly audit   negotiator: [ '1.0.0' ],
65 silly audit   'neo-async': [ '2.6.2' ],
65 silly audit   'node-abort-controller': [ '3.1.1' ],
65 silly audit   'node-emoji': [ '1.11.0' ],
65 silly audit   'node-int64': [ '0.4.0' ],
65 silly audit   'node-releases': [ '2.0.19' ],
65 silly audit   'normalize-path': [ '3.0.0' ],
65 silly audit   'npm-run-path': [ '4.0.1' ],
65 silly audit   'object-assign': [ '4.1.1' ],
65 silly audit   'object-inspect': [ '1.13.4' ],
65 silly audit   'on-finished': [ '2.4.1' ],
65 silly audit   once: [ '1.4.0' ],
65 silly audit   onetime: [ '5.1.2' ],
65 silly audit   optionator: [ '0.9.4' ],
65 silly audit   ora: [ '5.4.1' ],
65 silly audit   'p-try': [ '2.2.0' ],
65 silly audit   'package-json-from-dist': [ '1.0.1' ],
65 silly audit   'parent-module': [ '1.0.1' ],
65 silly audit   'parse-json': [ '5.2.0' ],
65 silly audit   parseurl: [ '1.3.3' ],
65 silly audit   'path-exists': [ '4.0.0' ],
65 silly audit   'path-is-absolute': [ '1.0.1' ],
65 silly audit   'path-key': [ '3.1.1' ],
65 silly audit   'path-to-regexp': [ '8.2.0' ],
65 silly audit   'path-type': [ '4.0.0' ],
65 silly audit   picocolors: [ '1.1.1' ],
65 silly audit   pirates: [ '4.0.7' ],
65 silly audit   'pkg-dir': [ '4.2.0' ],
65 silly audit   pluralize: [ '8.0.0' ],
65 silly audit   'prelude-ls': [ '1.2.1' ],
65 silly audit   prettier: [ '3.6.2' ],
65 silly audit   'prettier-linter-helpers': [ '1.0.0' ],
65 silly audit   'pretty-format': [ '30.0.5' ],
65 silly audit   'proxy-addr': [ '2.0.7' ],
65 silly audit   punycode: [ '2.3.1' ],
65 silly audit   'pure-rand': [ '7.0.1' ],
65 silly audit   qs: [ '6.14.0' ],
65 silly audit   'queue-microtask': [ '1.2.3' ],
65 silly audit   randombytes: [ '2.1.0' ],
65 silly audit   'range-parser': [ '1.2.1' ],
65 silly audit   'raw-body': [ '3.0.0' ],
65 silly audit   'react-is': [ '18.3.1' ],
65 silly audit   'readable-stream': [ '3.6.2' ],
65 silly audit   readdirp: [ '4.1.2' ],
65 silly audit   'reflect-metadata': [ '0.2.2' ],
65 silly audit   'repeat-string': [ '1.6.1' ],
65 silly audit   'require-directory': [ '2.1.1' ],
65 silly audit   'require-from-string': [ '2.0.2' ],
65 silly audit   'resolve-cwd': [ '3.0.0' ],
65 silly audit   'restore-cursor': [ '3.1.0' ],
65 silly audit   reusify: [ '1.1.0' ],
65 silly audit   router: [ '2.2.0' ],
65 silly audit   'run-parallel': [ '1.2.0' ],
65 silly audit   'safe-buffer': [ '5.2.1' ],
65 silly audit   'safer-buffer': [ '2.1.2' ],
65 silly audit   send: [ '1.2.0' ],
65 silly audit   'serialize-javascript': [ '6.0.2' ],
65 silly audit   'serve-static': [ '2.2.0' ],
65 silly audit   setprototypeof: [ '1.2.0' ],
65 silly audit   'shebang-command': [ '2.0.0' ],
65 silly audit   'shebang-regex': [ '3.0.0' ],
65 silly audit   'side-channel': [ '1.1.0' ],
65 silly audit   'side-channel-list': [ '1.0.0' ],
65 silly audit   'side-channel-map': [ '1.0.1' ],
65 silly audit   'side-channel-weakmap': [ '1.0.2' ],
65 silly audit   slash: [ '3.0.0' ],
65 silly audit   'sprintf-js': [ '1.0.3' ],
65 silly audit   'stack-utils': [ '2.0.6' ],
65 silly audit   streamsearch: [ '1.1.0' ],
65 silly audit   string_decoder: [ '1.3.0' ],
65 silly audit   'string-length': [ '4.0.2' ],
65 silly audit   'strip-bom': [ '4.0.0', '3.0.0' ],
65 silly audit   'strip-final-newline': [ '2.0.0' ],
65 silly audit   'strip-json-comments': [ '3.1.1' ],
65 silly audit   strtok3: [ '10.3.4' ],
65 silly audit   superagent: [ '10.2.3' ],
65 silly audit   supertest: [ '7.1.4' ],
65 silly audit   'symbol-observable': [ '4.0.0' ],
65 silly audit   synckit: [ '0.11.11' ],
65 silly audit   tapable: [ '2.2.2' ],
65 silly audit   terser: [ '5.43.1' ],
65 silly audit   'terser-webpack-plugin': [ '5.3.14' ],
65 silly audit   'test-exclude': [ '6.0.0' ],
65 silly audit   tmpl: [ '1.0.5' ],
65 silly audit   'to-regex-range': [ '5.0.1' ],
65 silly audit   toidentifier: [ '1.0.1' ],
65 silly audit   'token-types': [ '6.1.1' ],
65 silly audit   'tree-kill': [ '1.2.2' ],
65 silly audit   'ts-api-utils': [ '2.1.0' ],
65 silly audit   'ts-jest': [ '29.4.1' ],
65 silly audit   'type-fest': [ '4.41.0', '0.21.3' ],
65 silly audit   'ts-loader': [ '9.5.2' ],
65 silly audit   'ts-node': [ '10.9.2' ],
65 silly audit   'tsconfig-paths': [ '4.2.0' ],
65 silly audit   'tsconfig-paths-webpack-plugin': [ '4.2.0' ],
65 silly audit   tslib: [ '2.8.1' ],
65 silly audit   'type-check': [ '0.4.0' ],
65 silly audit   'type-detect': [ '4.0.8' ],
65 silly audit   typedarray: [ '0.0.6' ],
65 silly audit   'typescript-eslint': [ '8.40.0' ],
65 silly audit   uid: [ '2.0.2' ],
65 silly audit   'uint8array-extras': [ '1.4.1' ],
65 silly audit   'undici-types': [ '6.21.0' ],
65 silly audit   universalify: [ '2.0.1' ],
65 silly audit   unpipe: [ '1.0.0' ],
65 silly audit   'unrs-resolver': [ '1.11.1' ],
65 silly audit   'update-browserslist-db': [ '1.1.3' ],
65 silly audit   'uri-js': [ '4.4.1' ],
65 silly audit   'util-deprecate': [ '1.0.2' ],
65 silly audit   'v8-compile-cache-lib': [ '3.0.1' ],
65 silly audit   'v8-to-istanbul': [ '9.3.0' ],
65 silly audit   vary: [ '1.1.2' ],
65 silly audit   walker: [ '1.0.8' ],
65 silly audit   watchpack: [ '2.4.4' ],
65 silly audit   wcwidth: [ '1.0.1' ],
65 silly audit   'webpack-node-externals': [ '3.0.0' ],
65 silly audit   'webpack-sources': [ '3.3.3' ],
65 silly audit   which: [ '2.0.2' ],
65 silly audit   'word-wrap': [ '1.2.5' ],
65 silly audit   wordwrap: [ '1.0.0' ],
65 silly audit   wrappy: [ '1.0.2' ],
65 silly audit   'write-file-atomic': [ '5.0.1' ],
65 silly audit   xtend: [ '4.0.2' ],
65 silly audit   y18n: [ '5.0.8' ],
65 silly audit   yallist: [ '3.1.1' ],
65 silly audit   yargs: [ '17.7.2' ],
65 silly audit   'yargs-parser': [ '21.1.1' ],
65 silly audit   yn: [ '3.1.1' ],
65 silly audit   'yocto-queue': [ '0.1.0' ],
65 silly audit   'yoctocolors-cjs': [ '2.1.2' ],
65 silly audit   '@nestjs/cli': [ '11.0.10' ]
65 silly audit }
66 http fetch POST 200 https://registry.npmjs.org/-/npm/v1/security/advisories/bulk 361ms
67 silly audit report {}
68 silly ADD
69 silly ADD
70 silly ADD
71 silly ADD
72 silly ADD
73 silly ADD
74 silly ADD
75 silly ADD
76 silly ADD
77 silly ADD
78 silly ADD
79 silly ADD
80 silly ADD
81 silly ADD
82 silly ADD
83 silly ADD
84 silly ADD
85 silly ADD
86 silly ADD
87 silly ADD
88 silly ADD
89 silly ADD
90 silly ADD
91 silly ADD
92 silly ADD
93 silly ADD
94 silly ADD
95 silly ADD
96 verbose cwd C:\proj\RoomLink\backend
97 verbose os Windows_NT 10.0.26100
98 verbose node v20.17.0
99 verbose npm  v10.8.2
100 verbose exit 0
101 info ok
